{
  "stats": {
    "suites": 12,
    "tests": 19,
    "passes": 19,
    "pending": 0,
    "failures": 0,
    "start": "2025-06-18T19:43:30.131Z",
    "end": "2025-06-18T19:43:30.162Z",
    "duration": 31,
    "testsRegistered": 19,
    "passPercent": 100,
    "pendingPercent": 0,
    "other": 0,
    "hasOther": false,
    "skipped": 0,
    "hasSkipped": false
  },
  "results": [
    {
      "uuid": "72079b35-ad93-4edd-a324-12f58a92b536",
      "title": "",
      "fullFile": "",
      "file": "",
      "beforeHooks": [],
      "afterHooks": [],
      "tests": [],
      "suites": [
        {
          "uuid": "d1435346-391e-4c45-8c8a-85eda1b90ca7",
          "title": "Cache",
          "fullFile": "/home/runner/work/vestaboard2mqtt/vestaboard2mqtt/test/lib/cache.ts",
          "file": "/test/lib/cache.ts",
          "beforeHooks": [],
          "afterHooks": [],
          "tests": [],
          "suites": [
            {
              "uuid": "0a5229fd-2204-44f0-a5fb-fde5ec7e2d7b",
              "title": "set() / get() / delete()",
              "fullFile": "/home/runner/work/vestaboard2mqtt/vestaboard2mqtt/test/lib/cache.ts",
              "file": "/test/lib/cache.ts",
              "beforeHooks": [],
              "afterHooks": [],
              "tests": [
                {
                  "title": "should work",
                  "fullTitle": "Cache set() / get() / delete() should work",
                  "timedOut": false,
                  "duration": 2,
                  "state": "passed",
                  "speed": "fast",
                  "pass": true,
                  "fail": false,
                  "pending": false,
                  "context": null,
                  "code": "const cache=new Cache(\"tests\");assert.strictEqual(await cache.get(\"test\"),null);await cache.set(\"test\",\"foo\");assert.strictEqual(await cache.get(\"test\"),\"foo\");await cache.delete(\"test\")",
                  "err": {},
                  "uuid": "6cc7b3fa-5b94-47aa-bebe-78820364c535",
                  "parentUUID": "0a5229fd-2204-44f0-a5fb-fde5ec7e2d7b",
                  "isHook": false,
                  "skipped": false
                }
              ],
              "suites": [],
              "passes": [
                "6cc7b3fa-5b94-47aa-bebe-78820364c535"
              ],
              "failures": [],
              "pending": [],
              "skipped": [],
              "duration": 2,
              "root": false,
              "rootEmpty": false,
              "_timeout": 2000
            }
          ],
          "passes": [],
          "failures": [],
          "pending": [],
          "skipped": [],
          "duration": 0,
          "root": false,
          "rootEmpty": false,
          "_timeout": 2000
        },
        {
          "uuid": "32e6fcc2-44c4-4cb3-9517-998b86253d83",
          "title": "Calendar",
          "fullFile": "/home/runner/work/vestaboard2mqtt/vestaboard2mqtt/test/lib/calendar.ts",
          "file": "/test/lib/calendar.ts",
          "beforeHooks": [],
          "afterHooks": [],
          "tests": [],
          "suites": [
            {
              "uuid": "dfa837e1-061e-436d-b403-456d0812270a",
              "title": "isSameDay()",
              "fullFile": "/home/runner/work/vestaboard2mqtt/vestaboard2mqtt/test/lib/calendar.ts",
              "file": "/test/lib/calendar.ts",
              "beforeHooks": [],
              "afterHooks": [],
              "tests": [
                {
                  "title": "should work (1)",
                  "fullTitle": "Calendar isSameDay() should work (1)",
                  "timedOut": false,
                  "duration": 0,
                  "state": "passed",
                  "speed": "fast",
                  "pass": true,
                  "fail": false,
                  "pending": false,
                  "context": null,
                  "code": "const a=new Date;const b=new Date;assert.equal(CalendarPage.isSameDay(a,b),true)",
                  "err": {},
                  "uuid": "1d67e80f-003d-47ca-895c-548981273745",
                  "parentUUID": "dfa837e1-061e-436d-b403-456d0812270a",
                  "isHook": false,
                  "skipped": false
                },
                {
                  "title": "should work (2)",
                  "fullTitle": "Calendar isSameDay() should work (2)",
                  "timedOut": false,
                  "duration": 0,
                  "state": "passed",
                  "speed": "fast",
                  "pass": true,
                  "fail": false,
                  "pending": false,
                  "context": null,
                  "code": "const a=new Date(\"2022-01-10T10:35:00.000Z\");const b=new Date(\"2022-02-10T10:35:00.000Z\");assert.equal(CalendarPage.isSameDay(a,b),false)",
                  "err": {},
                  "uuid": "7c1fff2b-ab20-45dd-a85c-42ab8f3f82af",
                  "parentUUID": "dfa837e1-061e-436d-b403-456d0812270a",
                  "isHook": false,
                  "skipped": false
                }
              ],
              "suites": [],
              "passes": [
                "1d67e80f-003d-47ca-895c-548981273745",
                "7c1fff2b-ab20-45dd-a85c-42ab8f3f82af"
              ],
              "failures": [],
              "pending": [],
              "skipped": [],
              "duration": 0,
              "root": false,
              "rootEmpty": false,
              "_timeout": 2000
            }
          ],
          "passes": [],
          "failures": [],
          "pending": [],
          "skipped": [],
          "duration": 0,
          "root": false,
          "rootEmpty": false,
          "_timeout": 2000
        },
        {
          "uuid": "d04b8ecd-4802-4b11-86f8-e96f8ba612c6",
          "title": "Message",
          "fullFile": "/home/runner/work/vestaboard2mqtt/vestaboard2mqtt/test/lib/message.ts",
          "file": "/test/lib/message.ts",
          "beforeHooks": [],
          "afterHooks": [],
          "tests": [],
          "suites": [
            {
              "uuid": "0c15dcf6-783c-4823-811c-52b8277ffd5b",
              "title": "write()",
              "fullFile": "/home/runner/work/vestaboard2mqtt/vestaboard2mqtt/test/lib/message.ts",
              "file": "/test/lib/message.ts",
              "beforeHooks": [],
              "afterHooks": [],
              "tests": [
                {
                  "title": "should start writing from top/left",
                  "fullTitle": "Message write() should start writing from top/left",
                  "timedOut": false,
                  "duration": 4,
                  "state": "passed",
                  "speed": "fast",
                  "pass": true,
                  "fail": false,
                  "pending": false,
                  "context": null,
                  "code": "const msg=new Message;msg.write(\"Hello World\");assert.strictEqual(msg.toString(),\"#==============================================#\\n# H E L L O   W O R L D                        #\\n#                                              #\\n#                                              #\\n#                                              #\\n#                                              #\\n#                                              #\\n#==============================================#\\n\")",
                  "err": {},
                  "uuid": "6b64ea7c-b675-479f-a069-1291223d1971",
                  "parentUUID": "0c15dcf6-783c-4823-811c-52b8277ffd5b",
                  "isHook": false,
                  "skipped": false
                },
                {
                  "title": "should accept line & row for positioning",
                  "fullTitle": "Message write() should accept line & row for positioning",
                  "timedOut": false,
                  "duration": 2,
                  "state": "passed",
                  "speed": "fast",
                  "pass": true,
                  "fail": false,
                  "pending": false,
                  "context": null,
                  "code": "const msg=new Message;msg.write(\"Hello World\",{line:2,row:5});assert.strictEqual(msg.toString(),\"#==============================================#\\n#                                              #\\n#                                              #\\n#           H E L L O   W O R L D              #\\n#                                              #\\n#                                              #\\n#                                              #\\n#==============================================#\\n\")",
                  "err": {},
                  "uuid": "0e24ed9b-11c0-46c4-ae12-8c5bf28f1461",
                  "parentUUID": "0c15dcf6-783c-4823-811c-52b8277ffd5b",
                  "isHook": false,
                  "skipped": false
                },
                {
                  "title": "should add another line if text is too long",
                  "fullTitle": "Message write() should add another line if text is too long",
                  "timedOut": false,
                  "duration": 2,
                  "state": "passed",
                  "speed": "fast",
                  "pass": true,
                  "fail": false,
                  "pending": false,
                  "context": null,
                  "code": "const msg=new Message;msg.write(\"Lorem ipsum dolor sit amet, consetetur sadipscing elitr, sed diam nonumy eirmod tempor invidunt\");assert.strictEqual(msg.toString(),\"#==============================================#\\n# L O R E M   I P S U M   D O L O R   S I T    #\\n# A M E T ,   C O N S E T E T U R              #\\n# S A D I P S C I N G   E L I T R ,   S E D    #\\n# D I A M   N O N U M Y   E I R M O D          #\\n# T E M P O R   I N V I D U N T                #\\n#                                              #\\n#==============================================#\\n\")",
                  "err": {},
                  "uuid": "992d02f3-a438-4fef-980b-5992f81c8bb0",
                  "parentUUID": "0c15dcf6-783c-4823-811c-52b8277ffd5b",
                  "isHook": false,
                  "skipped": false
                },
                {
                  "title": "should work with words > board length",
                  "fullTitle": "Message write() should work with words > board length",
                  "timedOut": false,
                  "duration": 1,
                  "state": "passed",
                  "speed": "fast",
                  "pass": true,
                  "fail": false,
                  "pending": false,
                  "context": null,
                  "code": "const msg=new Message;msg.write(\"Lorem-ipsum-dolor-sit-amet\");assert.strictEqual(msg.toString(),\"#==============================================#\\n# L O R E M - I P S U M - D O L O R - S I T -  #\\n#                                              #\\n#                                              #\\n#                                              #\\n#                                              #\\n#                                              #\\n#==============================================#\\n\")",
                  "err": {},
                  "uuid": "a5abd9c1-6458-4fbc-b821-b00f940f7034",
                  "parentUUID": "0c15dcf6-783c-4823-811c-52b8277ffd5b",
                  "isHook": false,
                  "skipped": false
                },
                {
                  "title": "should allow to use CURRENT and NEXT line flags",
                  "fullTitle": "Message write() should allow to use CURRENT and NEXT line flags",
                  "timedOut": false,
                  "duration": 1,
                  "state": "passed",
                  "speed": "fast",
                  "pass": true,
                  "fail": false,
                  "pending": false,
                  "context": null,
                  "code": "const msg=new Message;msg.write(\"13:00\",{line:MessageWriteOptionsLine.CURRENT});msg.write(\"Daily\",{line:MessageWriteOptionsLine.CURRENT,row:6});msg.write(\"\",{line:MessageWriteOptionsLine.NEXT});msg.write(\"18:00\",{line:MessageWriteOptionsLine.NEXT});msg.write(\"Fischst\\xE4bchen, Spinat & Ei\",{line:MessageWriteOptionsLine.CURRENT,row:6});msg.write(\"\",{line:MessageWriteOptionsLine.NEXT});msg.write(\"20:00\",{line:MessageWriteOptionsLine.NEXT});msg.write(\"Sandm\\xE4nnchen\",{line:MessageWriteOptionsLine.CURRENT,row:6});assert.strictEqual(msg.toString(),\"#==============================================#\\n# 1 3 : 0 0   D A I L Y                        #\\n#                                              #\\n# 1 8 : 0 0   F I S C H S T A E B C H E N ,    #\\n#             S P I N A T   &   E I            #\\n#                                              #\\n# 2 0 : 0 0   S A N D M A E N N C H E N        #\\n#==============================================#\\n\")",
                  "err": {},
                  "uuid": "073ea271-4f44-4d6e-9bb2-abe3424eb061",
                  "parentUUID": "0c15dcf6-783c-4823-811c-52b8277ffd5b",
                  "isHook": false,
                  "skipped": false
                },
                {
                  "title": "should remove unsupported words",
                  "fullTitle": "Message write() should remove unsupported words",
                  "timedOut": false,
                  "duration": 1,
                  "state": "passed",
                  "speed": "fast",
                  "pass": true,
                  "fail": false,
                  "pending": false,
                  "context": null,
                  "code": "const msg=new Message;msg.write(\"\\u{1F4AA}\\u{1F3FC} Gym\");assert.strictEqual(msg.toString(),\"#==============================================#\\n# G Y M                                        #\\n#                                              #\\n#                                              #\\n#                                              #\\n#                                              #\\n#                                              #\\n#==============================================#\\n\")",
                  "err": {},
                  "uuid": "2affecbe-e030-4516-83f6-bf0d224ffb25",
                  "parentUUID": "0c15dcf6-783c-4823-811c-52b8277ffd5b",
                  "isHook": false,
                  "skipped": false
                }
              ],
              "suites": [],
              "passes": [
                "6b64ea7c-b675-479f-a069-1291223d1971",
                "0e24ed9b-11c0-46c4-ae12-8c5bf28f1461",
                "992d02f3-a438-4fef-980b-5992f81c8bb0",
                "a5abd9c1-6458-4fbc-b821-b00f940f7034",
                "073ea271-4f44-4d6e-9bb2-abe3424eb061",
                "2affecbe-e030-4516-83f6-bf0d224ffb25"
              ],
              "failures": [],
              "pending": [],
              "skipped": [],
              "duration": 11,
              "root": false,
              "rootEmpty": false,
              "_timeout": 2000
            },
            {
              "uuid": "3406eafe-c966-4619-97a6-9e74859559b5",
              "title": "repeat()",
              "fullFile": "/home/runner/work/vestaboard2mqtt/vestaboard2mqtt/test/lib/message.ts",
              "file": "/test/lib/message.ts",
              "beforeHooks": [],
              "afterHooks": [],
              "tests": [
                {
                  "title": "should work",
                  "fullTitle": "Message repeat() should work",
                  "timedOut": false,
                  "duration": 1,
                  "state": "passed",
                  "speed": "fast",
                  "pass": true,
                  "fail": false,
                  "pending": false,
                  "context": null,
                  "code": "const msg=new Message;msg.repeat(\"\\u{1F7E7}\",{line:2});assert.strictEqual(msg.toString(),\"#==============================================#\\n#                                              #\\n#                                              #\\n# \\u{1F7E7}\\u{1F7E7}\\u{1F7E7}\\u{1F7E7}\\u{1F7E7}\\u{1F7E7}\\u{1F7E7}\\u{1F7E7}\\u{1F7E7}\\u{1F7E7}\\u{1F7E7}\\u{1F7E7}\\u{1F7E7}\\u{1F7E7}\\u{1F7E7}\\u{1F7E7}\\u{1F7E7}\\u{1F7E7}\\u{1F7E7}\\u{1F7E7}\\u{1F7E7}\\u{1F7E7} #\\n#                                              #\\n#                                              #\\n#                                              #\\n#==============================================#\\n\")",
                  "err": {},
                  "uuid": "08373d2d-0eed-4af4-a766-bf00a927bd5b",
                  "parentUUID": "3406eafe-c966-4619-97a6-9e74859559b5",
                  "isHook": false,
                  "skipped": false
                }
              ],
              "suites": [],
              "passes": [
                "08373d2d-0eed-4af4-a766-bf00a927bd5b"
              ],
              "failures": [],
              "pending": [],
              "skipped": [],
              "duration": 1,
              "root": false,
              "rootEmpty": false,
              "_timeout": 2000
            },
            {
              "uuid": "e6501139-9fbb-44a5-be5f-c0543e06f01a",
              "title": "word2char()",
              "fullFile": "/home/runner/work/vestaboard2mqtt/vestaboard2mqtt/test/lib/message.ts",
              "file": "/test/lib/message.ts",
              "beforeHooks": [],
              "afterHooks": [],
              "tests": [
                {
                  "title": "should work",
                  "fullTitle": "Message word2char() should work",
                  "timedOut": false,
                  "duration": 1,
                  "state": "passed",
                  "speed": "fast",
                  "pass": true,
                  "fail": false,
                  "pending": false,
                  "context": null,
                  "code": "assert.deepStrictEqual(Message.word2chars(\"Hello\"),[8,5,12,12,15])",
                  "err": {},
                  "uuid": "f735b8c5-7c48-412d-b30d-426e0c95a04b",
                  "parentUUID": "e6501139-9fbb-44a5-be5f-c0543e06f01a",
                  "isHook": false,
                  "skipped": false
                },
                {
                  "title": "should handle german Umlaute",
                  "fullTitle": "Message word2char() should handle german Umlaute",
                  "timedOut": false,
                  "duration": 0,
                  "state": "passed",
                  "speed": "fast",
                  "pass": true,
                  "fail": false,
                  "pending": false,
                  "context": null,
                  "code": "assert.deepStrictEqual(Message.word2chars(\"K\\xE4se\"),[11,1,5,19,5])",
                  "err": {},
                  "uuid": "dd7855d6-d8ff-48fe-b5a1-227f1c77045b",
                  "parentUUID": "e6501139-9fbb-44a5-be5f-c0543e06f01a",
                  "isHook": false,
                  "skipped": false
                },
                {
                  "title": "should handle color emojis",
                  "fullTitle": "Message word2char() should handle color emojis",
                  "timedOut": false,
                  "duration": 1,
                  "state": "passed",
                  "speed": "fast",
                  "pass": true,
                  "fail": false,
                  "pending": false,
                  "context": null,
                  "code": "assert.deepStrictEqual(Message.word2chars(\"\\u{1F7E5}\\u{1F7E7}\\u{1F7E8}\\u{1F7E9}\\u{1F7E6}\\u{1F7EA}\\u2B1C\\u2B1B\"),[63,64,65,66,67,68,69,0])",
                  "err": {},
                  "uuid": "adcf0a4a-1e5c-4202-b13f-a633ab2736d6",
                  "parentUUID": "e6501139-9fbb-44a5-be5f-c0543e06f01a",
                  "isHook": false,
                  "skipped": false
                },
                {
                  "title": "should remove special chars",
                  "fullTitle": "Message word2char() should remove special chars",
                  "timedOut": false,
                  "duration": 0,
                  "state": "passed",
                  "speed": "fast",
                  "pass": true,
                  "fail": false,
                  "pending": false,
                  "context": null,
                  "code": "assert.deepStrictEqual(Message.word2chars(\"H\\xE9llo\"),[8,60,12,12,15])",
                  "err": {},
                  "uuid": "d5037e9a-09c1-404e-a02d-0a80d0a3773a",
                  "parentUUID": "e6501139-9fbb-44a5-be5f-c0543e06f01a",
                  "isHook": false,
                  "skipped": false
                }
              ],
              "suites": [],
              "passes": [
                "f735b8c5-7c48-412d-b30d-426e0c95a04b",
                "dd7855d6-d8ff-48fe-b5a1-227f1c77045b",
                "adcf0a4a-1e5c-4202-b13f-a633ab2736d6",
                "d5037e9a-09c1-404e-a02d-0a80d0a3773a"
              ],
              "failures": [],
              "pending": [],
              "skipped": [],
              "duration": 2,
              "root": false,
              "rootEmpty": false,
              "_timeout": 2000
            },
            {
              "uuid": "c878ab7b-e60b-4929-9144-24173132b56f",
              "title": "centerLines()",
              "fullFile": "/home/runner/work/vestaboard2mqtt/vestaboard2mqtt/test/lib/message.ts",
              "file": "/test/lib/message.ts",
              "beforeHooks": [],
              "afterHooks": [],
              "tests": [
                {
                  "title": "should work",
                  "fullTitle": "Message centerLines() should work",
                  "timedOut": false,
                  "duration": 1,
                  "state": "passed",
                  "speed": "fast",
                  "pass": true,
                  "fail": false,
                  "pending": false,
                  "context": null,
                  "code": "const msg=new Message;msg.write(\"Hello World\");msg.write(\"This is a test.\",{line:MessageWriteOptionsLine.NEXT});msg.centerLines();assert.strictEqual(msg.toString(),\"#==============================================#\\n#           H E L L O   W O R L D              #\\n#       T H I S   I S   A   T E S T .          #\\n#                                              #\\n#                                              #\\n#                                              #\\n#                                              #\\n#==============================================#\\n\")",
                  "err": {},
                  "uuid": "acfe41aa-48c2-4a06-9b3a-b6ca9b281511",
                  "parentUUID": "c878ab7b-e60b-4929-9144-24173132b56f",
                  "isHook": false,
                  "skipped": false
                }
              ],
              "suites": [],
              "passes": [
                "acfe41aa-48c2-4a06-9b3a-b6ca9b281511"
              ],
              "failures": [],
              "pending": [],
              "skipped": [],
              "duration": 1,
              "root": false,
              "rootEmpty": false,
              "_timeout": 2000
            },
            {
              "uuid": "269295e7-2278-49b5-8c55-afc8fafc7052",
              "title": "center()",
              "fullFile": "/home/runner/work/vestaboard2mqtt/vestaboard2mqtt/test/lib/message.ts",
              "file": "/test/lib/message.ts",
              "beforeHooks": [],
              "afterHooks": [],
              "tests": [
                {
                  "title": "should work",
                  "fullTitle": "Message center() should work",
                  "timedOut": false,
                  "duration": 1,
                  "state": "passed",
                  "speed": "fast",
                  "pass": true,
                  "fail": false,
                  "pending": false,
                  "context": null,
                  "code": "const msg=new Message;msg.write(\"Hello World\");msg.write(\"This is a test.\",{line:MessageWriteOptionsLine.NEXT});msg.center();assert.strictEqual(msg.toString(),\"#==============================================#\\n#                                              #\\n#                                              #\\n#       H E L L O   W O R L D                  #\\n#       T H I S   I S   A   T E S T .          #\\n#                                              #\\n#                                              #\\n#==============================================#\\n\")",
                  "err": {},
                  "uuid": "476ba4f7-a796-4ec9-84da-9ad2230a8eda",
                  "parentUUID": "269295e7-2278-49b5-8c55-afc8fafc7052",
                  "isHook": false,
                  "skipped": false
                }
              ],
              "suites": [],
              "passes": [
                "476ba4f7-a796-4ec9-84da-9ad2230a8eda"
              ],
              "failures": [],
              "pending": [],
              "skipped": [],
              "duration": 1,
              "root": false,
              "rootEmpty": false,
              "_timeout": 2000
            },
            {
              "uuid": "cc89246d-8a3a-4218-8d9a-e73d93cf59a2",
              "title": "isEmpty()",
              "fullFile": "/home/runner/work/vestaboard2mqtt/vestaboard2mqtt/test/lib/message.ts",
              "file": "/test/lib/message.ts",
              "beforeHooks": [],
              "afterHooks": [],
              "tests": [
                {
                  "title": "should work",
                  "fullTitle": "Message isEmpty() should work",
                  "timedOut": false,
                  "duration": 0,
                  "state": "passed",
                  "speed": "fast",
                  "pass": true,
                  "fail": false,
                  "pending": false,
                  "context": null,
                  "code": "const msg=new Message;assert.strictEqual(msg.isEmpty(),true);msg.write(\"Hi\");assert.strictEqual(msg.isEmpty(),false)",
                  "err": {},
                  "uuid": "6d885c4f-6ef3-4321-82ea-a95317ee215b",
                  "parentUUID": "cc89246d-8a3a-4218-8d9a-e73d93cf59a2",
                  "isHook": false,
                  "skipped": false
                }
              ],
              "suites": [],
              "passes": [
                "6d885c4f-6ef3-4321-82ea-a95317ee215b"
              ],
              "failures": [],
              "pending": [],
              "skipped": [],
              "duration": 0,
              "root": false,
              "rootEmpty": false,
              "_timeout": 2000
            },
            {
              "uuid": "bd654261-80e5-44ee-8cbd-ddf1f8d4cf25",
              "title": "toString()",
              "fullFile": "/home/runner/work/vestaboard2mqtt/vestaboard2mqtt/test/lib/message.ts",
              "file": "/test/lib/message.ts",
              "beforeHooks": [],
              "afterHooks": [],
              "tests": [
                {
                  "title": "should work with empty board",
                  "fullTitle": "Message toString() should work with empty board",
                  "timedOut": false,
                  "duration": 1,
                  "state": "passed",
                  "speed": "fast",
                  "pass": true,
                  "fail": false,
                  "pending": false,
                  "context": null,
                  "code": "const result=new Message().toString();const expected=`#==============================================#\n#                                              #\n#                                              #\n#                                              #\n#                                              #\n#                                              #\n#                                              #\n#==============================================#\n`;assert.strictEqual(result,expected)",
                  "err": {},
                  "uuid": "0a8b3cfd-f7ea-4302-a27a-205f57a75bfa",
                  "parentUUID": "bd654261-80e5-44ee-8cbd-ddf1f8d4cf25",
                  "isHook": false,
                  "skipped": false
                },
                {
                  "title": "should work with any supported char",
                  "fullTitle": "Message toString() should work with any supported char",
                  "timedOut": false,
                  "duration": 1,
                  "state": "passed",
                  "speed": "fast",
                  "pass": true,
                  "fail": false,
                  "pending": false,
                  "context": null,
                  "code": "const board=[[0,1,2,3,4,5,6,7,8,9,10,11,12,13,14,15,16,17,18,19,20,21],[22,23,24,25,26,27,28,29,30,31,32,33,34,35,36,37,38,39,40,41,42,44],[46,47,48,49,50,52,53,54,55,56,59,60,62,63,64,65,66,67,68,69,70,0],[0,0,0,0,0,0,0,0,0,0,0,0,0,0,0,0,0,0,0,0,0,0],[0,0,0,0,0,0,0,0,0,0,0,0,0,0,0,0,0,0,0,0,0,0],[0,0,0,0,0,0,0,0,0,0,0,0,0,0,0,0,0,0,0,0,0,0]];const result=new Message(board).toString();const expected=`#==============================================#\n#   A B C D E F G H I J K L M N O P Q R S T U  #\n# V W X Y Z 1 2 3 4 5 6 7 8 9 0 ! @ # $ ( ) -  #\n# + & = ; : ' \" % , . / ? \\xB0 \\u{1F7E5}\\u{1F7E7}\\u{1F7E8}\\u{1F7E9}\\u{1F7E6}\\u{1F7EA}\\u2B1C\\uFE0F     #\n#                                              #\n#                                              #\n#                                              #\n#==============================================#\n`;assert.strictEqual(result,expected)",
                  "err": {},
                  "uuid": "429b2c21-8e01-4831-8683-cbb9a537b75a",
                  "parentUUID": "bd654261-80e5-44ee-8cbd-ddf1f8d4cf25",
                  "isHook": false,
                  "skipped": false
                }
              ],
              "suites": [],
              "passes": [
                "0a8b3cfd-f7ea-4302-a27a-205f57a75bfa",
                "429b2c21-8e01-4831-8683-cbb9a537b75a"
              ],
              "failures": [],
              "pending": [],
              "skipped": [],
              "duration": 2,
              "root": false,
              "rootEmpty": false,
              "_timeout": 2000
            }
          ],
          "passes": [],
          "failures": [],
          "pending": [],
          "skipped": [],
          "duration": 0,
          "root": false,
          "rootEmpty": false,
          "_timeout": 2000
        }
      ],
      "passes": [],
      "failures": [],
      "pending": [],
      "skipped": [],
      "duration": 0,
      "root": true,
      "rootEmpty": true,
      "_timeout": 2000
    }
  ],
  "meta": {
    "mocha": {
      "version": "11.5.0"
    },
    "mochawesome": {
      "options": {
        "quiet": false,
        "reportFilename": "mochawesome",
        "saveHtml": true,
        "saveJson": true,
        "consoleReporter": "spec",
        "useInlineDiffs": false,
        "code": true
      },
      "version": "7.1.3"
    },
    "marge": {
      "options": null,
      "version": "6.2.0"
    }
  }
}