{
  "stats": {
    "suites": 12,
    "tests": 19,
    "passes": 19,
    "pending": 0,
    "failures": 0,
    "start": "2023-09-27T11:52:50.233Z",
    "end": "2023-09-27T11:52:50.288Z",
    "duration": 55,
    "testsRegistered": 19,
    "passPercent": 100,
    "pendingPercent": 0,
    "other": 0,
    "hasOther": false,
    "skipped": 0,
    "hasSkipped": false
  },
  "results": [
    {
      "uuid": "e820fe24-2eb3-48a4-8057-eb43c1e1a562",
      "title": "",
      "fullFile": "",
      "file": "",
      "beforeHooks": [],
      "afterHooks": [],
      "tests": [],
      "suites": [
        {
          "uuid": "cd427a70-bcc4-423b-b575-2ae0178e45f7",
          "title": "Cache",
          "fullFile": "/home/runner/work/vestaboard2mqtt/vestaboard2mqtt/test/lib/cache.ts",
          "file": "/test/lib/cache.ts",
          "beforeHooks": [],
          "afterHooks": [],
          "tests": [],
          "suites": [
            {
              "uuid": "33bcf2cd-3f57-416c-8211-19503db240b6",
              "title": "set() / get() / delete()",
              "fullFile": "/home/runner/work/vestaboard2mqtt/vestaboard2mqtt/test/lib/cache.ts",
              "file": "/test/lib/cache.ts",
              "beforeHooks": [],
              "afterHooks": [],
              "tests": [
                {
                  "title": "should work",
                  "fullTitle": "Cache set() / get() / delete() should work",
                  "timedOut": false,
                  "duration": 2,
                  "state": "passed",
                  "speed": "fast",
                  "pass": true,
                  "fail": false,
                  "pending": false,
                  "context": null,
                  "code": "return __awaiter(this, void 0, void 0, function* () {\n    const cache = new Cache('tests');\n    assert.strictEqual(yield cache.get('test'), null);\n    yield cache.set('test', 'foo');\n    assert.strictEqual(yield cache.get('test'), 'foo');\n    yield cache.delete('test');\n});",
                  "err": {},
                  "uuid": "55150526-6f5a-41a0-b16c-0ac66b23e620",
                  "parentUUID": "33bcf2cd-3f57-416c-8211-19503db240b6",
                  "isHook": false,
                  "skipped": false
                }
              ],
              "suites": [],
              "passes": [
                "55150526-6f5a-41a0-b16c-0ac66b23e620"
              ],
              "failures": [],
              "pending": [],
              "skipped": [],
              "duration": 2,
              "root": false,
              "rootEmpty": false,
              "_timeout": 2000
            }
          ],
          "passes": [],
          "failures": [],
          "pending": [],
          "skipped": [],
          "duration": 0,
          "root": false,
          "rootEmpty": false,
          "_timeout": 2000
        },
        {
          "uuid": "20d86d42-6fed-4e58-af02-825149bd9f46",
          "title": "Calendar",
          "fullFile": "/home/runner/work/vestaboard2mqtt/vestaboard2mqtt/test/lib/calendar.ts",
          "file": "/test/lib/calendar.ts",
          "beforeHooks": [],
          "afterHooks": [],
          "tests": [],
          "suites": [
            {
              "uuid": "29692849-c13e-4839-bbd6-2540563b6732",
              "title": "isSameDay()",
              "fullFile": "/home/runner/work/vestaboard2mqtt/vestaboard2mqtt/test/lib/calendar.ts",
              "file": "/test/lib/calendar.ts",
              "beforeHooks": [],
              "afterHooks": [],
              "tests": [
                {
                  "title": "should work (1)",
                  "fullTitle": "Calendar isSameDay() should work (1)",
                  "timedOut": false,
                  "duration": 0,
                  "state": "passed",
                  "speed": "fast",
                  "pass": true,
                  "fail": false,
                  "pending": false,
                  "context": null,
                  "code": "const a = new Date();\nconst b = new Date();\nassert.equal(CalendarPage.isSameDay(a, b), true);",
                  "err": {},
                  "uuid": "b961fd20-5dd5-44e0-804c-c66969335669",
                  "parentUUID": "29692849-c13e-4839-bbd6-2540563b6732",
                  "isHook": false,
                  "skipped": false
                },
                {
                  "title": "should work (2)",
                  "fullTitle": "Calendar isSameDay() should work (2)",
                  "timedOut": false,
                  "duration": 1,
                  "state": "passed",
                  "speed": "fast",
                  "pass": true,
                  "fail": false,
                  "pending": false,
                  "context": null,
                  "code": "const a = new Date('2022-01-10T10:35:00.000Z');\nconst b = new Date('2022-02-10T10:35:00.000Z');\nassert.equal(CalendarPage.isSameDay(a, b), false);",
                  "err": {},
                  "uuid": "cd5b35f7-0947-406e-8ab3-a5d44722924e",
                  "parentUUID": "29692849-c13e-4839-bbd6-2540563b6732",
                  "isHook": false,
                  "skipped": false
                }
              ],
              "suites": [],
              "passes": [
                "b961fd20-5dd5-44e0-804c-c66969335669",
                "cd5b35f7-0947-406e-8ab3-a5d44722924e"
              ],
              "failures": [],
              "pending": [],
              "skipped": [],
              "duration": 1,
              "root": false,
              "rootEmpty": false,
              "_timeout": 2000
            }
          ],
          "passes": [],
          "failures": [],
          "pending": [],
          "skipped": [],
          "duration": 0,
          "root": false,
          "rootEmpty": false,
          "_timeout": 2000
        },
        {
          "uuid": "e7d8787e-940d-485e-970c-00f76513303a",
          "title": "Message",
          "fullFile": "/home/runner/work/vestaboard2mqtt/vestaboard2mqtt/test/lib/message.ts",
          "file": "/test/lib/message.ts",
          "beforeHooks": [],
          "afterHooks": [],
          "tests": [],
          "suites": [
            {
              "uuid": "c8522cc6-6b83-4fd4-8ee2-0bf71714bbe9",
              "title": "write()",
              "fullFile": "/home/runner/work/vestaboard2mqtt/vestaboard2mqtt/test/lib/message.ts",
              "file": "/test/lib/message.ts",
              "beforeHooks": [],
              "afterHooks": [],
              "tests": [
                {
                  "title": "should start writing from top/left",
                  "fullTitle": "Message write() should start writing from top/left",
                  "timedOut": false,
                  "duration": 4,
                  "state": "passed",
                  "speed": "fast",
                  "pass": true,
                  "fail": false,
                  "pending": false,
                  "context": null,
                  "code": "const msg = new Message();\nmsg.write('Hello World');\nassert.strictEqual(msg.toString(), '#==============================================#\\n' +\n    '# H E L L O   W O R L D                        #\\n' +\n    '#                                              #\\n' +\n    '#                                              #\\n' +\n    '#                                              #\\n' +\n    '#                                              #\\n' +\n    '#                                              #\\n' +\n    '#==============================================#\\n');",
                  "err": {},
                  "uuid": "a5bcbff4-c0b2-4c5d-89cb-027912294518",
                  "parentUUID": "c8522cc6-6b83-4fd4-8ee2-0bf71714bbe9",
                  "isHook": false,
                  "skipped": false
                },
                {
                  "title": "should accept line & row for positioning",
                  "fullTitle": "Message write() should accept line & row for positioning",
                  "timedOut": false,
                  "duration": 2,
                  "state": "passed",
                  "speed": "fast",
                  "pass": true,
                  "fail": false,
                  "pending": false,
                  "context": null,
                  "code": "const msg = new Message();\nmsg.write('Hello World', {\n    line: 2,\n    row: 5\n});\nassert.strictEqual(msg.toString(), '#==============================================#\\n' +\n    '#                                              #\\n' +\n    '#                                              #\\n' +\n    '#           H E L L O   W O R L D              #\\n' +\n    '#                                              #\\n' +\n    '#                                              #\\n' +\n    '#                                              #\\n' +\n    '#==============================================#\\n');",
                  "err": {},
                  "uuid": "9fe13648-3303-4cbf-8c99-d87503fee8d0",
                  "parentUUID": "c8522cc6-6b83-4fd4-8ee2-0bf71714bbe9",
                  "isHook": false,
                  "skipped": false
                },
                {
                  "title": "should add another line if text is too long",
                  "fullTitle": "Message write() should add another line if text is too long",
                  "timedOut": false,
                  "duration": 5,
                  "state": "passed",
                  "speed": "fast",
                  "pass": true,
                  "fail": false,
                  "pending": false,
                  "context": null,
                  "code": "const msg = new Message();\nmsg.write('Lorem ipsum dolor sit amet, ' +\n    'consetetur sadipscing elitr, sed ' +\n    'diam nonumy eirmod tempor invidunt');\nassert.strictEqual(msg.toString(), '#==============================================#\\n' +\n    '# L O R E M   I P S U M   D O L O R   S I T    #\\n' +\n    '# A M E T ,   C O N S E T E T U R              #\\n' +\n    '# S A D I P S C I N G   E L I T R ,   S E D    #\\n' +\n    '# D I A M   N O N U M Y   E I R M O D          #\\n' +\n    '# T E M P O R   I N V I D U N T                #\\n' +\n    '#                                              #\\n' +\n    '#==============================================#\\n');",
                  "err": {},
                  "uuid": "42e8a8b2-0526-4ba8-bb9f-42d1adad8766",
                  "parentUUID": "c8522cc6-6b83-4fd4-8ee2-0bf71714bbe9",
                  "isHook": false,
                  "skipped": false
                },
                {
                  "title": "should work with words > board length",
                  "fullTitle": "Message write() should work with words > board length",
                  "timedOut": false,
                  "duration": 3,
                  "state": "passed",
                  "speed": "fast",
                  "pass": true,
                  "fail": false,
                  "pending": false,
                  "context": null,
                  "code": "const msg = new Message();\nmsg.write('Lorem-ipsum-dolor-sit-amet');\nassert.strictEqual(msg.toString(), '#==============================================#\\n' +\n    '# L O R E M - I P S U M - D O L O R - S I T -  #\\n' +\n    '#                                              #\\n' +\n    '#                                              #\\n' +\n    '#                                              #\\n' +\n    '#                                              #\\n' +\n    '#                                              #\\n' +\n    '#==============================================#\\n');",
                  "err": {},
                  "uuid": "de6724cf-7285-49c5-a1c5-2b05f3c532b3",
                  "parentUUID": "c8522cc6-6b83-4fd4-8ee2-0bf71714bbe9",
                  "isHook": false,
                  "skipped": false
                },
                {
                  "title": "should allow to use CURRENT and NEXT line flags",
                  "fullTitle": "Message write() should allow to use CURRENT and NEXT line flags",
                  "timedOut": false,
                  "duration": 2,
                  "state": "passed",
                  "speed": "fast",
                  "pass": true,
                  "fail": false,
                  "pending": false,
                  "context": null,
                  "code": "const msg = new Message();\nmsg.write('13:00', { line: MessageWriteOptionsLine.CURRENT });\nmsg.write('Daily', { line: MessageWriteOptionsLine.CURRENT, row: 6 });\nmsg.write('', { line: MessageWriteOptionsLine.NEXT });\nmsg.write('18:00', { line: MessageWriteOptionsLine.NEXT });\nmsg.write('Fischstäbchen, Spinat & Ei', { line: MessageWriteOptionsLine.CURRENT, row: 6 });\nmsg.write('', { line: MessageWriteOptionsLine.NEXT });\nmsg.write('20:00', { line: MessageWriteOptionsLine.NEXT });\nmsg.write('Sandmännchen', { line: MessageWriteOptionsLine.CURRENT, row: 6 });\nassert.strictEqual(msg.toString(), '#==============================================#\\n' +\n    '# 1 3 : 0 0   D A I L Y                        #\\n' +\n    '#                                              #\\n' +\n    '# 1 8 : 0 0   F I S C H S T A E B C H E N ,    #\\n' +\n    '#             S P I N A T   &   E I            #\\n' +\n    '#                                              #\\n' +\n    '# 2 0 : 0 0   S A N D M A E N N C H E N        #\\n' +\n    '#==============================================#\\n');",
                  "err": {},
                  "uuid": "dd99f07d-7664-42f0-8c84-daac7b090c65",
                  "parentUUID": "c8522cc6-6b83-4fd4-8ee2-0bf71714bbe9",
                  "isHook": false,
                  "skipped": false
                },
                {
                  "title": "should remove unsupported words",
                  "fullTitle": "Message write() should remove unsupported words",
                  "timedOut": false,
                  "duration": 3,
                  "state": "passed",
                  "speed": "fast",
                  "pass": true,
                  "fail": false,
                  "pending": false,
                  "context": null,
                  "code": "const msg = new Message();\nmsg.write('💪🏼 Gym');\nassert.strictEqual(msg.toString(), '#==============================================#\\n' +\n    '# G Y M                                        #\\n' +\n    '#                                              #\\n' +\n    '#                                              #\\n' +\n    '#                                              #\\n' +\n    '#                                              #\\n' +\n    '#                                              #\\n' +\n    '#==============================================#\\n');",
                  "err": {},
                  "uuid": "a607f1de-8c08-4d07-ab70-03cbe8b85e50",
                  "parentUUID": "c8522cc6-6b83-4fd4-8ee2-0bf71714bbe9",
                  "isHook": false,
                  "skipped": false
                }
              ],
              "suites": [],
              "passes": [
                "a5bcbff4-c0b2-4c5d-89cb-027912294518",
                "9fe13648-3303-4cbf-8c99-d87503fee8d0",
                "42e8a8b2-0526-4ba8-bb9f-42d1adad8766",
                "de6724cf-7285-49c5-a1c5-2b05f3c532b3",
                "dd99f07d-7664-42f0-8c84-daac7b090c65",
                "a607f1de-8c08-4d07-ab70-03cbe8b85e50"
              ],
              "failures": [],
              "pending": [],
              "skipped": [],
              "duration": 19,
              "root": false,
              "rootEmpty": false,
              "_timeout": 2000
            },
            {
              "uuid": "41d3215d-59d6-444f-b9af-ad5d03b4a61a",
              "title": "repeat()",
              "fullFile": "/home/runner/work/vestaboard2mqtt/vestaboard2mqtt/test/lib/message.ts",
              "file": "/test/lib/message.ts",
              "beforeHooks": [],
              "afterHooks": [],
              "tests": [
                {
                  "title": "should work",
                  "fullTitle": "Message repeat() should work",
                  "timedOut": false,
                  "duration": 3,
                  "state": "passed",
                  "speed": "fast",
                  "pass": true,
                  "fail": false,
                  "pending": false,
                  "context": null,
                  "code": "const msg = new Message();\nmsg.repeat('🟧', { line: 2 });\nassert.strictEqual(msg.toString(), '#==============================================#\\n' +\n    '#                                              #\\n' +\n    '#                                              #\\n' +\n    '# 🟧🟧🟧🟧🟧🟧🟧🟧🟧🟧🟧🟧🟧🟧🟧🟧🟧🟧🟧🟧🟧🟧 #\\n' +\n    '#                                              #\\n' +\n    '#                                              #\\n' +\n    '#                                              #\\n' +\n    '#==============================================#\\n');",
                  "err": {},
                  "uuid": "837486db-5a52-43ca-ab89-563fa6a9bd19",
                  "parentUUID": "41d3215d-59d6-444f-b9af-ad5d03b4a61a",
                  "isHook": false,
                  "skipped": false
                }
              ],
              "suites": [],
              "passes": [
                "837486db-5a52-43ca-ab89-563fa6a9bd19"
              ],
              "failures": [],
              "pending": [],
              "skipped": [],
              "duration": 3,
              "root": false,
              "rootEmpty": false,
              "_timeout": 2000
            },
            {
              "uuid": "b7b5262e-064c-45d6-8409-478804fe304f",
              "title": "word2char()",
              "fullFile": "/home/runner/work/vestaboard2mqtt/vestaboard2mqtt/test/lib/message.ts",
              "file": "/test/lib/message.ts",
              "beforeHooks": [],
              "afterHooks": [],
              "tests": [
                {
                  "title": "should work",
                  "fullTitle": "Message word2char() should work",
                  "timedOut": false,
                  "duration": 1,
                  "state": "passed",
                  "speed": "fast",
                  "pass": true,
                  "fail": false,
                  "pending": false,
                  "context": null,
                  "code": "assert.deepStrictEqual(Message.word2chars('Hello'), [8, 5, 12, 12, 15]);",
                  "err": {},
                  "uuid": "74803161-1e2b-4b7f-95dd-e839194f6317",
                  "parentUUID": "b7b5262e-064c-45d6-8409-478804fe304f",
                  "isHook": false,
                  "skipped": false
                },
                {
                  "title": "should handle german Umlaute",
                  "fullTitle": "Message word2char() should handle german Umlaute",
                  "timedOut": false,
                  "duration": 0,
                  "state": "passed",
                  "speed": "fast",
                  "pass": true,
                  "fail": false,
                  "pending": false,
                  "context": null,
                  "code": "assert.deepStrictEqual(Message.word2chars('Käse'), [11, 1, 5, 19, 5]);",
                  "err": {},
                  "uuid": "e3101a2a-2d5a-4a16-a97c-1616152472a9",
                  "parentUUID": "b7b5262e-064c-45d6-8409-478804fe304f",
                  "isHook": false,
                  "skipped": false
                },
                {
                  "title": "should handle color emojis",
                  "fullTitle": "Message word2char() should handle color emojis",
                  "timedOut": false,
                  "duration": 0,
                  "state": "passed",
                  "speed": "fast",
                  "pass": true,
                  "fail": false,
                  "pending": false,
                  "context": null,
                  "code": "assert.deepStrictEqual(Message.word2chars('🟥🟧🟨🟩🟦🟪⬜⬛'), [63, 64, 65, 66, 67, 68, 69, 0]);",
                  "err": {},
                  "uuid": "50c715d6-e96c-4db8-8e89-7d90d4a9dfe5",
                  "parentUUID": "b7b5262e-064c-45d6-8409-478804fe304f",
                  "isHook": false,
                  "skipped": false
                },
                {
                  "title": "should remove special chars",
                  "fullTitle": "Message word2char() should remove special chars",
                  "timedOut": false,
                  "duration": 2,
                  "state": "passed",
                  "speed": "fast",
                  "pass": true,
                  "fail": false,
                  "pending": false,
                  "context": null,
                  "code": "assert.deepStrictEqual(Message.word2chars('Héllo'), [8, 60, 12, 12, 15]);",
                  "err": {},
                  "uuid": "714a99f8-e89c-4d9e-a04b-a5f9e06ab6ad",
                  "parentUUID": "b7b5262e-064c-45d6-8409-478804fe304f",
                  "isHook": false,
                  "skipped": false
                }
              ],
              "suites": [],
              "passes": [
                "74803161-1e2b-4b7f-95dd-e839194f6317",
                "e3101a2a-2d5a-4a16-a97c-1616152472a9",
                "50c715d6-e96c-4db8-8e89-7d90d4a9dfe5",
                "714a99f8-e89c-4d9e-a04b-a5f9e06ab6ad"
              ],
              "failures": [],
              "pending": [],
              "skipped": [],
              "duration": 3,
              "root": false,
              "rootEmpty": false,
              "_timeout": 2000
            },
            {
              "uuid": "5ae3376e-22fb-45da-a62e-aa08d6f38377",
              "title": "centerLines()",
              "fullFile": "/home/runner/work/vestaboard2mqtt/vestaboard2mqtt/test/lib/message.ts",
              "file": "/test/lib/message.ts",
              "beforeHooks": [],
              "afterHooks": [],
              "tests": [
                {
                  "title": "should work",
                  "fullTitle": "Message centerLines() should work",
                  "timedOut": false,
                  "duration": 3,
                  "state": "passed",
                  "speed": "fast",
                  "pass": true,
                  "fail": false,
                  "pending": false,
                  "context": null,
                  "code": "const msg = new Message();\nmsg.write('Hello World');\nmsg.write('This is a test.', { line: MessageWriteOptionsLine.NEXT });\nmsg.centerLines();\nassert.strictEqual(msg.toString(), '#==============================================#\\n' +\n    '#           H E L L O   W O R L D              #\\n' +\n    '#       T H I S   I S   A   T E S T .          #\\n' +\n    '#                                              #\\n' +\n    '#                                              #\\n' +\n    '#                                              #\\n' +\n    '#                                              #\\n' +\n    '#==============================================#\\n');",
                  "err": {},
                  "uuid": "0b3a3ab5-af5c-42f1-ab1b-e3f644f4c9b2",
                  "parentUUID": "5ae3376e-22fb-45da-a62e-aa08d6f38377",
                  "isHook": false,
                  "skipped": false
                }
              ],
              "suites": [],
              "passes": [
                "0b3a3ab5-af5c-42f1-ab1b-e3f644f4c9b2"
              ],
              "failures": [],
              "pending": [],
              "skipped": [],
              "duration": 3,
              "root": false,
              "rootEmpty": false,
              "_timeout": 2000
            },
            {
              "uuid": "e38e642a-d68c-4152-b793-6b26b4ef22bf",
              "title": "center()",
              "fullFile": "/home/runner/work/vestaboard2mqtt/vestaboard2mqtt/test/lib/message.ts",
              "file": "/test/lib/message.ts",
              "beforeHooks": [],
              "afterHooks": [],
              "tests": [
                {
                  "title": "should work",
                  "fullTitle": "Message center() should work",
                  "timedOut": false,
                  "duration": 3,
                  "state": "passed",
                  "speed": "fast",
                  "pass": true,
                  "fail": false,
                  "pending": false,
                  "context": null,
                  "code": "const msg = new Message();\nmsg.write('Hello World');\nmsg.write('This is a test.', { line: MessageWriteOptionsLine.NEXT });\nmsg.center();\nassert.strictEqual(msg.toString(), '#==============================================#\\n' +\n    '#                                              #\\n' +\n    '#                                              #\\n' +\n    '#       H E L L O   W O R L D                  #\\n' +\n    '#       T H I S   I S   A   T E S T .          #\\n' +\n    '#                                              #\\n' +\n    '#                                              #\\n' +\n    '#==============================================#\\n');",
                  "err": {},
                  "uuid": "cc7841f5-1610-484d-b883-c0ab80afb2af",
                  "parentUUID": "e38e642a-d68c-4152-b793-6b26b4ef22bf",
                  "isHook": false,
                  "skipped": false
                }
              ],
              "suites": [],
              "passes": [
                "cc7841f5-1610-484d-b883-c0ab80afb2af"
              ],
              "failures": [],
              "pending": [],
              "skipped": [],
              "duration": 3,
              "root": false,
              "rootEmpty": false,
              "_timeout": 2000
            },
            {
              "uuid": "a47030ff-a7f0-4bf8-8f34-c89b6d9833e5",
              "title": "isEmpty()",
              "fullFile": "/home/runner/work/vestaboard2mqtt/vestaboard2mqtt/test/lib/message.ts",
              "file": "/test/lib/message.ts",
              "beforeHooks": [],
              "afterHooks": [],
              "tests": [
                {
                  "title": "should work",
                  "fullTitle": "Message isEmpty() should work",
                  "timedOut": false,
                  "duration": 0,
                  "state": "passed",
                  "speed": "fast",
                  "pass": true,
                  "fail": false,
                  "pending": false,
                  "context": null,
                  "code": "const msg = new Message();\nassert.strictEqual(msg.isEmpty(), true);\nmsg.write('Hi');\nassert.strictEqual(msg.isEmpty(), false);",
                  "err": {},
                  "uuid": "68687cc5-6d65-4722-bf04-e6be8dfc9c57",
                  "parentUUID": "a47030ff-a7f0-4bf8-8f34-c89b6d9833e5",
                  "isHook": false,
                  "skipped": false
                }
              ],
              "suites": [],
              "passes": [
                "68687cc5-6d65-4722-bf04-e6be8dfc9c57"
              ],
              "failures": [],
              "pending": [],
              "skipped": [],
              "duration": 0,
              "root": false,
              "rootEmpty": false,
              "_timeout": 2000
            },
            {
              "uuid": "9cb128dd-6bee-4866-9475-90803df0d3e0",
              "title": "toString()",
              "fullFile": "/home/runner/work/vestaboard2mqtt/vestaboard2mqtt/test/lib/message.ts",
              "file": "/test/lib/message.ts",
              "beforeHooks": [],
              "afterHooks": [],
              "tests": [
                {
                  "title": "should work with empty board",
                  "fullTitle": "Message toString() should work with empty board",
                  "timedOut": false,
                  "duration": 2,
                  "state": "passed",
                  "speed": "fast",
                  "pass": true,
                  "fail": false,
                  "pending": false,
                  "context": null,
                  "code": "const result = new Message().toString();\nconst expected = `#==============================================#\n#                                              #\n#                                              #\n#                                              #\n#                                              #\n#                                              #\n#                                              #\n#==============================================#\n`;\nassert.strictEqual(result, expected);",
                  "err": {},
                  "uuid": "d26a1e0c-d355-4573-a0e6-eaf42860aac0",
                  "parentUUID": "9cb128dd-6bee-4866-9475-90803df0d3e0",
                  "isHook": false,
                  "skipped": false
                },
                {
                  "title": "should work with any supported char",
                  "fullTitle": "Message toString() should work with any supported char",
                  "timedOut": false,
                  "duration": 2,
                  "state": "passed",
                  "speed": "fast",
                  "pass": true,
                  "fail": false,
                  "pending": false,
                  "context": null,
                  "code": "const board = [\n    [\n        0,\n        1,\n        2,\n        3,\n        4,\n        5,\n        6,\n        7,\n        8,\n        9,\n        10,\n        11,\n        12,\n        13,\n        14,\n        15,\n        16,\n        17,\n        18,\n        19,\n        20,\n        21\n    ],\n    [\n        22,\n        23,\n        24,\n        25,\n        26,\n        27,\n        28,\n        29,\n        30,\n        31,\n        32,\n        33,\n        34,\n        35,\n        36,\n        37,\n        38,\n        39,\n        40,\n        41,\n        42,\n        44\n    ],\n    [\n        46,\n        47,\n        48,\n        49,\n        50,\n        52,\n        53,\n        54,\n        55,\n        56,\n        59,\n        60,\n        62,\n        63,\n        64,\n        65,\n        66,\n        67,\n        68,\n        69,\n        70,\n        0\n    ],\n    [\n        0,\n        0,\n        0,\n        0,\n        0,\n        0,\n        0,\n        0,\n        0,\n        0,\n        0,\n        0,\n        0,\n        0,\n        0,\n        0,\n        0,\n        0,\n        0,\n        0,\n        0,\n        0\n    ],\n    [\n        0,\n        0,\n        0,\n        0,\n        0,\n        0,\n        0,\n        0,\n        0,\n        0,\n        0,\n        0,\n        0,\n        0,\n        0,\n        0,\n        0,\n        0,\n        0,\n        0,\n        0,\n        0\n    ],\n    [\n        0,\n        0,\n        0,\n        0,\n        0,\n        0,\n        0,\n        0,\n        0,\n        0,\n        0,\n        0,\n        0,\n        0,\n        0,\n        0,\n        0,\n        0,\n        0,\n        0,\n        0,\n        0\n    ]\n];\nconst result = new Message(board).toString();\nconst expected = `#==============================================#\n#   A B C D E F G H I J K L M N O P Q R S T U  #\n# V W X Y Z 1 2 3 4 5 6 7 8 9 0 ! @ # $ ( ) -  #\n# + & = ; : ' \" % , . / ? ° 🟥🟧🟨🟩🟦🟪⬜️     #\n#                                              #\n#                                              #\n#                                              #\n#==============================================#\n`;\nassert.strictEqual(result, expected);",
                  "err": {},
                  "uuid": "5246099a-58af-4b3e-9a1f-d63e3fdb8b2c",
                  "parentUUID": "9cb128dd-6bee-4866-9475-90803df0d3e0",
                  "isHook": false,
                  "skipped": false
                }
              ],
              "suites": [],
              "passes": [
                "d26a1e0c-d355-4573-a0e6-eaf42860aac0",
                "5246099a-58af-4b3e-9a1f-d63e3fdb8b2c"
              ],
              "failures": [],
              "pending": [],
              "skipped": [],
              "duration": 4,
              "root": false,
              "rootEmpty": false,
              "_timeout": 2000
            }
          ],
          "passes": [],
          "failures": [],
          "pending": [],
          "skipped": [],
          "duration": 0,
          "root": false,
          "rootEmpty": false,
          "_timeout": 2000
        }
      ],
      "passes": [],
      "failures": [],
      "pending": [],
      "skipped": [],
      "duration": 0,
      "root": true,
      "rootEmpty": true,
      "_timeout": 2000
    }
  ],
  "meta": {
    "mocha": {
      "version": "10.2.0"
    },
    "mochawesome": {
      "options": {
        "quiet": false,
        "reportFilename": "mochawesome",
        "saveHtml": true,
        "saveJson": true,
        "consoleReporter": "spec",
        "useInlineDiffs": false,
        "code": true
      },
      "version": "7.1.3"
    },
    "marge": {
      "options": null,
      "version": "6.2.0"
    }
  }
}