{
  "stats": {
    "suites": 12,
    "tests": 19,
    "passes": 19,
    "pending": 0,
    "failures": 0,
    "start": "2024-11-28T19:12:55.789Z",
    "end": "2024-11-28T19:12:55.818Z",
    "duration": 29,
    "testsRegistered": 19,
    "passPercent": 100,
    "pendingPercent": 0,
    "other": 0,
    "hasOther": false,
    "skipped": 0,
    "hasSkipped": false
  },
  "results": [
    {
      "uuid": "f56e6c46-2ae9-4811-9a65-22999c7a326f",
      "title": "",
      "fullFile": "",
      "file": "",
      "beforeHooks": [],
      "afterHooks": [],
      "tests": [],
      "suites": [
        {
          "uuid": "34c439fc-b1ca-419c-bec1-dacabfa0f3ff",
          "title": "Cache",
          "fullFile": "/home/runner/work/vestaboard2mqtt/vestaboard2mqtt/test/lib/cache.ts",
          "file": "/test/lib/cache.ts",
          "beforeHooks": [],
          "afterHooks": [],
          "tests": [],
          "suites": [
            {
              "uuid": "b02c5c6c-a8eb-4ca5-998a-97bc5c018195",
              "title": "set() / get() / delete()",
              "fullFile": "/home/runner/work/vestaboard2mqtt/vestaboard2mqtt/test/lib/cache.ts",
              "file": "/test/lib/cache.ts",
              "beforeHooks": [],
              "afterHooks": [],
              "tests": [
                {
                  "title": "should work",
                  "fullTitle": "Cache set() / get() / delete() should work",
                  "timedOut": false,
                  "duration": 1,
                  "state": "passed",
                  "speed": "fast",
                  "pass": true,
                  "fail": false,
                  "pending": false,
                  "context": null,
                  "code": "const cache=new Cache(\"tests\");assert.strictEqual(await cache.get(\"test\"),null);await cache.set(\"test\",\"foo\");assert.strictEqual(await cache.get(\"test\"),\"foo\");await cache.delete(\"test\")",
                  "err": {},
                  "uuid": "7e25ed39-f59f-420d-a7ca-95853acac1ff",
                  "parentUUID": "b02c5c6c-a8eb-4ca5-998a-97bc5c018195",
                  "isHook": false,
                  "skipped": false
                }
              ],
              "suites": [],
              "passes": [
                "7e25ed39-f59f-420d-a7ca-95853acac1ff"
              ],
              "failures": [],
              "pending": [],
              "skipped": [],
              "duration": 1,
              "root": false,
              "rootEmpty": false,
              "_timeout": 2000
            }
          ],
          "passes": [],
          "failures": [],
          "pending": [],
          "skipped": [],
          "duration": 0,
          "root": false,
          "rootEmpty": false,
          "_timeout": 2000
        },
        {
          "uuid": "42e6821e-e2ae-43a3-b53b-ef7301638436",
          "title": "Calendar",
          "fullFile": "/home/runner/work/vestaboard2mqtt/vestaboard2mqtt/test/lib/calendar.ts",
          "file": "/test/lib/calendar.ts",
          "beforeHooks": [],
          "afterHooks": [],
          "tests": [],
          "suites": [
            {
              "uuid": "6b747e36-0514-4cc7-ad63-50b367b95004",
              "title": "isSameDay()",
              "fullFile": "/home/runner/work/vestaboard2mqtt/vestaboard2mqtt/test/lib/calendar.ts",
              "file": "/test/lib/calendar.ts",
              "beforeHooks": [],
              "afterHooks": [],
              "tests": [
                {
                  "title": "should work (1)",
                  "fullTitle": "Calendar isSameDay() should work (1)",
                  "timedOut": false,
                  "duration": 0,
                  "state": "passed",
                  "speed": "fast",
                  "pass": true,
                  "fail": false,
                  "pending": false,
                  "context": null,
                  "code": "const a=new Date;const b=new Date;assert.equal(CalendarPage.isSameDay(a,b),true)",
                  "err": {},
                  "uuid": "36be87b3-c4ce-4fab-b5a9-3130d2635671",
                  "parentUUID": "6b747e36-0514-4cc7-ad63-50b367b95004",
                  "isHook": false,
                  "skipped": false
                },
                {
                  "title": "should work (2)",
                  "fullTitle": "Calendar isSameDay() should work (2)",
                  "timedOut": false,
                  "duration": 0,
                  "state": "passed",
                  "speed": "fast",
                  "pass": true,
                  "fail": false,
                  "pending": false,
                  "context": null,
                  "code": "const a=new Date(\"2022-01-10T10:35:00.000Z\");const b=new Date(\"2022-02-10T10:35:00.000Z\");assert.equal(CalendarPage.isSameDay(a,b),false)",
                  "err": {},
                  "uuid": "2ccd39ac-287b-4de5-83f9-71cbbb09e129",
                  "parentUUID": "6b747e36-0514-4cc7-ad63-50b367b95004",
                  "isHook": false,
                  "skipped": false
                }
              ],
              "suites": [],
              "passes": [
                "36be87b3-c4ce-4fab-b5a9-3130d2635671",
                "2ccd39ac-287b-4de5-83f9-71cbbb09e129"
              ],
              "failures": [],
              "pending": [],
              "skipped": [],
              "duration": 0,
              "root": false,
              "rootEmpty": false,
              "_timeout": 2000
            }
          ],
          "passes": [],
          "failures": [],
          "pending": [],
          "skipped": [],
          "duration": 0,
          "root": false,
          "rootEmpty": false,
          "_timeout": 2000
        },
        {
          "uuid": "3f631d01-5aad-4db1-8a55-fd8e088fa03e",
          "title": "Message",
          "fullFile": "/home/runner/work/vestaboard2mqtt/vestaboard2mqtt/test/lib/message.ts",
          "file": "/test/lib/message.ts",
          "beforeHooks": [],
          "afterHooks": [],
          "tests": [],
          "suites": [
            {
              "uuid": "2af7f3df-9e6b-4773-a6d8-ea5b172ca398",
              "title": "write()",
              "fullFile": "/home/runner/work/vestaboard2mqtt/vestaboard2mqtt/test/lib/message.ts",
              "file": "/test/lib/message.ts",
              "beforeHooks": [],
              "afterHooks": [],
              "tests": [
                {
                  "title": "should start writing from top/left",
                  "fullTitle": "Message write() should start writing from top/left",
                  "timedOut": false,
                  "duration": 3,
                  "state": "passed",
                  "speed": "fast",
                  "pass": true,
                  "fail": false,
                  "pending": false,
                  "context": null,
                  "code": "const msg=new Message;msg.write(\"Hello World\");assert.strictEqual(msg.toString(),\"#==============================================#\\n# H E L L O   W O R L D                        #\\n#                                              #\\n#                                              #\\n#                                              #\\n#                                              #\\n#                                              #\\n#==============================================#\\n\")",
                  "err": {},
                  "uuid": "0a3f70df-da86-4c77-bf42-3383569bb6aa",
                  "parentUUID": "2af7f3df-9e6b-4773-a6d8-ea5b172ca398",
                  "isHook": false,
                  "skipped": false
                },
                {
                  "title": "should accept line & row for positioning",
                  "fullTitle": "Message write() should accept line & row for positioning",
                  "timedOut": false,
                  "duration": 1,
                  "state": "passed",
                  "speed": "fast",
                  "pass": true,
                  "fail": false,
                  "pending": false,
                  "context": null,
                  "code": "const msg=new Message;msg.write(\"Hello World\",{line:2,row:5});assert.strictEqual(msg.toString(),\"#==============================================#\\n#                                              #\\n#                                              #\\n#           H E L L O   W O R L D              #\\n#                                              #\\n#                                              #\\n#                                              #\\n#==============================================#\\n\")",
                  "err": {},
                  "uuid": "84ac3b03-4cb3-4235-a24f-fd2dfc85063d",
                  "parentUUID": "2af7f3df-9e6b-4773-a6d8-ea5b172ca398",
                  "isHook": false,
                  "skipped": false
                },
                {
                  "title": "should add another line if text is too long",
                  "fullTitle": "Message write() should add another line if text is too long",
                  "timedOut": false,
                  "duration": 2,
                  "state": "passed",
                  "speed": "fast",
                  "pass": true,
                  "fail": false,
                  "pending": false,
                  "context": null,
                  "code": "const msg=new Message;msg.write(\"Lorem ipsum dolor sit amet, consetetur sadipscing elitr, sed diam nonumy eirmod tempor invidunt\");assert.strictEqual(msg.toString(),\"#==============================================#\\n# L O R E M   I P S U M   D O L O R   S I T    #\\n# A M E T ,   C O N S E T E T U R              #\\n# S A D I P S C I N G   E L I T R ,   S E D    #\\n# D I A M   N O N U M Y   E I R M O D          #\\n# T E M P O R   I N V I D U N T                #\\n#                                              #\\n#==============================================#\\n\")",
                  "err": {},
                  "uuid": "244eff8c-9a7e-4ea3-b234-7a1735850762",
                  "parentUUID": "2af7f3df-9e6b-4773-a6d8-ea5b172ca398",
                  "isHook": false,
                  "skipped": false
                },
                {
                  "title": "should work with words > board length",
                  "fullTitle": "Message write() should work with words > board length",
                  "timedOut": false,
                  "duration": 1,
                  "state": "passed",
                  "speed": "fast",
                  "pass": true,
                  "fail": false,
                  "pending": false,
                  "context": null,
                  "code": "const msg=new Message;msg.write(\"Lorem-ipsum-dolor-sit-amet\");assert.strictEqual(msg.toString(),\"#==============================================#\\n# L O R E M - I P S U M - D O L O R - S I T -  #\\n#                                              #\\n#                                              #\\n#                                              #\\n#                                              #\\n#                                              #\\n#==============================================#\\n\")",
                  "err": {},
                  "uuid": "85bf5f39-90c9-4dd9-9e0b-e8e09643aa52",
                  "parentUUID": "2af7f3df-9e6b-4773-a6d8-ea5b172ca398",
                  "isHook": false,
                  "skipped": false
                },
                {
                  "title": "should allow to use CURRENT and NEXT line flags",
                  "fullTitle": "Message write() should allow to use CURRENT and NEXT line flags",
                  "timedOut": false,
                  "duration": 1,
                  "state": "passed",
                  "speed": "fast",
                  "pass": true,
                  "fail": false,
                  "pending": false,
                  "context": null,
                  "code": "const msg=new Message;msg.write(\"13:00\",{line:MessageWriteOptionsLine.CURRENT});msg.write(\"Daily\",{line:MessageWriteOptionsLine.CURRENT,row:6});msg.write(\"\",{line:MessageWriteOptionsLine.NEXT});msg.write(\"18:00\",{line:MessageWriteOptionsLine.NEXT});msg.write(\"Fischst\\xE4bchen, Spinat & Ei\",{line:MessageWriteOptionsLine.CURRENT,row:6});msg.write(\"\",{line:MessageWriteOptionsLine.NEXT});msg.write(\"20:00\",{line:MessageWriteOptionsLine.NEXT});msg.write(\"Sandm\\xE4nnchen\",{line:MessageWriteOptionsLine.CURRENT,row:6});assert.strictEqual(msg.toString(),\"#==============================================#\\n# 1 3 : 0 0   D A I L Y                        #\\n#                                              #\\n# 1 8 : 0 0   F I S C H S T A E B C H E N ,    #\\n#             S P I N A T   &   E I            #\\n#                                              #\\n# 2 0 : 0 0   S A N D M A E N N C H E N        #\\n#==============================================#\\n\")",
                  "err": {},
                  "uuid": "16ebe511-0cc4-4764-8dca-ae983120e847",
                  "parentUUID": "2af7f3df-9e6b-4773-a6d8-ea5b172ca398",
                  "isHook": false,
                  "skipped": false
                },
                {
                  "title": "should remove unsupported words",
                  "fullTitle": "Message write() should remove unsupported words",
                  "timedOut": false,
                  "duration": 1,
                  "state": "passed",
                  "speed": "fast",
                  "pass": true,
                  "fail": false,
                  "pending": false,
                  "context": null,
                  "code": "const msg=new Message;msg.write(\"\\u{1F4AA}\\u{1F3FC} Gym\");assert.strictEqual(msg.toString(),\"#==============================================#\\n# G Y M                                        #\\n#                                              #\\n#                                              #\\n#                                              #\\n#                                              #\\n#                                              #\\n#==============================================#\\n\")",
                  "err": {},
                  "uuid": "676344ef-29db-4a4c-9b77-5fa14c9396f0",
                  "parentUUID": "2af7f3df-9e6b-4773-a6d8-ea5b172ca398",
                  "isHook": false,
                  "skipped": false
                }
              ],
              "suites": [],
              "passes": [
                "0a3f70df-da86-4c77-bf42-3383569bb6aa",
                "84ac3b03-4cb3-4235-a24f-fd2dfc85063d",
                "244eff8c-9a7e-4ea3-b234-7a1735850762",
                "85bf5f39-90c9-4dd9-9e0b-e8e09643aa52",
                "16ebe511-0cc4-4764-8dca-ae983120e847",
                "676344ef-29db-4a4c-9b77-5fa14c9396f0"
              ],
              "failures": [],
              "pending": [],
              "skipped": [],
              "duration": 9,
              "root": false,
              "rootEmpty": false,
              "_timeout": 2000
            },
            {
              "uuid": "0b1c40bd-dda0-474f-91d7-11760b45fb2c",
              "title": "repeat()",
              "fullFile": "/home/runner/work/vestaboard2mqtt/vestaboard2mqtt/test/lib/message.ts",
              "file": "/test/lib/message.ts",
              "beforeHooks": [],
              "afterHooks": [],
              "tests": [
                {
                  "title": "should work",
                  "fullTitle": "Message repeat() should work",
                  "timedOut": false,
                  "duration": 1,
                  "state": "passed",
                  "speed": "fast",
                  "pass": true,
                  "fail": false,
                  "pending": false,
                  "context": null,
                  "code": "const msg=new Message;msg.repeat(\"\\u{1F7E7}\",{line:2});assert.strictEqual(msg.toString(),\"#==============================================#\\n#                                              #\\n#                                              #\\n# \\u{1F7E7}\\u{1F7E7}\\u{1F7E7}\\u{1F7E7}\\u{1F7E7}\\u{1F7E7}\\u{1F7E7}\\u{1F7E7}\\u{1F7E7}\\u{1F7E7}\\u{1F7E7}\\u{1F7E7}\\u{1F7E7}\\u{1F7E7}\\u{1F7E7}\\u{1F7E7}\\u{1F7E7}\\u{1F7E7}\\u{1F7E7}\\u{1F7E7}\\u{1F7E7}\\u{1F7E7} #\\n#                                              #\\n#                                              #\\n#                                              #\\n#==============================================#\\n\")",
                  "err": {},
                  "uuid": "b79b2ae8-7174-4750-8ee3-3fa621b81801",
                  "parentUUID": "0b1c40bd-dda0-474f-91d7-11760b45fb2c",
                  "isHook": false,
                  "skipped": false
                }
              ],
              "suites": [],
              "passes": [
                "b79b2ae8-7174-4750-8ee3-3fa621b81801"
              ],
              "failures": [],
              "pending": [],
              "skipped": [],
              "duration": 1,
              "root": false,
              "rootEmpty": false,
              "_timeout": 2000
            },
            {
              "uuid": "cdf5d8a7-70c3-4dec-b433-3f44f3cae836",
              "title": "word2char()",
              "fullFile": "/home/runner/work/vestaboard2mqtt/vestaboard2mqtt/test/lib/message.ts",
              "file": "/test/lib/message.ts",
              "beforeHooks": [],
              "afterHooks": [],
              "tests": [
                {
                  "title": "should work",
                  "fullTitle": "Message word2char() should work",
                  "timedOut": false,
                  "duration": 0,
                  "state": "passed",
                  "speed": "fast",
                  "pass": true,
                  "fail": false,
                  "pending": false,
                  "context": null,
                  "code": "assert.deepStrictEqual(Message.word2chars(\"Hello\"),[8,5,12,12,15])",
                  "err": {},
                  "uuid": "bc51cc23-4474-4d93-b7c3-c8463693b07a",
                  "parentUUID": "cdf5d8a7-70c3-4dec-b433-3f44f3cae836",
                  "isHook": false,
                  "skipped": false
                },
                {
                  "title": "should handle german Umlaute",
                  "fullTitle": "Message word2char() should handle german Umlaute",
                  "timedOut": false,
                  "duration": 0,
                  "state": "passed",
                  "speed": "fast",
                  "pass": true,
                  "fail": false,
                  "pending": false,
                  "context": null,
                  "code": "assert.deepStrictEqual(Message.word2chars(\"K\\xE4se\"),[11,1,5,19,5])",
                  "err": {},
                  "uuid": "2608db9b-a971-47f8-bcfb-20b1606c03ca",
                  "parentUUID": "cdf5d8a7-70c3-4dec-b433-3f44f3cae836",
                  "isHook": false,
                  "skipped": false
                },
                {
                  "title": "should handle color emojis",
                  "fullTitle": "Message word2char() should handle color emojis",
                  "timedOut": false,
                  "duration": 0,
                  "state": "passed",
                  "speed": "fast",
                  "pass": true,
                  "fail": false,
                  "pending": false,
                  "context": null,
                  "code": "assert.deepStrictEqual(Message.word2chars(\"\\u{1F7E5}\\u{1F7E7}\\u{1F7E8}\\u{1F7E9}\\u{1F7E6}\\u{1F7EA}\\u2B1C\\u2B1B\"),[63,64,65,66,67,68,69,0])",
                  "err": {},
                  "uuid": "e3954eca-21f3-482c-ae40-c41e105d104f",
                  "parentUUID": "cdf5d8a7-70c3-4dec-b433-3f44f3cae836",
                  "isHook": false,
                  "skipped": false
                },
                {
                  "title": "should remove special chars",
                  "fullTitle": "Message word2char() should remove special chars",
                  "timedOut": false,
                  "duration": 0,
                  "state": "passed",
                  "speed": "fast",
                  "pass": true,
                  "fail": false,
                  "pending": false,
                  "context": null,
                  "code": "assert.deepStrictEqual(Message.word2chars(\"H\\xE9llo\"),[8,60,12,12,15])",
                  "err": {},
                  "uuid": "723b7b67-9b65-4330-a5c8-92a0bd67d2f9",
                  "parentUUID": "cdf5d8a7-70c3-4dec-b433-3f44f3cae836",
                  "isHook": false,
                  "skipped": false
                }
              ],
              "suites": [],
              "passes": [
                "bc51cc23-4474-4d93-b7c3-c8463693b07a",
                "2608db9b-a971-47f8-bcfb-20b1606c03ca",
                "e3954eca-21f3-482c-ae40-c41e105d104f",
                "723b7b67-9b65-4330-a5c8-92a0bd67d2f9"
              ],
              "failures": [],
              "pending": [],
              "skipped": [],
              "duration": 0,
              "root": false,
              "rootEmpty": false,
              "_timeout": 2000
            },
            {
              "uuid": "a691836b-0ca5-4b57-9f9a-0eefebbc21a3",
              "title": "centerLines()",
              "fullFile": "/home/runner/work/vestaboard2mqtt/vestaboard2mqtt/test/lib/message.ts",
              "file": "/test/lib/message.ts",
              "beforeHooks": [],
              "afterHooks": [],
              "tests": [
                {
                  "title": "should work",
                  "fullTitle": "Message centerLines() should work",
                  "timedOut": false,
                  "duration": 1,
                  "state": "passed",
                  "speed": "fast",
                  "pass": true,
                  "fail": false,
                  "pending": false,
                  "context": null,
                  "code": "const msg=new Message;msg.write(\"Hello World\");msg.write(\"This is a test.\",{line:MessageWriteOptionsLine.NEXT});msg.centerLines();assert.strictEqual(msg.toString(),\"#==============================================#\\n#           H E L L O   W O R L D              #\\n#       T H I S   I S   A   T E S T .          #\\n#                                              #\\n#                                              #\\n#                                              #\\n#                                              #\\n#==============================================#\\n\")",
                  "err": {},
                  "uuid": "f6711d41-2c53-480a-8779-799e75334257",
                  "parentUUID": "a691836b-0ca5-4b57-9f9a-0eefebbc21a3",
                  "isHook": false,
                  "skipped": false
                }
              ],
              "suites": [],
              "passes": [
                "f6711d41-2c53-480a-8779-799e75334257"
              ],
              "failures": [],
              "pending": [],
              "skipped": [],
              "duration": 1,
              "root": false,
              "rootEmpty": false,
              "_timeout": 2000
            },
            {
              "uuid": "fc620d16-3997-49b7-ae96-c48005207c0c",
              "title": "center()",
              "fullFile": "/home/runner/work/vestaboard2mqtt/vestaboard2mqtt/test/lib/message.ts",
              "file": "/test/lib/message.ts",
              "beforeHooks": [],
              "afterHooks": [],
              "tests": [
                {
                  "title": "should work",
                  "fullTitle": "Message center() should work",
                  "timedOut": false,
                  "duration": 2,
                  "state": "passed",
                  "speed": "fast",
                  "pass": true,
                  "fail": false,
                  "pending": false,
                  "context": null,
                  "code": "const msg=new Message;msg.write(\"Hello World\");msg.write(\"This is a test.\",{line:MessageWriteOptionsLine.NEXT});msg.center();assert.strictEqual(msg.toString(),\"#==============================================#\\n#                                              #\\n#                                              #\\n#       H E L L O   W O R L D                  #\\n#       T H I S   I S   A   T E S T .          #\\n#                                              #\\n#                                              #\\n#==============================================#\\n\")",
                  "err": {},
                  "uuid": "f49a5a5a-5352-4d73-85fd-4353515256df",
                  "parentUUID": "fc620d16-3997-49b7-ae96-c48005207c0c",
                  "isHook": false,
                  "skipped": false
                }
              ],
              "suites": [],
              "passes": [
                "f49a5a5a-5352-4d73-85fd-4353515256df"
              ],
              "failures": [],
              "pending": [],
              "skipped": [],
              "duration": 2,
              "root": false,
              "rootEmpty": false,
              "_timeout": 2000
            },
            {
              "uuid": "770d6372-6587-45b0-a41a-d65bf0c0ceed",
              "title": "isEmpty()",
              "fullFile": "/home/runner/work/vestaboard2mqtt/vestaboard2mqtt/test/lib/message.ts",
              "file": "/test/lib/message.ts",
              "beforeHooks": [],
              "afterHooks": [],
              "tests": [
                {
                  "title": "should work",
                  "fullTitle": "Message isEmpty() should work",
                  "timedOut": false,
                  "duration": 0,
                  "state": "passed",
                  "speed": "fast",
                  "pass": true,
                  "fail": false,
                  "pending": false,
                  "context": null,
                  "code": "const msg=new Message;assert.strictEqual(msg.isEmpty(),true);msg.write(\"Hi\");assert.strictEqual(msg.isEmpty(),false)",
                  "err": {},
                  "uuid": "0c9fcebe-d95e-40f2-83a6-175e508140fb",
                  "parentUUID": "770d6372-6587-45b0-a41a-d65bf0c0ceed",
                  "isHook": false,
                  "skipped": false
                }
              ],
              "suites": [],
              "passes": [
                "0c9fcebe-d95e-40f2-83a6-175e508140fb"
              ],
              "failures": [],
              "pending": [],
              "skipped": [],
              "duration": 0,
              "root": false,
              "rootEmpty": false,
              "_timeout": 2000
            },
            {
              "uuid": "aa0d9168-b04e-47cd-b518-27cca49ebebe",
              "title": "toString()",
              "fullFile": "/home/runner/work/vestaboard2mqtt/vestaboard2mqtt/test/lib/message.ts",
              "file": "/test/lib/message.ts",
              "beforeHooks": [],
              "afterHooks": [],
              "tests": [
                {
                  "title": "should work with empty board",
                  "fullTitle": "Message toString() should work with empty board",
                  "timedOut": false,
                  "duration": 1,
                  "state": "passed",
                  "speed": "fast",
                  "pass": true,
                  "fail": false,
                  "pending": false,
                  "context": null,
                  "code": "const result=new Message().toString();const expected=`#==============================================#\n#                                              #\n#                                              #\n#                                              #\n#                                              #\n#                                              #\n#                                              #\n#==============================================#\n`;assert.strictEqual(result,expected)",
                  "err": {},
                  "uuid": "9734f12d-6dd7-4119-824b-ebb65d8b743a",
                  "parentUUID": "aa0d9168-b04e-47cd-b518-27cca49ebebe",
                  "isHook": false,
                  "skipped": false
                },
                {
                  "title": "should work with any supported char",
                  "fullTitle": "Message toString() should work with any supported char",
                  "timedOut": false,
                  "duration": 1,
                  "state": "passed",
                  "speed": "fast",
                  "pass": true,
                  "fail": false,
                  "pending": false,
                  "context": null,
                  "code": "const board=[[0,1,2,3,4,5,6,7,8,9,10,11,12,13,14,15,16,17,18,19,20,21],[22,23,24,25,26,27,28,29,30,31,32,33,34,35,36,37,38,39,40,41,42,44],[46,47,48,49,50,52,53,54,55,56,59,60,62,63,64,65,66,67,68,69,70,0],[0,0,0,0,0,0,0,0,0,0,0,0,0,0,0,0,0,0,0,0,0,0],[0,0,0,0,0,0,0,0,0,0,0,0,0,0,0,0,0,0,0,0,0,0],[0,0,0,0,0,0,0,0,0,0,0,0,0,0,0,0,0,0,0,0,0,0]];const result=new Message(board).toString();const expected=`#==============================================#\n#   A B C D E F G H I J K L M N O P Q R S T U  #\n# V W X Y Z 1 2 3 4 5 6 7 8 9 0 ! @ # $ ( ) -  #\n# + & = ; : ' \" % , . / ? \\xB0 \\u{1F7E5}\\u{1F7E7}\\u{1F7E8}\\u{1F7E9}\\u{1F7E6}\\u{1F7EA}\\u2B1C\\uFE0F     #\n#                                              #\n#                                              #\n#                                              #\n#==============================================#\n`;assert.strictEqual(result,expected)",
                  "err": {},
                  "uuid": "0f71facf-d8f9-48e5-b74a-e27578f55577",
                  "parentUUID": "aa0d9168-b04e-47cd-b518-27cca49ebebe",
                  "isHook": false,
                  "skipped": false
                }
              ],
              "suites": [],
              "passes": [
                "9734f12d-6dd7-4119-824b-ebb65d8b743a",
                "0f71facf-d8f9-48e5-b74a-e27578f55577"
              ],
              "failures": [],
              "pending": [],
              "skipped": [],
              "duration": 2,
              "root": false,
              "rootEmpty": false,
              "_timeout": 2000
            }
          ],
          "passes": [],
          "failures": [],
          "pending": [],
          "skipped": [],
          "duration": 0,
          "root": false,
          "rootEmpty": false,
          "_timeout": 2000
        }
      ],
      "passes": [],
      "failures": [],
      "pending": [],
      "skipped": [],
      "duration": 0,
      "root": true,
      "rootEmpty": true,
      "_timeout": 2000
    }
  ],
  "meta": {
    "mocha": {
      "version": "10.8.2"
    },
    "mochawesome": {
      "options": {
        "quiet": false,
        "reportFilename": "mochawesome",
        "saveHtml": true,
        "saveJson": true,
        "consoleReporter": "spec",
        "useInlineDiffs": false,
        "code": true
      },
      "version": "7.1.3"
    },
    "marge": {
      "options": null,
      "version": "6.2.0"
    }
  }
}