{
  "stats": {
    "suites": 12,
    "tests": 19,
    "passes": 19,
    "pending": 0,
    "failures": 0,
    "start": "2025-05-13T21:37:37.068Z",
    "end": "2025-05-13T21:37:37.097Z",
    "duration": 29,
    "testsRegistered": 19,
    "passPercent": 100,
    "pendingPercent": 0,
    "other": 0,
    "hasOther": false,
    "skipped": 0,
    "hasSkipped": false
  },
  "results": [
    {
      "uuid": "6c588350-4fb7-4dd2-9ace-0b3676215c21",
      "title": "",
      "fullFile": "",
      "file": "",
      "beforeHooks": [],
      "afterHooks": [],
      "tests": [],
      "suites": [
        {
          "uuid": "fcc9f0b1-8693-4e07-b7f4-48b35e7258a8",
          "title": "Cache",
          "fullFile": "/home/runner/work/vestaboard2mqtt/vestaboard2mqtt/test/lib/cache.ts",
          "file": "/test/lib/cache.ts",
          "beforeHooks": [],
          "afterHooks": [],
          "tests": [],
          "suites": [
            {
              "uuid": "c892c273-70f0-4f40-bfa4-64c7c524b070",
              "title": "set() / get() / delete()",
              "fullFile": "/home/runner/work/vestaboard2mqtt/vestaboard2mqtt/test/lib/cache.ts",
              "file": "/test/lib/cache.ts",
              "beforeHooks": [],
              "afterHooks": [],
              "tests": [
                {
                  "title": "should work",
                  "fullTitle": "Cache set() / get() / delete() should work",
                  "timedOut": false,
                  "duration": 1,
                  "state": "passed",
                  "speed": "fast",
                  "pass": true,
                  "fail": false,
                  "pending": false,
                  "context": null,
                  "code": "const cache=new Cache(\"tests\");assert.strictEqual(await cache.get(\"test\"),null);await cache.set(\"test\",\"foo\");assert.strictEqual(await cache.get(\"test\"),\"foo\");await cache.delete(\"test\")",
                  "err": {},
                  "uuid": "c5de0da1-f7ed-49ee-8922-cbe3a9a0c869",
                  "parentUUID": "c892c273-70f0-4f40-bfa4-64c7c524b070",
                  "isHook": false,
                  "skipped": false
                }
              ],
              "suites": [],
              "passes": [
                "c5de0da1-f7ed-49ee-8922-cbe3a9a0c869"
              ],
              "failures": [],
              "pending": [],
              "skipped": [],
              "duration": 1,
              "root": false,
              "rootEmpty": false,
              "_timeout": 2000
            }
          ],
          "passes": [],
          "failures": [],
          "pending": [],
          "skipped": [],
          "duration": 0,
          "root": false,
          "rootEmpty": false,
          "_timeout": 2000
        },
        {
          "uuid": "48dd5508-5b3e-4003-8758-787b3c6564cb",
          "title": "Calendar",
          "fullFile": "/home/runner/work/vestaboard2mqtt/vestaboard2mqtt/test/lib/calendar.ts",
          "file": "/test/lib/calendar.ts",
          "beforeHooks": [],
          "afterHooks": [],
          "tests": [],
          "suites": [
            {
              "uuid": "da836552-3d94-4c07-b6bf-290e68aae47e",
              "title": "isSameDay()",
              "fullFile": "/home/runner/work/vestaboard2mqtt/vestaboard2mqtt/test/lib/calendar.ts",
              "file": "/test/lib/calendar.ts",
              "beforeHooks": [],
              "afterHooks": [],
              "tests": [
                {
                  "title": "should work (1)",
                  "fullTitle": "Calendar isSameDay() should work (1)",
                  "timedOut": false,
                  "duration": 0,
                  "state": "passed",
                  "speed": "fast",
                  "pass": true,
                  "fail": false,
                  "pending": false,
                  "context": null,
                  "code": "const a=new Date;const b=new Date;assert.equal(CalendarPage.isSameDay(a,b),true)",
                  "err": {},
                  "uuid": "5ac94374-cdb5-4e89-b218-c625013e990c",
                  "parentUUID": "da836552-3d94-4c07-b6bf-290e68aae47e",
                  "isHook": false,
                  "skipped": false
                },
                {
                  "title": "should work (2)",
                  "fullTitle": "Calendar isSameDay() should work (2)",
                  "timedOut": false,
                  "duration": 0,
                  "state": "passed",
                  "speed": "fast",
                  "pass": true,
                  "fail": false,
                  "pending": false,
                  "context": null,
                  "code": "const a=new Date(\"2022-01-10T10:35:00.000Z\");const b=new Date(\"2022-02-10T10:35:00.000Z\");assert.equal(CalendarPage.isSameDay(a,b),false)",
                  "err": {},
                  "uuid": "5f663396-7f96-45ec-aab1-632694827bab",
                  "parentUUID": "da836552-3d94-4c07-b6bf-290e68aae47e",
                  "isHook": false,
                  "skipped": false
                }
              ],
              "suites": [],
              "passes": [
                "5ac94374-cdb5-4e89-b218-c625013e990c",
                "5f663396-7f96-45ec-aab1-632694827bab"
              ],
              "failures": [],
              "pending": [],
              "skipped": [],
              "duration": 0,
              "root": false,
              "rootEmpty": false,
              "_timeout": 2000
            }
          ],
          "passes": [],
          "failures": [],
          "pending": [],
          "skipped": [],
          "duration": 0,
          "root": false,
          "rootEmpty": false,
          "_timeout": 2000
        },
        {
          "uuid": "4686aa22-0543-4da3-af4f-40b1944f1d74",
          "title": "Message",
          "fullFile": "/home/runner/work/vestaboard2mqtt/vestaboard2mqtt/test/lib/message.ts",
          "file": "/test/lib/message.ts",
          "beforeHooks": [],
          "afterHooks": [],
          "tests": [],
          "suites": [
            {
              "uuid": "45ae8fe7-ccaf-41ed-a883-e3f963adb657",
              "title": "write()",
              "fullFile": "/home/runner/work/vestaboard2mqtt/vestaboard2mqtt/test/lib/message.ts",
              "file": "/test/lib/message.ts",
              "beforeHooks": [],
              "afterHooks": [],
              "tests": [
                {
                  "title": "should start writing from top/left",
                  "fullTitle": "Message write() should start writing from top/left",
                  "timedOut": false,
                  "duration": 3,
                  "state": "passed",
                  "speed": "fast",
                  "pass": true,
                  "fail": false,
                  "pending": false,
                  "context": null,
                  "code": "const msg=new Message;msg.write(\"Hello World\");assert.strictEqual(msg.toString(),\"#==============================================#\\n# H E L L O   W O R L D                        #\\n#                                              #\\n#                                              #\\n#                                              #\\n#                                              #\\n#                                              #\\n#==============================================#\\n\")",
                  "err": {},
                  "uuid": "bc92b45c-5f64-4f14-98ea-40f2c4dfc001",
                  "parentUUID": "45ae8fe7-ccaf-41ed-a883-e3f963adb657",
                  "isHook": false,
                  "skipped": false
                },
                {
                  "title": "should accept line & row for positioning",
                  "fullTitle": "Message write() should accept line & row for positioning",
                  "timedOut": false,
                  "duration": 2,
                  "state": "passed",
                  "speed": "fast",
                  "pass": true,
                  "fail": false,
                  "pending": false,
                  "context": null,
                  "code": "const msg=new Message;msg.write(\"Hello World\",{line:2,row:5});assert.strictEqual(msg.toString(),\"#==============================================#\\n#                                              #\\n#                                              #\\n#           H E L L O   W O R L D              #\\n#                                              #\\n#                                              #\\n#                                              #\\n#==============================================#\\n\")",
                  "err": {},
                  "uuid": "5ce9948f-2539-4977-8414-6fd2f9c77462",
                  "parentUUID": "45ae8fe7-ccaf-41ed-a883-e3f963adb657",
                  "isHook": false,
                  "skipped": false
                },
                {
                  "title": "should add another line if text is too long",
                  "fullTitle": "Message write() should add another line if text is too long",
                  "timedOut": false,
                  "duration": 2,
                  "state": "passed",
                  "speed": "fast",
                  "pass": true,
                  "fail": false,
                  "pending": false,
                  "context": null,
                  "code": "const msg=new Message;msg.write(\"Lorem ipsum dolor sit amet, consetetur sadipscing elitr, sed diam nonumy eirmod tempor invidunt\");assert.strictEqual(msg.toString(),\"#==============================================#\\n# L O R E M   I P S U M   D O L O R   S I T    #\\n# A M E T ,   C O N S E T E T U R              #\\n# S A D I P S C I N G   E L I T R ,   S E D    #\\n# D I A M   N O N U M Y   E I R M O D          #\\n# T E M P O R   I N V I D U N T                #\\n#                                              #\\n#==============================================#\\n\")",
                  "err": {},
                  "uuid": "04d91db6-bdf9-4d07-a34e-460ac205e8d2",
                  "parentUUID": "45ae8fe7-ccaf-41ed-a883-e3f963adb657",
                  "isHook": false,
                  "skipped": false
                },
                {
                  "title": "should work with words > board length",
                  "fullTitle": "Message write() should work with words > board length",
                  "timedOut": false,
                  "duration": 2,
                  "state": "passed",
                  "speed": "fast",
                  "pass": true,
                  "fail": false,
                  "pending": false,
                  "context": null,
                  "code": "const msg=new Message;msg.write(\"Lorem-ipsum-dolor-sit-amet\");assert.strictEqual(msg.toString(),\"#==============================================#\\n# L O R E M - I P S U M - D O L O R - S I T -  #\\n#                                              #\\n#                                              #\\n#                                              #\\n#                                              #\\n#                                              #\\n#==============================================#\\n\")",
                  "err": {},
                  "uuid": "006df89e-f554-40e8-aee3-2492f7dcd837",
                  "parentUUID": "45ae8fe7-ccaf-41ed-a883-e3f963adb657",
                  "isHook": false,
                  "skipped": false
                },
                {
                  "title": "should allow to use CURRENT and NEXT line flags",
                  "fullTitle": "Message write() should allow to use CURRENT and NEXT line flags",
                  "timedOut": false,
                  "duration": 1,
                  "state": "passed",
                  "speed": "fast",
                  "pass": true,
                  "fail": false,
                  "pending": false,
                  "context": null,
                  "code": "const msg=new Message;msg.write(\"13:00\",{line:MessageWriteOptionsLine.CURRENT});msg.write(\"Daily\",{line:MessageWriteOptionsLine.CURRENT,row:6});msg.write(\"\",{line:MessageWriteOptionsLine.NEXT});msg.write(\"18:00\",{line:MessageWriteOptionsLine.NEXT});msg.write(\"Fischst\\xE4bchen, Spinat & Ei\",{line:MessageWriteOptionsLine.CURRENT,row:6});msg.write(\"\",{line:MessageWriteOptionsLine.NEXT});msg.write(\"20:00\",{line:MessageWriteOptionsLine.NEXT});msg.write(\"Sandm\\xE4nnchen\",{line:MessageWriteOptionsLine.CURRENT,row:6});assert.strictEqual(msg.toString(),\"#==============================================#\\n# 1 3 : 0 0   D A I L Y                        #\\n#                                              #\\n# 1 8 : 0 0   F I S C H S T A E B C H E N ,    #\\n#             S P I N A T   &   E I            #\\n#                                              #\\n# 2 0 : 0 0   S A N D M A E N N C H E N        #\\n#==============================================#\\n\")",
                  "err": {},
                  "uuid": "db8b0f9e-1321-46ee-b3bc-fa10118ebbcb",
                  "parentUUID": "45ae8fe7-ccaf-41ed-a883-e3f963adb657",
                  "isHook": false,
                  "skipped": false
                },
                {
                  "title": "should remove unsupported words",
                  "fullTitle": "Message write() should remove unsupported words",
                  "timedOut": false,
                  "duration": 1,
                  "state": "passed",
                  "speed": "fast",
                  "pass": true,
                  "fail": false,
                  "pending": false,
                  "context": null,
                  "code": "const msg=new Message;msg.write(\"\\u{1F4AA}\\u{1F3FC} Gym\");assert.strictEqual(msg.toString(),\"#==============================================#\\n# G Y M                                        #\\n#                                              #\\n#                                              #\\n#                                              #\\n#                                              #\\n#                                              #\\n#==============================================#\\n\")",
                  "err": {},
                  "uuid": "516c06ca-0189-4487-8434-458fe13556a2",
                  "parentUUID": "45ae8fe7-ccaf-41ed-a883-e3f963adb657",
                  "isHook": false,
                  "skipped": false
                }
              ],
              "suites": [],
              "passes": [
                "bc92b45c-5f64-4f14-98ea-40f2c4dfc001",
                "5ce9948f-2539-4977-8414-6fd2f9c77462",
                "04d91db6-bdf9-4d07-a34e-460ac205e8d2",
                "006df89e-f554-40e8-aee3-2492f7dcd837",
                "db8b0f9e-1321-46ee-b3bc-fa10118ebbcb",
                "516c06ca-0189-4487-8434-458fe13556a2"
              ],
              "failures": [],
              "pending": [],
              "skipped": [],
              "duration": 11,
              "root": false,
              "rootEmpty": false,
              "_timeout": 2000
            },
            {
              "uuid": "9a274cfe-cc2d-42ee-b924-edcae1ef347c",
              "title": "repeat()",
              "fullFile": "/home/runner/work/vestaboard2mqtt/vestaboard2mqtt/test/lib/message.ts",
              "file": "/test/lib/message.ts",
              "beforeHooks": [],
              "afterHooks": [],
              "tests": [
                {
                  "title": "should work",
                  "fullTitle": "Message repeat() should work",
                  "timedOut": false,
                  "duration": 1,
                  "state": "passed",
                  "speed": "fast",
                  "pass": true,
                  "fail": false,
                  "pending": false,
                  "context": null,
                  "code": "const msg=new Message;msg.repeat(\"\\u{1F7E7}\",{line:2});assert.strictEqual(msg.toString(),\"#==============================================#\\n#                                              #\\n#                                              #\\n# \\u{1F7E7}\\u{1F7E7}\\u{1F7E7}\\u{1F7E7}\\u{1F7E7}\\u{1F7E7}\\u{1F7E7}\\u{1F7E7}\\u{1F7E7}\\u{1F7E7}\\u{1F7E7}\\u{1F7E7}\\u{1F7E7}\\u{1F7E7}\\u{1F7E7}\\u{1F7E7}\\u{1F7E7}\\u{1F7E7}\\u{1F7E7}\\u{1F7E7}\\u{1F7E7}\\u{1F7E7} #\\n#                                              #\\n#                                              #\\n#                                              #\\n#==============================================#\\n\")",
                  "err": {},
                  "uuid": "bd07c5f9-f5a8-45e5-be56-34c60d6f1d6a",
                  "parentUUID": "9a274cfe-cc2d-42ee-b924-edcae1ef347c",
                  "isHook": false,
                  "skipped": false
                }
              ],
              "suites": [],
              "passes": [
                "bd07c5f9-f5a8-45e5-be56-34c60d6f1d6a"
              ],
              "failures": [],
              "pending": [],
              "skipped": [],
              "duration": 1,
              "root": false,
              "rootEmpty": false,
              "_timeout": 2000
            },
            {
              "uuid": "216b7eab-76ee-4d5a-8a29-8b56c0939d6d",
              "title": "word2char()",
              "fullFile": "/home/runner/work/vestaboard2mqtt/vestaboard2mqtt/test/lib/message.ts",
              "file": "/test/lib/message.ts",
              "beforeHooks": [],
              "afterHooks": [],
              "tests": [
                {
                  "title": "should work",
                  "fullTitle": "Message word2char() should work",
                  "timedOut": false,
                  "duration": 0,
                  "state": "passed",
                  "speed": "fast",
                  "pass": true,
                  "fail": false,
                  "pending": false,
                  "context": null,
                  "code": "assert.deepStrictEqual(Message.word2chars(\"Hello\"),[8,5,12,12,15])",
                  "err": {},
                  "uuid": "9d7039e7-120f-4a01-9cc8-edfbd700bb31",
                  "parentUUID": "216b7eab-76ee-4d5a-8a29-8b56c0939d6d",
                  "isHook": false,
                  "skipped": false
                },
                {
                  "title": "should handle german Umlaute",
                  "fullTitle": "Message word2char() should handle german Umlaute",
                  "timedOut": false,
                  "duration": 0,
                  "state": "passed",
                  "speed": "fast",
                  "pass": true,
                  "fail": false,
                  "pending": false,
                  "context": null,
                  "code": "assert.deepStrictEqual(Message.word2chars(\"K\\xE4se\"),[11,1,5,19,5])",
                  "err": {},
                  "uuid": "f1e75001-5560-4864-b96a-26b1b3f57ae4",
                  "parentUUID": "216b7eab-76ee-4d5a-8a29-8b56c0939d6d",
                  "isHook": false,
                  "skipped": false
                },
                {
                  "title": "should handle color emojis",
                  "fullTitle": "Message word2char() should handle color emojis",
                  "timedOut": false,
                  "duration": 0,
                  "state": "passed",
                  "speed": "fast",
                  "pass": true,
                  "fail": false,
                  "pending": false,
                  "context": null,
                  "code": "assert.deepStrictEqual(Message.word2chars(\"\\u{1F7E5}\\u{1F7E7}\\u{1F7E8}\\u{1F7E9}\\u{1F7E6}\\u{1F7EA}\\u2B1C\\u2B1B\"),[63,64,65,66,67,68,69,0])",
                  "err": {},
                  "uuid": "4beabf85-df95-4305-9477-78d9ca773ce2",
                  "parentUUID": "216b7eab-76ee-4d5a-8a29-8b56c0939d6d",
                  "isHook": false,
                  "skipped": false
                },
                {
                  "title": "should remove special chars",
                  "fullTitle": "Message word2char() should remove special chars",
                  "timedOut": false,
                  "duration": 0,
                  "state": "passed",
                  "speed": "fast",
                  "pass": true,
                  "fail": false,
                  "pending": false,
                  "context": null,
                  "code": "assert.deepStrictEqual(Message.word2chars(\"H\\xE9llo\"),[8,60,12,12,15])",
                  "err": {},
                  "uuid": "acb9d9e4-6fc4-4d4b-ab3e-606f7a158498",
                  "parentUUID": "216b7eab-76ee-4d5a-8a29-8b56c0939d6d",
                  "isHook": false,
                  "skipped": false
                }
              ],
              "suites": [],
              "passes": [
                "9d7039e7-120f-4a01-9cc8-edfbd700bb31",
                "f1e75001-5560-4864-b96a-26b1b3f57ae4",
                "4beabf85-df95-4305-9477-78d9ca773ce2",
                "acb9d9e4-6fc4-4d4b-ab3e-606f7a158498"
              ],
              "failures": [],
              "pending": [],
              "skipped": [],
              "duration": 0,
              "root": false,
              "rootEmpty": false,
              "_timeout": 2000
            },
            {
              "uuid": "9e59af6c-2b96-4568-9dfe-3f479dd8600b",
              "title": "centerLines()",
              "fullFile": "/home/runner/work/vestaboard2mqtt/vestaboard2mqtt/test/lib/message.ts",
              "file": "/test/lib/message.ts",
              "beforeHooks": [],
              "afterHooks": [],
              "tests": [
                {
                  "title": "should work",
                  "fullTitle": "Message centerLines() should work",
                  "timedOut": false,
                  "duration": 1,
                  "state": "passed",
                  "speed": "fast",
                  "pass": true,
                  "fail": false,
                  "pending": false,
                  "context": null,
                  "code": "const msg=new Message;msg.write(\"Hello World\");msg.write(\"This is a test.\",{line:MessageWriteOptionsLine.NEXT});msg.centerLines();assert.strictEqual(msg.toString(),\"#==============================================#\\n#           H E L L O   W O R L D              #\\n#       T H I S   I S   A   T E S T .          #\\n#                                              #\\n#                                              #\\n#                                              #\\n#                                              #\\n#==============================================#\\n\")",
                  "err": {},
                  "uuid": "d9fa2574-429a-4afc-a88e-6bb9840e1ebb",
                  "parentUUID": "9e59af6c-2b96-4568-9dfe-3f479dd8600b",
                  "isHook": false,
                  "skipped": false
                }
              ],
              "suites": [],
              "passes": [
                "d9fa2574-429a-4afc-a88e-6bb9840e1ebb"
              ],
              "failures": [],
              "pending": [],
              "skipped": [],
              "duration": 1,
              "root": false,
              "rootEmpty": false,
              "_timeout": 2000
            },
            {
              "uuid": "2bb2692d-8eb2-45ed-b1ee-fb373294ad6c",
              "title": "center()",
              "fullFile": "/home/runner/work/vestaboard2mqtt/vestaboard2mqtt/test/lib/message.ts",
              "file": "/test/lib/message.ts",
              "beforeHooks": [],
              "afterHooks": [],
              "tests": [
                {
                  "title": "should work",
                  "fullTitle": "Message center() should work",
                  "timedOut": false,
                  "duration": 1,
                  "state": "passed",
                  "speed": "fast",
                  "pass": true,
                  "fail": false,
                  "pending": false,
                  "context": null,
                  "code": "const msg=new Message;msg.write(\"Hello World\");msg.write(\"This is a test.\",{line:MessageWriteOptionsLine.NEXT});msg.center();assert.strictEqual(msg.toString(),\"#==============================================#\\n#                                              #\\n#                                              #\\n#       H E L L O   W O R L D                  #\\n#       T H I S   I S   A   T E S T .          #\\n#                                              #\\n#                                              #\\n#==============================================#\\n\")",
                  "err": {},
                  "uuid": "a6985f9b-f7bb-44be-830b-93b7dca3234f",
                  "parentUUID": "2bb2692d-8eb2-45ed-b1ee-fb373294ad6c",
                  "isHook": false,
                  "skipped": false
                }
              ],
              "suites": [],
              "passes": [
                "a6985f9b-f7bb-44be-830b-93b7dca3234f"
              ],
              "failures": [],
              "pending": [],
              "skipped": [],
              "duration": 1,
              "root": false,
              "rootEmpty": false,
              "_timeout": 2000
            },
            {
              "uuid": "ce36bbf3-1472-484c-9f21-6c103b7c2549",
              "title": "isEmpty()",
              "fullFile": "/home/runner/work/vestaboard2mqtt/vestaboard2mqtt/test/lib/message.ts",
              "file": "/test/lib/message.ts",
              "beforeHooks": [],
              "afterHooks": [],
              "tests": [
                {
                  "title": "should work",
                  "fullTitle": "Message isEmpty() should work",
                  "timedOut": false,
                  "duration": 0,
                  "state": "passed",
                  "speed": "fast",
                  "pass": true,
                  "fail": false,
                  "pending": false,
                  "context": null,
                  "code": "const msg=new Message;assert.strictEqual(msg.isEmpty(),true);msg.write(\"Hi\");assert.strictEqual(msg.isEmpty(),false)",
                  "err": {},
                  "uuid": "b5006afc-4014-47cc-8c93-9bcdbb4f82f5",
                  "parentUUID": "ce36bbf3-1472-484c-9f21-6c103b7c2549",
                  "isHook": false,
                  "skipped": false
                }
              ],
              "suites": [],
              "passes": [
                "b5006afc-4014-47cc-8c93-9bcdbb4f82f5"
              ],
              "failures": [],
              "pending": [],
              "skipped": [],
              "duration": 0,
              "root": false,
              "rootEmpty": false,
              "_timeout": 2000
            },
            {
              "uuid": "2a507ac6-37e9-4112-9c67-c132668511b4",
              "title": "toString()",
              "fullFile": "/home/runner/work/vestaboard2mqtt/vestaboard2mqtt/test/lib/message.ts",
              "file": "/test/lib/message.ts",
              "beforeHooks": [],
              "afterHooks": [],
              "tests": [
                {
                  "title": "should work with empty board",
                  "fullTitle": "Message toString() should work with empty board",
                  "timedOut": false,
                  "duration": 1,
                  "state": "passed",
                  "speed": "fast",
                  "pass": true,
                  "fail": false,
                  "pending": false,
                  "context": null,
                  "code": "const result=new Message().toString();const expected=`#==============================================#\n#                                              #\n#                                              #\n#                                              #\n#                                              #\n#                                              #\n#                                              #\n#==============================================#\n`;assert.strictEqual(result,expected)",
                  "err": {},
                  "uuid": "a5b41bd6-1e84-4c19-af1f-a029c1fbec05",
                  "parentUUID": "2a507ac6-37e9-4112-9c67-c132668511b4",
                  "isHook": false,
                  "skipped": false
                },
                {
                  "title": "should work with any supported char",
                  "fullTitle": "Message toString() should work with any supported char",
                  "timedOut": false,
                  "duration": 1,
                  "state": "passed",
                  "speed": "fast",
                  "pass": true,
                  "fail": false,
                  "pending": false,
                  "context": null,
                  "code": "const board=[[0,1,2,3,4,5,6,7,8,9,10,11,12,13,14,15,16,17,18,19,20,21],[22,23,24,25,26,27,28,29,30,31,32,33,34,35,36,37,38,39,40,41,42,44],[46,47,48,49,50,52,53,54,55,56,59,60,62,63,64,65,66,67,68,69,70,0],[0,0,0,0,0,0,0,0,0,0,0,0,0,0,0,0,0,0,0,0,0,0],[0,0,0,0,0,0,0,0,0,0,0,0,0,0,0,0,0,0,0,0,0,0],[0,0,0,0,0,0,0,0,0,0,0,0,0,0,0,0,0,0,0,0,0,0]];const result=new Message(board).toString();const expected=`#==============================================#\n#   A B C D E F G H I J K L M N O P Q R S T U  #\n# V W X Y Z 1 2 3 4 5 6 7 8 9 0 ! @ # $ ( ) -  #\n# + & = ; : ' \" % , . / ? \\xB0 \\u{1F7E5}\\u{1F7E7}\\u{1F7E8}\\u{1F7E9}\\u{1F7E6}\\u{1F7EA}\\u2B1C\\uFE0F     #\n#                                              #\n#                                              #\n#                                              #\n#==============================================#\n`;assert.strictEqual(result,expected)",
                  "err": {},
                  "uuid": "42ff5455-ef65-409e-adc3-5039c8a99269",
                  "parentUUID": "2a507ac6-37e9-4112-9c67-c132668511b4",
                  "isHook": false,
                  "skipped": false
                }
              ],
              "suites": [],
              "passes": [
                "a5b41bd6-1e84-4c19-af1f-a029c1fbec05",
                "42ff5455-ef65-409e-adc3-5039c8a99269"
              ],
              "failures": [],
              "pending": [],
              "skipped": [],
              "duration": 2,
              "root": false,
              "rootEmpty": false,
              "_timeout": 2000
            }
          ],
          "passes": [],
          "failures": [],
          "pending": [],
          "skipped": [],
          "duration": 0,
          "root": false,
          "rootEmpty": false,
          "_timeout": 2000
        }
      ],
      "passes": [],
      "failures": [],
      "pending": [],
      "skipped": [],
      "duration": 0,
      "root": true,
      "rootEmpty": true,
      "_timeout": 2000
    }
  ],
  "meta": {
    "mocha": {
      "version": "11.2.2"
    },
    "mochawesome": {
      "options": {
        "quiet": false,
        "reportFilename": "mochawesome",
        "saveHtml": true,
        "saveJson": true,
        "consoleReporter": "spec",
        "useInlineDiffs": false,
        "code": true
      },
      "version": "7.1.3"
    },
    "marge": {
      "options": null,
      "version": "6.2.0"
    }
  }
}