{
  "stats": {
    "suites": 12,
    "tests": 19,
    "passes": 19,
    "pending": 0,
    "failures": 0,
    "start": "2025-08-24T18:31:57.468Z",
    "end": "2025-08-24T18:31:57.500Z",
    "duration": 32,
    "testsRegistered": 19,
    "passPercent": 100,
    "pendingPercent": 0,
    "other": 0,
    "hasOther": false,
    "skipped": 0,
    "hasSkipped": false
  },
  "results": [
    {
      "uuid": "32613837-4b47-4637-89b7-812139c2cf9f",
      "title": "",
      "fullFile": "",
      "file": "",
      "beforeHooks": [],
      "afterHooks": [],
      "tests": [],
      "suites": [
        {
          "uuid": "31e9f614-e7b6-4c3e-99bd-02fb68fc5e38",
          "title": "Cache",
          "fullFile": "/home/runner/work/vestaboard2mqtt/vestaboard2mqtt/test/lib/cache.ts",
          "file": "/test/lib/cache.ts",
          "beforeHooks": [],
          "afterHooks": [],
          "tests": [],
          "suites": [
            {
              "uuid": "433e4894-1b93-46b9-9157-bf70893757c7",
              "title": "set() / get() / delete()",
              "fullFile": "/home/runner/work/vestaboard2mqtt/vestaboard2mqtt/test/lib/cache.ts",
              "file": "/test/lib/cache.ts",
              "beforeHooks": [],
              "afterHooks": [],
              "tests": [
                {
                  "title": "should work",
                  "fullTitle": "Cache set() / get() / delete() should work",
                  "timedOut": false,
                  "duration": 2,
                  "state": "passed",
                  "speed": "fast",
                  "pass": true,
                  "fail": false,
                  "pending": false,
                  "context": null,
                  "code": "const cache=new import_cache.default(\"tests\");assert.strictEqual(await cache.get(\"test\"),null);await cache.set(\"test\",\"foo\");assert.strictEqual(await cache.get(\"test\"),\"foo\");await cache.delete(\"test\")",
                  "err": {},
                  "uuid": "2bf6e6ac-171f-4565-aed3-57d983eb7ecf",
                  "parentUUID": "433e4894-1b93-46b9-9157-bf70893757c7",
                  "isHook": false,
                  "skipped": false
                }
              ],
              "suites": [],
              "passes": [
                "2bf6e6ac-171f-4565-aed3-57d983eb7ecf"
              ],
              "failures": [],
              "pending": [],
              "skipped": [],
              "duration": 2,
              "root": false,
              "rootEmpty": false,
              "_timeout": 2000
            }
          ],
          "passes": [],
          "failures": [],
          "pending": [],
          "skipped": [],
          "duration": 0,
          "root": false,
          "rootEmpty": false,
          "_timeout": 2000
        },
        {
          "uuid": "325abeb9-f84d-4076-8e95-b3977e692012",
          "title": "Calendar",
          "fullFile": "/home/runner/work/vestaboard2mqtt/vestaboard2mqtt/test/lib/calendar.ts",
          "file": "/test/lib/calendar.ts",
          "beforeHooks": [],
          "afterHooks": [],
          "tests": [],
          "suites": [
            {
              "uuid": "f25e04cf-7da7-45e0-8af1-1ed3302f519a",
              "title": "isSameDay()",
              "fullFile": "/home/runner/work/vestaboard2mqtt/vestaboard2mqtt/test/lib/calendar.ts",
              "file": "/test/lib/calendar.ts",
              "beforeHooks": [],
              "afterHooks": [],
              "tests": [
                {
                  "title": "should work (1)",
                  "fullTitle": "Calendar isSameDay() should work (1)",
                  "timedOut": false,
                  "duration": 0,
                  "state": "passed",
                  "speed": "fast",
                  "pass": true,
                  "fail": false,
                  "pending": false,
                  "context": null,
                  "code": "const a=new Date;const b=new Date;assert.equal(import_calendar.default.isSameDay(a,b),true)",
                  "err": {},
                  "uuid": "a51f3abd-09ac-47b1-84cd-ceb3676130fb",
                  "parentUUID": "f25e04cf-7da7-45e0-8af1-1ed3302f519a",
                  "isHook": false,
                  "skipped": false
                },
                {
                  "title": "should work (2)",
                  "fullTitle": "Calendar isSameDay() should work (2)",
                  "timedOut": false,
                  "duration": 0,
                  "state": "passed",
                  "speed": "fast",
                  "pass": true,
                  "fail": false,
                  "pending": false,
                  "context": null,
                  "code": "const a=new Date(\"2022-01-10T10:35:00.000Z\");const b=new Date(\"2022-02-10T10:35:00.000Z\");assert.equal(import_calendar.default.isSameDay(a,b),false)",
                  "err": {},
                  "uuid": "d0299266-4f5e-40ef-9e6d-9f207becd259",
                  "parentUUID": "f25e04cf-7da7-45e0-8af1-1ed3302f519a",
                  "isHook": false,
                  "skipped": false
                }
              ],
              "suites": [],
              "passes": [
                "a51f3abd-09ac-47b1-84cd-ceb3676130fb",
                "d0299266-4f5e-40ef-9e6d-9f207becd259"
              ],
              "failures": [],
              "pending": [],
              "skipped": [],
              "duration": 0,
              "root": false,
              "rootEmpty": false,
              "_timeout": 2000
            }
          ],
          "passes": [],
          "failures": [],
          "pending": [],
          "skipped": [],
          "duration": 0,
          "root": false,
          "rootEmpty": false,
          "_timeout": 2000
        },
        {
          "uuid": "596b91e7-9c1f-4fdc-84ab-a9ab2261387e",
          "title": "Message",
          "fullFile": "/home/runner/work/vestaboard2mqtt/vestaboard2mqtt/test/lib/message.ts",
          "file": "/test/lib/message.ts",
          "beforeHooks": [],
          "afterHooks": [],
          "tests": [],
          "suites": [
            {
              "uuid": "380fbfd2-9fcd-4c69-9033-cac369b324e9",
              "title": "write()",
              "fullFile": "/home/runner/work/vestaboard2mqtt/vestaboard2mqtt/test/lib/message.ts",
              "file": "/test/lib/message.ts",
              "beforeHooks": [],
              "afterHooks": [],
              "tests": [
                {
                  "title": "should start writing from top/left",
                  "fullTitle": "Message write() should start writing from top/left",
                  "timedOut": false,
                  "duration": 3,
                  "state": "passed",
                  "speed": "fast",
                  "pass": true,
                  "fail": false,
                  "pending": false,
                  "context": null,
                  "code": "const msg=new import_message.default;msg.write(\"Hello World\");assert.strictEqual(msg.toString(),\"#==============================================#\\n# H E L L O   W O R L D                        #\\n#                                              #\\n#                                              #\\n#                                              #\\n#                                              #\\n#                                              #\\n#==============================================#\\n\")",
                  "err": {},
                  "uuid": "be8b50ef-50a2-411c-b960-609e78d1df91",
                  "parentUUID": "380fbfd2-9fcd-4c69-9033-cac369b324e9",
                  "isHook": false,
                  "skipped": false
                },
                {
                  "title": "should accept line & row for positioning",
                  "fullTitle": "Message write() should accept line & row for positioning",
                  "timedOut": false,
                  "duration": 3,
                  "state": "passed",
                  "speed": "fast",
                  "pass": true,
                  "fail": false,
                  "pending": false,
                  "context": null,
                  "code": "const msg=new import_message.default;msg.write(\"Hello World\",{line:2,row:5});assert.strictEqual(msg.toString(),\"#==============================================#\\n#                                              #\\n#                                              #\\n#           H E L L O   W O R L D              #\\n#                                              #\\n#                                              #\\n#                                              #\\n#==============================================#\\n\")",
                  "err": {},
                  "uuid": "b0d27496-97d0-48b7-9c1e-46cefc308a55",
                  "parentUUID": "380fbfd2-9fcd-4c69-9033-cac369b324e9",
                  "isHook": false,
                  "skipped": false
                },
                {
                  "title": "should add another line if text is too long",
                  "fullTitle": "Message write() should add another line if text is too long",
                  "timedOut": false,
                  "duration": 2,
                  "state": "passed",
                  "speed": "fast",
                  "pass": true,
                  "fail": false,
                  "pending": false,
                  "context": null,
                  "code": "const msg=new import_message.default;msg.write(\"Lorem ipsum dolor sit amet, consetetur sadipscing elitr, sed diam nonumy eirmod tempor invidunt\");assert.strictEqual(msg.toString(),\"#==============================================#\\n# L O R E M   I P S U M   D O L O R   S I T    #\\n# A M E T ,   C O N S E T E T U R              #\\n# S A D I P S C I N G   E L I T R ,   S E D    #\\n# D I A M   N O N U M Y   E I R M O D          #\\n# T E M P O R   I N V I D U N T                #\\n#                                              #\\n#==============================================#\\n\")",
                  "err": {},
                  "uuid": "1b7523b2-9d2e-4633-b3aa-28d95aa2d078",
                  "parentUUID": "380fbfd2-9fcd-4c69-9033-cac369b324e9",
                  "isHook": false,
                  "skipped": false
                },
                {
                  "title": "should work with words > board length",
                  "fullTitle": "Message write() should work with words > board length",
                  "timedOut": false,
                  "duration": 2,
                  "state": "passed",
                  "speed": "fast",
                  "pass": true,
                  "fail": false,
                  "pending": false,
                  "context": null,
                  "code": "const msg=new import_message.default;msg.write(\"Lorem-ipsum-dolor-sit-amet\");assert.strictEqual(msg.toString(),\"#==============================================#\\n# L O R E M - I P S U M - D O L O R - S I T -  #\\n#                                              #\\n#                                              #\\n#                                              #\\n#                                              #\\n#                                              #\\n#==============================================#\\n\")",
                  "err": {},
                  "uuid": "162375df-0681-43c2-9906-0d5aee0871ae",
                  "parentUUID": "380fbfd2-9fcd-4c69-9033-cac369b324e9",
                  "isHook": false,
                  "skipped": false
                },
                {
                  "title": "should allow to use CURRENT and NEXT line flags",
                  "fullTitle": "Message write() should allow to use CURRENT and NEXT line flags",
                  "timedOut": false,
                  "duration": 2,
                  "state": "passed",
                  "speed": "fast",
                  "pass": true,
                  "fail": false,
                  "pending": false,
                  "context": null,
                  "code": "const msg=new import_message.default;msg.write(\"13:00\",{line:import_message.MessageWriteOptionsLine.CURRENT});msg.write(\"Daily\",{line:import_message.MessageWriteOptionsLine.CURRENT,row:6});msg.write(\"\",{line:import_message.MessageWriteOptionsLine.NEXT});msg.write(\"18:00\",{line:import_message.MessageWriteOptionsLine.NEXT});msg.write(\"Fischst\\xE4bchen, Spinat & Ei\",{line:import_message.MessageWriteOptionsLine.CURRENT,row:6});msg.write(\"\",{line:import_message.MessageWriteOptionsLine.NEXT});msg.write(\"20:00\",{line:import_message.MessageWriteOptionsLine.NEXT});msg.write(\"Sandm\\xE4nnchen\",{line:import_message.MessageWriteOptionsLine.CURRENT,row:6});assert.strictEqual(msg.toString(),\"#==============================================#\\n# 1 3 : 0 0   D A I L Y                        #\\n#                                              #\\n# 1 8 : 0 0   F I S C H S T A E B C H E N ,    #\\n#             S P I N A T   &   E I            #\\n#                                              #\\n# 2 0 : 0 0   S A N D M A E N N C H E N        #\\n#==============================================#\\n\")",
                  "err": {},
                  "uuid": "b9639a91-ab0b-4953-ab0f-1633176fa26b",
                  "parentUUID": "380fbfd2-9fcd-4c69-9033-cac369b324e9",
                  "isHook": false,
                  "skipped": false
                },
                {
                  "title": "should remove unsupported words",
                  "fullTitle": "Message write() should remove unsupported words",
                  "timedOut": false,
                  "duration": 1,
                  "state": "passed",
                  "speed": "fast",
                  "pass": true,
                  "fail": false,
                  "pending": false,
                  "context": null,
                  "code": "const msg=new import_message.default;msg.write(\"\\u{1F4AA}\\u{1F3FC} Gym\");assert.strictEqual(msg.toString(),\"#==============================================#\\n# G Y M                                        #\\n#                                              #\\n#                                              #\\n#                                              #\\n#                                              #\\n#                                              #\\n#==============================================#\\n\")",
                  "err": {},
                  "uuid": "267da812-1de6-4778-b724-fd0cef199ccf",
                  "parentUUID": "380fbfd2-9fcd-4c69-9033-cac369b324e9",
                  "isHook": false,
                  "skipped": false
                }
              ],
              "suites": [],
              "passes": [
                "be8b50ef-50a2-411c-b960-609e78d1df91",
                "b0d27496-97d0-48b7-9c1e-46cefc308a55",
                "1b7523b2-9d2e-4633-b3aa-28d95aa2d078",
                "162375df-0681-43c2-9906-0d5aee0871ae",
                "b9639a91-ab0b-4953-ab0f-1633176fa26b",
                "267da812-1de6-4778-b724-fd0cef199ccf"
              ],
              "failures": [],
              "pending": [],
              "skipped": [],
              "duration": 13,
              "root": false,
              "rootEmpty": false,
              "_timeout": 2000
            },
            {
              "uuid": "5414ef08-48ba-4f5a-86a7-d219e6eb4656",
              "title": "repeat()",
              "fullFile": "/home/runner/work/vestaboard2mqtt/vestaboard2mqtt/test/lib/message.ts",
              "file": "/test/lib/message.ts",
              "beforeHooks": [],
              "afterHooks": [],
              "tests": [
                {
                  "title": "should work",
                  "fullTitle": "Message repeat() should work",
                  "timedOut": false,
                  "duration": 1,
                  "state": "passed",
                  "speed": "fast",
                  "pass": true,
                  "fail": false,
                  "pending": false,
                  "context": null,
                  "code": "const msg=new import_message.default;msg.repeat(\"\\u{1F7E7}\",{line:2});assert.strictEqual(msg.toString(),\"#==============================================#\\n#                                              #\\n#                                              #\\n# \\u{1F7E7}\\u{1F7E7}\\u{1F7E7}\\u{1F7E7}\\u{1F7E7}\\u{1F7E7}\\u{1F7E7}\\u{1F7E7}\\u{1F7E7}\\u{1F7E7}\\u{1F7E7}\\u{1F7E7}\\u{1F7E7}\\u{1F7E7}\\u{1F7E7}\\u{1F7E7}\\u{1F7E7}\\u{1F7E7}\\u{1F7E7}\\u{1F7E7}\\u{1F7E7}\\u{1F7E7} #\\n#                                              #\\n#                                              #\\n#                                              #\\n#==============================================#\\n\")",
                  "err": {},
                  "uuid": "395fbc84-527d-4b5d-8cb2-85d727d71742",
                  "parentUUID": "5414ef08-48ba-4f5a-86a7-d219e6eb4656",
                  "isHook": false,
                  "skipped": false
                }
              ],
              "suites": [],
              "passes": [
                "395fbc84-527d-4b5d-8cb2-85d727d71742"
              ],
              "failures": [],
              "pending": [],
              "skipped": [],
              "duration": 1,
              "root": false,
              "rootEmpty": false,
              "_timeout": 2000
            },
            {
              "uuid": "ce681163-89a0-46bb-bdd7-56a9eb8560d0",
              "title": "word2char()",
              "fullFile": "/home/runner/work/vestaboard2mqtt/vestaboard2mqtt/test/lib/message.ts",
              "file": "/test/lib/message.ts",
              "beforeHooks": [],
              "afterHooks": [],
              "tests": [
                {
                  "title": "should work",
                  "fullTitle": "Message word2char() should work",
                  "timedOut": false,
                  "duration": 0,
                  "state": "passed",
                  "speed": "fast",
                  "pass": true,
                  "fail": false,
                  "pending": false,
                  "context": null,
                  "code": "assert.deepStrictEqual(import_message.default.word2chars(\"Hello\"),[8,5,12,12,15])",
                  "err": {},
                  "uuid": "227d1b2e-0f1c-4f2d-a9f3-98fbd6ffa676",
                  "parentUUID": "ce681163-89a0-46bb-bdd7-56a9eb8560d0",
                  "isHook": false,
                  "skipped": false
                },
                {
                  "title": "should handle german Umlaute",
                  "fullTitle": "Message word2char() should handle german Umlaute",
                  "timedOut": false,
                  "duration": 1,
                  "state": "passed",
                  "speed": "fast",
                  "pass": true,
                  "fail": false,
                  "pending": false,
                  "context": null,
                  "code": "assert.deepStrictEqual(import_message.default.word2chars(\"K\\xE4se\"),[11,1,5,19,5])",
                  "err": {},
                  "uuid": "bf6c9098-35cd-4fbe-ba3e-925ece22f522",
                  "parentUUID": "ce681163-89a0-46bb-bdd7-56a9eb8560d0",
                  "isHook": false,
                  "skipped": false
                },
                {
                  "title": "should handle color emojis",
                  "fullTitle": "Message word2char() should handle color emojis",
                  "timedOut": false,
                  "duration": 0,
                  "state": "passed",
                  "speed": "fast",
                  "pass": true,
                  "fail": false,
                  "pending": false,
                  "context": null,
                  "code": "assert.deepStrictEqual(import_message.default.word2chars(\"\\u{1F7E5}\\u{1F7E7}\\u{1F7E8}\\u{1F7E9}\\u{1F7E6}\\u{1F7EA}\\u2B1C\\u2B1B\"),[63,64,65,66,67,68,69,0])",
                  "err": {},
                  "uuid": "e595adc9-2a69-4255-81be-fb3dfb08c505",
                  "parentUUID": "ce681163-89a0-46bb-bdd7-56a9eb8560d0",
                  "isHook": false,
                  "skipped": false
                },
                {
                  "title": "should remove special chars",
                  "fullTitle": "Message word2char() should remove special chars",
                  "timedOut": false,
                  "duration": 0,
                  "state": "passed",
                  "speed": "fast",
                  "pass": true,
                  "fail": false,
                  "pending": false,
                  "context": null,
                  "code": "assert.deepStrictEqual(import_message.default.word2chars(\"H\\xE9llo\"),[8,60,12,12,15])",
                  "err": {},
                  "uuid": "b9064ac8-396f-47a4-aa7c-8c7dc6c444d4",
                  "parentUUID": "ce681163-89a0-46bb-bdd7-56a9eb8560d0",
                  "isHook": false,
                  "skipped": false
                }
              ],
              "suites": [],
              "passes": [
                "227d1b2e-0f1c-4f2d-a9f3-98fbd6ffa676",
                "bf6c9098-35cd-4fbe-ba3e-925ece22f522",
                "e595adc9-2a69-4255-81be-fb3dfb08c505",
                "b9064ac8-396f-47a4-aa7c-8c7dc6c444d4"
              ],
              "failures": [],
              "pending": [],
              "skipped": [],
              "duration": 1,
              "root": false,
              "rootEmpty": false,
              "_timeout": 2000
            },
            {
              "uuid": "2652238f-081c-4080-ac6d-7d64278b9be4",
              "title": "centerLines()",
              "fullFile": "/home/runner/work/vestaboard2mqtt/vestaboard2mqtt/test/lib/message.ts",
              "file": "/test/lib/message.ts",
              "beforeHooks": [],
              "afterHooks": [],
              "tests": [
                {
                  "title": "should work",
                  "fullTitle": "Message centerLines() should work",
                  "timedOut": false,
                  "duration": 2,
                  "state": "passed",
                  "speed": "fast",
                  "pass": true,
                  "fail": false,
                  "pending": false,
                  "context": null,
                  "code": "const msg=new import_message.default;msg.write(\"Hello World\");msg.write(\"This is a test.\",{line:import_message.MessageWriteOptionsLine.NEXT});msg.centerLines();assert.strictEqual(msg.toString(),\"#==============================================#\\n#           H E L L O   W O R L D              #\\n#       T H I S   I S   A   T E S T .          #\\n#                                              #\\n#                                              #\\n#                                              #\\n#                                              #\\n#==============================================#\\n\")",
                  "err": {},
                  "uuid": "82764921-795e-4833-8450-cd49537a0b43",
                  "parentUUID": "2652238f-081c-4080-ac6d-7d64278b9be4",
                  "isHook": false,
                  "skipped": false
                }
              ],
              "suites": [],
              "passes": [
                "82764921-795e-4833-8450-cd49537a0b43"
              ],
              "failures": [],
              "pending": [],
              "skipped": [],
              "duration": 2,
              "root": false,
              "rootEmpty": false,
              "_timeout": 2000
            },
            {
              "uuid": "fcfe78ae-b54a-4292-987e-de20fa9f1df7",
              "title": "center()",
              "fullFile": "/home/runner/work/vestaboard2mqtt/vestaboard2mqtt/test/lib/message.ts",
              "file": "/test/lib/message.ts",
              "beforeHooks": [],
              "afterHooks": [],
              "tests": [
                {
                  "title": "should work",
                  "fullTitle": "Message center() should work",
                  "timedOut": false,
                  "duration": 1,
                  "state": "passed",
                  "speed": "fast",
                  "pass": true,
                  "fail": false,
                  "pending": false,
                  "context": null,
                  "code": "const msg=new import_message.default;msg.write(\"Hello World\");msg.write(\"This is a test.\",{line:import_message.MessageWriteOptionsLine.NEXT});msg.center();assert.strictEqual(msg.toString(),\"#==============================================#\\n#                                              #\\n#                                              #\\n#       H E L L O   W O R L D                  #\\n#       T H I S   I S   A   T E S T .          #\\n#                                              #\\n#                                              #\\n#==============================================#\\n\")",
                  "err": {},
                  "uuid": "e7e2ee67-9cb3-42d3-b2bc-9e2b9b5e11b5",
                  "parentUUID": "fcfe78ae-b54a-4292-987e-de20fa9f1df7",
                  "isHook": false,
                  "skipped": false
                }
              ],
              "suites": [],
              "passes": [
                "e7e2ee67-9cb3-42d3-b2bc-9e2b9b5e11b5"
              ],
              "failures": [],
              "pending": [],
              "skipped": [],
              "duration": 1,
              "root": false,
              "rootEmpty": false,
              "_timeout": 2000
            },
            {
              "uuid": "57374c01-ec7e-4ca9-97de-383c2a8b0105",
              "title": "isEmpty()",
              "fullFile": "/home/runner/work/vestaboard2mqtt/vestaboard2mqtt/test/lib/message.ts",
              "file": "/test/lib/message.ts",
              "beforeHooks": [],
              "afterHooks": [],
              "tests": [
                {
                  "title": "should work",
                  "fullTitle": "Message isEmpty() should work",
                  "timedOut": false,
                  "duration": 1,
                  "state": "passed",
                  "speed": "fast",
                  "pass": true,
                  "fail": false,
                  "pending": false,
                  "context": null,
                  "code": "const msg=new import_message.default;assert.strictEqual(msg.isEmpty(),true);msg.write(\"Hi\");assert.strictEqual(msg.isEmpty(),false)",
                  "err": {},
                  "uuid": "44286409-bb56-4d16-b738-2dbfec913093",
                  "parentUUID": "57374c01-ec7e-4ca9-97de-383c2a8b0105",
                  "isHook": false,
                  "skipped": false
                }
              ],
              "suites": [],
              "passes": [
                "44286409-bb56-4d16-b738-2dbfec913093"
              ],
              "failures": [],
              "pending": [],
              "skipped": [],
              "duration": 1,
              "root": false,
              "rootEmpty": false,
              "_timeout": 2000
            },
            {
              "uuid": "ad35adaf-57b7-4485-91de-36b8b61a8ef2",
              "title": "toString()",
              "fullFile": "/home/runner/work/vestaboard2mqtt/vestaboard2mqtt/test/lib/message.ts",
              "file": "/test/lib/message.ts",
              "beforeHooks": [],
              "afterHooks": [],
              "tests": [
                {
                  "title": "should work with empty board",
                  "fullTitle": "Message toString() should work with empty board",
                  "timedOut": false,
                  "duration": 1,
                  "state": "passed",
                  "speed": "fast",
                  "pass": true,
                  "fail": false,
                  "pending": false,
                  "context": null,
                  "code": "const result=new import_message.default().toString();const expected=`#==============================================#\n#                                              #\n#                                              #\n#                                              #\n#                                              #\n#                                              #\n#                                              #\n#==============================================#\n`;assert.strictEqual(result,expected)",
                  "err": {},
                  "uuid": "e63f8809-de36-4938-a330-ebe9e8a35798",
                  "parentUUID": "ad35adaf-57b7-4485-91de-36b8b61a8ef2",
                  "isHook": false,
                  "skipped": false
                },
                {
                  "title": "should work with any supported char",
                  "fullTitle": "Message toString() should work with any supported char",
                  "timedOut": false,
                  "duration": 1,
                  "state": "passed",
                  "speed": "fast",
                  "pass": true,
                  "fail": false,
                  "pending": false,
                  "context": null,
                  "code": "const board=[[0,1,2,3,4,5,6,7,8,9,10,11,12,13,14,15,16,17,18,19,20,21],[22,23,24,25,26,27,28,29,30,31,32,33,34,35,36,37,38,39,40,41,42,44],[46,47,48,49,50,52,53,54,55,56,59,60,62,63,64,65,66,67,68,69,70,0],[0,0,0,0,0,0,0,0,0,0,0,0,0,0,0,0,0,0,0,0,0,0],[0,0,0,0,0,0,0,0,0,0,0,0,0,0,0,0,0,0,0,0,0,0],[0,0,0,0,0,0,0,0,0,0,0,0,0,0,0,0,0,0,0,0,0,0]];const result=new import_message.default(board).toString();const expected=`#==============================================#\n#   A B C D E F G H I J K L M N O P Q R S T U  #\n# V W X Y Z 1 2 3 4 5 6 7 8 9 0 ! @ # $ ( ) -  #\n# + & = ; : ' \" % , . / ? \\xB0 \\u{1F7E5}\\u{1F7E7}\\u{1F7E8}\\u{1F7E9}\\u{1F7E6}\\u{1F7EA}\\u2B1C\\uFE0F     #\n#                                              #\n#                                              #\n#                                              #\n#==============================================#\n`;assert.strictEqual(result,expected)",
                  "err": {},
                  "uuid": "5fd344dd-8da1-4715-ac24-c5625de09281",
                  "parentUUID": "ad35adaf-57b7-4485-91de-36b8b61a8ef2",
                  "isHook": false,
                  "skipped": false
                }
              ],
              "suites": [],
              "passes": [
                "e63f8809-de36-4938-a330-ebe9e8a35798",
                "5fd344dd-8da1-4715-ac24-c5625de09281"
              ],
              "failures": [],
              "pending": [],
              "skipped": [],
              "duration": 2,
              "root": false,
              "rootEmpty": false,
              "_timeout": 2000
            }
          ],
          "passes": [],
          "failures": [],
          "pending": [],
          "skipped": [],
          "duration": 0,
          "root": false,
          "rootEmpty": false,
          "_timeout": 2000
        }
      ],
      "passes": [],
      "failures": [],
      "pending": [],
      "skipped": [],
      "duration": 0,
      "root": true,
      "rootEmpty": true,
      "_timeout": 2000
    }
  ],
  "meta": {
    "mocha": {
      "version": "11.7.1"
    },
    "mochawesome": {
      "options": {
        "quiet": false,
        "reportFilename": "mochawesome",
        "saveHtml": true,
        "saveJson": true,
        "consoleReporter": "spec",
        "useInlineDiffs": false,
        "code": true
      },
      "version": "7.1.3"
    },
    "marge": {
      "options": null,
      "version": "6.2.0"
    }
  }
}