{
  "stats": {
    "suites": 12,
    "tests": 19,
    "passes": 19,
    "pending": 0,
    "failures": 0,
    "start": "2025-10-27T10:04:42.982Z",
    "end": "2025-10-27T10:04:43.019Z",
    "duration": 37,
    "testsRegistered": 19,
    "passPercent": 100,
    "pendingPercent": 0,
    "other": 0,
    "hasOther": false,
    "skipped": 0,
    "hasSkipped": false
  },
  "results": [
    {
      "uuid": "daa3e7b4-cda4-4464-ac6c-0409143370a5",
      "title": "",
      "fullFile": "",
      "file": "",
      "beforeHooks": [],
      "afterHooks": [],
      "tests": [],
      "suites": [
        {
          "uuid": "a31545f2-d76c-4b88-9889-e421a6e6518f",
          "title": "Cache",
          "fullFile": "/home/runner/work/vestaboard2mqtt/vestaboard2mqtt/test/lib/cache.ts",
          "file": "/test/lib/cache.ts",
          "beforeHooks": [],
          "afterHooks": [],
          "tests": [],
          "suites": [
            {
              "uuid": "b24c57ac-4ba7-475a-a6e6-dfa3f6e5f89a",
              "title": "set() / get() / delete()",
              "fullFile": "/home/runner/work/vestaboard2mqtt/vestaboard2mqtt/test/lib/cache.ts",
              "file": "/test/lib/cache.ts",
              "beforeHooks": [],
              "afterHooks": [],
              "tests": [
                {
                  "title": "should work",
                  "fullTitle": "Cache set() / get() / delete() should work",
                  "timedOut": false,
                  "duration": 1,
                  "state": "passed",
                  "speed": "fast",
                  "pass": true,
                  "fail": false,
                  "pending": false,
                  "context": null,
                  "code": "const cache=new import_cache.default(\"tests\");assert.strictEqual(await cache.get(\"test\"),null);await cache.set(\"test\",\"foo\");assert.strictEqual(await cache.get(\"test\"),\"foo\");await cache.delete(\"test\")",
                  "err": {},
                  "uuid": "8c9102e2-6bca-42f0-997a-2c77a1183a67",
                  "parentUUID": "b24c57ac-4ba7-475a-a6e6-dfa3f6e5f89a",
                  "isHook": false,
                  "skipped": false
                }
              ],
              "suites": [],
              "passes": [
                "8c9102e2-6bca-42f0-997a-2c77a1183a67"
              ],
              "failures": [],
              "pending": [],
              "skipped": [],
              "duration": 1,
              "root": false,
              "rootEmpty": false,
              "_timeout": 2000
            }
          ],
          "passes": [],
          "failures": [],
          "pending": [],
          "skipped": [],
          "duration": 0,
          "root": false,
          "rootEmpty": false,
          "_timeout": 2000
        },
        {
          "uuid": "85634b7a-c8d3-4d31-8a42-e89515a8be9f",
          "title": "Calendar",
          "fullFile": "/home/runner/work/vestaboard2mqtt/vestaboard2mqtt/test/lib/calendar.ts",
          "file": "/test/lib/calendar.ts",
          "beforeHooks": [],
          "afterHooks": [],
          "tests": [],
          "suites": [
            {
              "uuid": "59fc8103-23f3-4dfa-ba07-625fce082acf",
              "title": "isSameDay()",
              "fullFile": "/home/runner/work/vestaboard2mqtt/vestaboard2mqtt/test/lib/calendar.ts",
              "file": "/test/lib/calendar.ts",
              "beforeHooks": [],
              "afterHooks": [],
              "tests": [
                {
                  "title": "should work (1)",
                  "fullTitle": "Calendar isSameDay() should work (1)",
                  "timedOut": false,
                  "duration": 0,
                  "state": "passed",
                  "speed": "fast",
                  "pass": true,
                  "fail": false,
                  "pending": false,
                  "context": null,
                  "code": "const a=new Date;const b=new Date;assert.equal(import_calendar.default.isSameDay(a,b),true)",
                  "err": {},
                  "uuid": "ed3dec1e-47ac-45fb-8dde-b1bd939741de",
                  "parentUUID": "59fc8103-23f3-4dfa-ba07-625fce082acf",
                  "isHook": false,
                  "skipped": false
                },
                {
                  "title": "should work (2)",
                  "fullTitle": "Calendar isSameDay() should work (2)",
                  "timedOut": false,
                  "duration": 0,
                  "state": "passed",
                  "speed": "fast",
                  "pass": true,
                  "fail": false,
                  "pending": false,
                  "context": null,
                  "code": "const a=new Date(\"2022-01-10T10:35:00.000Z\");const b=new Date(\"2022-02-10T10:35:00.000Z\");assert.equal(import_calendar.default.isSameDay(a,b),false)",
                  "err": {},
                  "uuid": "7c934a1a-abba-48a0-9edb-154f6681e4c3",
                  "parentUUID": "59fc8103-23f3-4dfa-ba07-625fce082acf",
                  "isHook": false,
                  "skipped": false
                }
              ],
              "suites": [],
              "passes": [
                "ed3dec1e-47ac-45fb-8dde-b1bd939741de",
                "7c934a1a-abba-48a0-9edb-154f6681e4c3"
              ],
              "failures": [],
              "pending": [],
              "skipped": [],
              "duration": 0,
              "root": false,
              "rootEmpty": false,
              "_timeout": 2000
            }
          ],
          "passes": [],
          "failures": [],
          "pending": [],
          "skipped": [],
          "duration": 0,
          "root": false,
          "rootEmpty": false,
          "_timeout": 2000
        },
        {
          "uuid": "222a94d3-ad26-4276-a98a-20ed8ed98c8a",
          "title": "Message",
          "fullFile": "/home/runner/work/vestaboard2mqtt/vestaboard2mqtt/test/lib/message.ts",
          "file": "/test/lib/message.ts",
          "beforeHooks": [],
          "afterHooks": [],
          "tests": [],
          "suites": [
            {
              "uuid": "db791730-5412-42a3-8e26-6a8f8220ebd1",
              "title": "write()",
              "fullFile": "/home/runner/work/vestaboard2mqtt/vestaboard2mqtt/test/lib/message.ts",
              "file": "/test/lib/message.ts",
              "beforeHooks": [],
              "afterHooks": [],
              "tests": [
                {
                  "title": "should start writing from top/left",
                  "fullTitle": "Message write() should start writing from top/left",
                  "timedOut": false,
                  "duration": 3,
                  "state": "passed",
                  "speed": "fast",
                  "pass": true,
                  "fail": false,
                  "pending": false,
                  "context": null,
                  "code": "const msg=new import_message.default;msg.write(\"Hello World\");assert.strictEqual(msg.toString(),\"#==============================================#\\n# H E L L O   W O R L D                        #\\n#                                              #\\n#                                              #\\n#                                              #\\n#                                              #\\n#                                              #\\n#==============================================#\\n\")",
                  "err": {},
                  "uuid": "47da9859-1a99-4dd6-89e3-ead295603f3d",
                  "parentUUID": "db791730-5412-42a3-8e26-6a8f8220ebd1",
                  "isHook": false,
                  "skipped": false
                },
                {
                  "title": "should accept line & row for positioning",
                  "fullTitle": "Message write() should accept line & row for positioning",
                  "timedOut": false,
                  "duration": 2,
                  "state": "passed",
                  "speed": "fast",
                  "pass": true,
                  "fail": false,
                  "pending": false,
                  "context": null,
                  "code": "const msg=new import_message.default;msg.write(\"Hello World\",{line:2,row:5});assert.strictEqual(msg.toString(),\"#==============================================#\\n#                                              #\\n#                                              #\\n#           H E L L O   W O R L D              #\\n#                                              #\\n#                                              #\\n#                                              #\\n#==============================================#\\n\")",
                  "err": {},
                  "uuid": "5a91669b-779f-4924-abc6-03a04b2df0de",
                  "parentUUID": "db791730-5412-42a3-8e26-6a8f8220ebd1",
                  "isHook": false,
                  "skipped": false
                },
                {
                  "title": "should add another line if text is too long",
                  "fullTitle": "Message write() should add another line if text is too long",
                  "timedOut": false,
                  "duration": 2,
                  "state": "passed",
                  "speed": "fast",
                  "pass": true,
                  "fail": false,
                  "pending": false,
                  "context": null,
                  "code": "const msg=new import_message.default;msg.write(\"Lorem ipsum dolor sit amet, consetetur sadipscing elitr, sed diam nonumy eirmod tempor invidunt\");assert.strictEqual(msg.toString(),\"#==============================================#\\n# L O R E M   I P S U M   D O L O R   S I T    #\\n# A M E T ,   C O N S E T E T U R              #\\n# S A D I P S C I N G   E L I T R ,   S E D    #\\n# D I A M   N O N U M Y   E I R M O D          #\\n# T E M P O R   I N V I D U N T                #\\n#                                              #\\n#==============================================#\\n\")",
                  "err": {},
                  "uuid": "8a5e9a2d-2d07-4615-a340-b142e6101f4a",
                  "parentUUID": "db791730-5412-42a3-8e26-6a8f8220ebd1",
                  "isHook": false,
                  "skipped": false
                },
                {
                  "title": "should work with words > board length",
                  "fullTitle": "Message write() should work with words > board length",
                  "timedOut": false,
                  "duration": 2,
                  "state": "passed",
                  "speed": "fast",
                  "pass": true,
                  "fail": false,
                  "pending": false,
                  "context": null,
                  "code": "const msg=new import_message.default;msg.write(\"Lorem-ipsum-dolor-sit-amet\");assert.strictEqual(msg.toString(),\"#==============================================#\\n# L O R E M - I P S U M - D O L O R - S I T -  #\\n#                                              #\\n#                                              #\\n#                                              #\\n#                                              #\\n#                                              #\\n#==============================================#\\n\")",
                  "err": {},
                  "uuid": "880e24fa-b7ab-48aa-87bf-f109cef3374e",
                  "parentUUID": "db791730-5412-42a3-8e26-6a8f8220ebd1",
                  "isHook": false,
                  "skipped": false
                },
                {
                  "title": "should allow to use CURRENT and NEXT line flags",
                  "fullTitle": "Message write() should allow to use CURRENT and NEXT line flags",
                  "timedOut": false,
                  "duration": 2,
                  "state": "passed",
                  "speed": "fast",
                  "pass": true,
                  "fail": false,
                  "pending": false,
                  "context": null,
                  "code": "const msg=new import_message.default;msg.write(\"13:00\",{line:import_message.MessageWriteOptionsLine.CURRENT});msg.write(\"Daily\",{line:import_message.MessageWriteOptionsLine.CURRENT,row:6});msg.write(\"\",{line:import_message.MessageWriteOptionsLine.NEXT});msg.write(\"18:00\",{line:import_message.MessageWriteOptionsLine.NEXT});msg.write(\"Fischst\\xE4bchen, Spinat & Ei\",{line:import_message.MessageWriteOptionsLine.CURRENT,row:6});msg.write(\"\",{line:import_message.MessageWriteOptionsLine.NEXT});msg.write(\"20:00\",{line:import_message.MessageWriteOptionsLine.NEXT});msg.write(\"Sandm\\xE4nnchen\",{line:import_message.MessageWriteOptionsLine.CURRENT,row:6});assert.strictEqual(msg.toString(),\"#==============================================#\\n# 1 3 : 0 0   D A I L Y                        #\\n#                                              #\\n# 1 8 : 0 0   F I S C H S T A E B C H E N ,    #\\n#             S P I N A T   &   E I            #\\n#                                              #\\n# 2 0 : 0 0   S A N D M A E N N C H E N        #\\n#==============================================#\\n\")",
                  "err": {},
                  "uuid": "ea5cf4e3-f392-4634-b13f-ece0e2cf5f2f",
                  "parentUUID": "db791730-5412-42a3-8e26-6a8f8220ebd1",
                  "isHook": false,
                  "skipped": false
                },
                {
                  "title": "should remove unsupported words",
                  "fullTitle": "Message write() should remove unsupported words",
                  "timedOut": false,
                  "duration": 1,
                  "state": "passed",
                  "speed": "fast",
                  "pass": true,
                  "fail": false,
                  "pending": false,
                  "context": null,
                  "code": "const msg=new import_message.default;msg.write(\"\\u{1F4AA}\\u{1F3FC} Gym\");assert.strictEqual(msg.toString(),\"#==============================================#\\n# G Y M                                        #\\n#                                              #\\n#                                              #\\n#                                              #\\n#                                              #\\n#                                              #\\n#==============================================#\\n\")",
                  "err": {},
                  "uuid": "c88ce5ae-13b6-4954-922c-47c6590c409b",
                  "parentUUID": "db791730-5412-42a3-8e26-6a8f8220ebd1",
                  "isHook": false,
                  "skipped": false
                }
              ],
              "suites": [],
              "passes": [
                "47da9859-1a99-4dd6-89e3-ead295603f3d",
                "5a91669b-779f-4924-abc6-03a04b2df0de",
                "8a5e9a2d-2d07-4615-a340-b142e6101f4a",
                "880e24fa-b7ab-48aa-87bf-f109cef3374e",
                "ea5cf4e3-f392-4634-b13f-ece0e2cf5f2f",
                "c88ce5ae-13b6-4954-922c-47c6590c409b"
              ],
              "failures": [],
              "pending": [],
              "skipped": [],
              "duration": 12,
              "root": false,
              "rootEmpty": false,
              "_timeout": 2000
            },
            {
              "uuid": "d000edce-7c26-41e8-b56b-098d60c11b93",
              "title": "repeat()",
              "fullFile": "/home/runner/work/vestaboard2mqtt/vestaboard2mqtt/test/lib/message.ts",
              "file": "/test/lib/message.ts",
              "beforeHooks": [],
              "afterHooks": [],
              "tests": [
                {
                  "title": "should work",
                  "fullTitle": "Message repeat() should work",
                  "timedOut": false,
                  "duration": 1,
                  "state": "passed",
                  "speed": "fast",
                  "pass": true,
                  "fail": false,
                  "pending": false,
                  "context": null,
                  "code": "const msg=new import_message.default;msg.repeat(\"\\u{1F7E7}\",{line:2});assert.strictEqual(msg.toString(),\"#==============================================#\\n#                                              #\\n#                                              #\\n# \\u{1F7E7}\\u{1F7E7}\\u{1F7E7}\\u{1F7E7}\\u{1F7E7}\\u{1F7E7}\\u{1F7E7}\\u{1F7E7}\\u{1F7E7}\\u{1F7E7}\\u{1F7E7}\\u{1F7E7}\\u{1F7E7}\\u{1F7E7}\\u{1F7E7}\\u{1F7E7}\\u{1F7E7}\\u{1F7E7}\\u{1F7E7}\\u{1F7E7}\\u{1F7E7}\\u{1F7E7} #\\n#                                              #\\n#                                              #\\n#                                              #\\n#==============================================#\\n\")",
                  "err": {},
                  "uuid": "383930df-5ef8-4aea-8676-6b136c815b50",
                  "parentUUID": "d000edce-7c26-41e8-b56b-098d60c11b93",
                  "isHook": false,
                  "skipped": false
                }
              ],
              "suites": [],
              "passes": [
                "383930df-5ef8-4aea-8676-6b136c815b50"
              ],
              "failures": [],
              "pending": [],
              "skipped": [],
              "duration": 1,
              "root": false,
              "rootEmpty": false,
              "_timeout": 2000
            },
            {
              "uuid": "4ddcedf4-23fe-43b7-af00-803bc682b1a3",
              "title": "word2char()",
              "fullFile": "/home/runner/work/vestaboard2mqtt/vestaboard2mqtt/test/lib/message.ts",
              "file": "/test/lib/message.ts",
              "beforeHooks": [],
              "afterHooks": [],
              "tests": [
                {
                  "title": "should work",
                  "fullTitle": "Message word2char() should work",
                  "timedOut": false,
                  "duration": 1,
                  "state": "passed",
                  "speed": "fast",
                  "pass": true,
                  "fail": false,
                  "pending": false,
                  "context": null,
                  "code": "assert.deepStrictEqual(import_message.default.word2chars(\"Hello\"),[8,5,12,12,15])",
                  "err": {},
                  "uuid": "b04edbdb-81ce-4c3b-8986-f6d249f8afa8",
                  "parentUUID": "4ddcedf4-23fe-43b7-af00-803bc682b1a3",
                  "isHook": false,
                  "skipped": false
                },
                {
                  "title": "should handle german Umlaute",
                  "fullTitle": "Message word2char() should handle german Umlaute",
                  "timedOut": false,
                  "duration": 0,
                  "state": "passed",
                  "speed": "fast",
                  "pass": true,
                  "fail": false,
                  "pending": false,
                  "context": null,
                  "code": "assert.deepStrictEqual(import_message.default.word2chars(\"K\\xE4se\"),[11,1,5,19,5])",
                  "err": {},
                  "uuid": "924c0e93-3ac1-4440-a024-9ce51d9d254c",
                  "parentUUID": "4ddcedf4-23fe-43b7-af00-803bc682b1a3",
                  "isHook": false,
                  "skipped": false
                },
                {
                  "title": "should handle color emojis",
                  "fullTitle": "Message word2char() should handle color emojis",
                  "timedOut": false,
                  "duration": 1,
                  "state": "passed",
                  "speed": "fast",
                  "pass": true,
                  "fail": false,
                  "pending": false,
                  "context": null,
                  "code": "assert.deepStrictEqual(import_message.default.word2chars(\"\\u{1F7E5}\\u{1F7E7}\\u{1F7E8}\\u{1F7E9}\\u{1F7E6}\\u{1F7EA}\\u2B1C\\u2B1B\"),[63,64,65,66,67,68,69,0])",
                  "err": {},
                  "uuid": "8fc01264-6a55-49b2-aaa7-5cfa82e293d8",
                  "parentUUID": "4ddcedf4-23fe-43b7-af00-803bc682b1a3",
                  "isHook": false,
                  "skipped": false
                },
                {
                  "title": "should remove special chars",
                  "fullTitle": "Message word2char() should remove special chars",
                  "timedOut": false,
                  "duration": 0,
                  "state": "passed",
                  "speed": "fast",
                  "pass": true,
                  "fail": false,
                  "pending": false,
                  "context": null,
                  "code": "assert.deepStrictEqual(import_message.default.word2chars(\"H\\xE9llo\"),[8,60,12,12,15])",
                  "err": {},
                  "uuid": "ca7b0aef-e91d-424d-a909-7d924c109326",
                  "parentUUID": "4ddcedf4-23fe-43b7-af00-803bc682b1a3",
                  "isHook": false,
                  "skipped": false
                }
              ],
              "suites": [],
              "passes": [
                "b04edbdb-81ce-4c3b-8986-f6d249f8afa8",
                "924c0e93-3ac1-4440-a024-9ce51d9d254c",
                "8fc01264-6a55-49b2-aaa7-5cfa82e293d8",
                "ca7b0aef-e91d-424d-a909-7d924c109326"
              ],
              "failures": [],
              "pending": [],
              "skipped": [],
              "duration": 2,
              "root": false,
              "rootEmpty": false,
              "_timeout": 2000
            },
            {
              "uuid": "6cddc121-06dc-4275-8dfd-42481066daeb",
              "title": "centerLines()",
              "fullFile": "/home/runner/work/vestaboard2mqtt/vestaboard2mqtt/test/lib/message.ts",
              "file": "/test/lib/message.ts",
              "beforeHooks": [],
              "afterHooks": [],
              "tests": [
                {
                  "title": "should work",
                  "fullTitle": "Message centerLines() should work",
                  "timedOut": false,
                  "duration": 2,
                  "state": "passed",
                  "speed": "fast",
                  "pass": true,
                  "fail": false,
                  "pending": false,
                  "context": null,
                  "code": "const msg=new import_message.default;msg.write(\"Hello World\");msg.write(\"This is a test.\",{line:import_message.MessageWriteOptionsLine.NEXT});msg.centerLines();assert.strictEqual(msg.toString(),\"#==============================================#\\n#           H E L L O   W O R L D              #\\n#       T H I S   I S   A   T E S T .          #\\n#                                              #\\n#                                              #\\n#                                              #\\n#                                              #\\n#==============================================#\\n\")",
                  "err": {},
                  "uuid": "5e223906-c2b1-44ae-bb15-f5225374f5d6",
                  "parentUUID": "6cddc121-06dc-4275-8dfd-42481066daeb",
                  "isHook": false,
                  "skipped": false
                }
              ],
              "suites": [],
              "passes": [
                "5e223906-c2b1-44ae-bb15-f5225374f5d6"
              ],
              "failures": [],
              "pending": [],
              "skipped": [],
              "duration": 2,
              "root": false,
              "rootEmpty": false,
              "_timeout": 2000
            },
            {
              "uuid": "d479088e-ec80-4eef-a8cd-c5feede5cd94",
              "title": "center()",
              "fullFile": "/home/runner/work/vestaboard2mqtt/vestaboard2mqtt/test/lib/message.ts",
              "file": "/test/lib/message.ts",
              "beforeHooks": [],
              "afterHooks": [],
              "tests": [
                {
                  "title": "should work",
                  "fullTitle": "Message center() should work",
                  "timedOut": false,
                  "duration": 2,
                  "state": "passed",
                  "speed": "fast",
                  "pass": true,
                  "fail": false,
                  "pending": false,
                  "context": null,
                  "code": "const msg=new import_message.default;msg.write(\"Hello World\");msg.write(\"This is a test.\",{line:import_message.MessageWriteOptionsLine.NEXT});msg.center();assert.strictEqual(msg.toString(),\"#==============================================#\\n#                                              #\\n#                                              #\\n#       H E L L O   W O R L D                  #\\n#       T H I S   I S   A   T E S T .          #\\n#                                              #\\n#                                              #\\n#==============================================#\\n\")",
                  "err": {},
                  "uuid": "0753af9d-7fd9-4fd2-b27d-c157be0876fe",
                  "parentUUID": "d479088e-ec80-4eef-a8cd-c5feede5cd94",
                  "isHook": false,
                  "skipped": false
                }
              ],
              "suites": [],
              "passes": [
                "0753af9d-7fd9-4fd2-b27d-c157be0876fe"
              ],
              "failures": [],
              "pending": [],
              "skipped": [],
              "duration": 2,
              "root": false,
              "rootEmpty": false,
              "_timeout": 2000
            },
            {
              "uuid": "3cd73521-1b7c-4781-bbcc-9e4d477804ac",
              "title": "isEmpty()",
              "fullFile": "/home/runner/work/vestaboard2mqtt/vestaboard2mqtt/test/lib/message.ts",
              "file": "/test/lib/message.ts",
              "beforeHooks": [],
              "afterHooks": [],
              "tests": [
                {
                  "title": "should work",
                  "fullTitle": "Message isEmpty() should work",
                  "timedOut": false,
                  "duration": 0,
                  "state": "passed",
                  "speed": "fast",
                  "pass": true,
                  "fail": false,
                  "pending": false,
                  "context": null,
                  "code": "const msg=new import_message.default;assert.strictEqual(msg.isEmpty(),true);msg.write(\"Hi\");assert.strictEqual(msg.isEmpty(),false)",
                  "err": {},
                  "uuid": "9b823899-1726-4db0-bfe1-cf82e39e978d",
                  "parentUUID": "3cd73521-1b7c-4781-bbcc-9e4d477804ac",
                  "isHook": false,
                  "skipped": false
                }
              ],
              "suites": [],
              "passes": [
                "9b823899-1726-4db0-bfe1-cf82e39e978d"
              ],
              "failures": [],
              "pending": [],
              "skipped": [],
              "duration": 0,
              "root": false,
              "rootEmpty": false,
              "_timeout": 2000
            },
            {
              "uuid": "4403baee-2413-4975-902b-fe6153acb552",
              "title": "toString()",
              "fullFile": "/home/runner/work/vestaboard2mqtt/vestaboard2mqtt/test/lib/message.ts",
              "file": "/test/lib/message.ts",
              "beforeHooks": [],
              "afterHooks": [],
              "tests": [
                {
                  "title": "should work with empty board",
                  "fullTitle": "Message toString() should work with empty board",
                  "timedOut": false,
                  "duration": 1,
                  "state": "passed",
                  "speed": "fast",
                  "pass": true,
                  "fail": false,
                  "pending": false,
                  "context": null,
                  "code": "const result=new import_message.default().toString();const expected=`#==============================================#\n#                                              #\n#                                              #\n#                                              #\n#                                              #\n#                                              #\n#                                              #\n#==============================================#\n`;assert.strictEqual(result,expected)",
                  "err": {},
                  "uuid": "02f38538-b025-4ac5-a9d1-4012ec8f13ed",
                  "parentUUID": "4403baee-2413-4975-902b-fe6153acb552",
                  "isHook": false,
                  "skipped": false
                },
                {
                  "title": "should work with any supported char",
                  "fullTitle": "Message toString() should work with any supported char",
                  "timedOut": false,
                  "duration": 1,
                  "state": "passed",
                  "speed": "fast",
                  "pass": true,
                  "fail": false,
                  "pending": false,
                  "context": null,
                  "code": "const board=[[0,1,2,3,4,5,6,7,8,9,10,11,12,13,14,15,16,17,18,19,20,21],[22,23,24,25,26,27,28,29,30,31,32,33,34,35,36,37,38,39,40,41,42,44],[46,47,48,49,50,52,53,54,55,56,59,60,62,63,64,65,66,67,68,69,70,0],[0,0,0,0,0,0,0,0,0,0,0,0,0,0,0,0,0,0,0,0,0,0],[0,0,0,0,0,0,0,0,0,0,0,0,0,0,0,0,0,0,0,0,0,0],[0,0,0,0,0,0,0,0,0,0,0,0,0,0,0,0,0,0,0,0,0,0]];const result=new import_message.default(board).toString();const expected=`#==============================================#\n#   A B C D E F G H I J K L M N O P Q R S T U  #\n# V W X Y Z 1 2 3 4 5 6 7 8 9 0 ! @ # $ ( ) -  #\n# + & = ; : ' \" % , . / ? \\xB0 \\u{1F7E5}\\u{1F7E7}\\u{1F7E8}\\u{1F7E9}\\u{1F7E6}\\u{1F7EA}\\u2B1C\\uFE0F     #\n#                                              #\n#                                              #\n#                                              #\n#==============================================#\n`;assert.strictEqual(result,expected)",
                  "err": {},
                  "uuid": "8d459027-f0a8-4a7d-97da-c3927b2555e0",
                  "parentUUID": "4403baee-2413-4975-902b-fe6153acb552",
                  "isHook": false,
                  "skipped": false
                }
              ],
              "suites": [],
              "passes": [
                "02f38538-b025-4ac5-a9d1-4012ec8f13ed",
                "8d459027-f0a8-4a7d-97da-c3927b2555e0"
              ],
              "failures": [],
              "pending": [],
              "skipped": [],
              "duration": 2,
              "root": false,
              "rootEmpty": false,
              "_timeout": 2000
            }
          ],
          "passes": [],
          "failures": [],
          "pending": [],
          "skipped": [],
          "duration": 0,
          "root": false,
          "rootEmpty": false,
          "_timeout": 2000
        }
      ],
      "passes": [],
      "failures": [],
      "pending": [],
      "skipped": [],
      "duration": 0,
      "root": true,
      "rootEmpty": true,
      "_timeout": 2000
    }
  ],
  "meta": {
    "mocha": {
      "version": "11.7.4"
    },
    "mochawesome": {
      "options": {
        "quiet": false,
        "reportFilename": "mochawesome",
        "saveHtml": true,
        "saveJson": true,
        "consoleReporter": "spec",
        "useInlineDiffs": false,
        "code": true
      },
      "version": "7.1.4"
    },
    "marge": {
      "options": null,
      "version": "6.3.0"
    }
  }
}