{
  "stats": {
    "suites": 12,
    "tests": 19,
    "passes": 19,
    "pending": 0,
    "failures": 0,
    "start": "2023-11-24T00:21:42.552Z",
    "end": "2023-11-24T00:21:42.587Z",
    "duration": 35,
    "testsRegistered": 19,
    "passPercent": 100,
    "pendingPercent": 0,
    "other": 0,
    "hasOther": false,
    "skipped": 0,
    "hasSkipped": false
  },
  "results": [
    {
      "uuid": "ad21ca12-61e0-4513-9cdb-1f4bb5e50943",
      "title": "",
      "fullFile": "",
      "file": "",
      "beforeHooks": [],
      "afterHooks": [],
      "tests": [],
      "suites": [
        {
          "uuid": "ef7e1f61-955a-4223-aaf7-5e77ce6c53d5",
          "title": "Cache",
          "fullFile": "/home/runner/work/vestaboard2mqtt/vestaboard2mqtt/test/lib/cache.ts",
          "file": "/test/lib/cache.ts",
          "beforeHooks": [],
          "afterHooks": [],
          "tests": [],
          "suites": [
            {
              "uuid": "83a34a31-0576-47b9-af94-e8b7b919ed8c",
              "title": "set() / get() / delete()",
              "fullFile": "/home/runner/work/vestaboard2mqtt/vestaboard2mqtt/test/lib/cache.ts",
              "file": "/test/lib/cache.ts",
              "beforeHooks": [],
              "afterHooks": [],
              "tests": [
                {
                  "title": "should work",
                  "fullTitle": "Cache set() / get() / delete() should work",
                  "timedOut": false,
                  "duration": 3,
                  "state": "passed",
                  "speed": "fast",
                  "pass": true,
                  "fail": false,
                  "pending": false,
                  "context": null,
                  "code": "return __awaiter(this, void 0, void 0, function* () {\n    const cache = new Cache('tests');\n    assert.strictEqual(yield cache.get('test'), null);\n    yield cache.set('test', 'foo');\n    assert.strictEqual(yield cache.get('test'), 'foo');\n    yield cache.delete('test');\n});",
                  "err": {},
                  "uuid": "2adff378-5366-4b0c-958a-88e9daee41f1",
                  "parentUUID": "83a34a31-0576-47b9-af94-e8b7b919ed8c",
                  "isHook": false,
                  "skipped": false
                }
              ],
              "suites": [],
              "passes": [
                "2adff378-5366-4b0c-958a-88e9daee41f1"
              ],
              "failures": [],
              "pending": [],
              "skipped": [],
              "duration": 3,
              "root": false,
              "rootEmpty": false,
              "_timeout": 2000
            }
          ],
          "passes": [],
          "failures": [],
          "pending": [],
          "skipped": [],
          "duration": 0,
          "root": false,
          "rootEmpty": false,
          "_timeout": 2000
        },
        {
          "uuid": "3c17b77e-2e21-46a1-91c7-288ea4638e5f",
          "title": "Calendar",
          "fullFile": "/home/runner/work/vestaboard2mqtt/vestaboard2mqtt/test/lib/calendar.ts",
          "file": "/test/lib/calendar.ts",
          "beforeHooks": [],
          "afterHooks": [],
          "tests": [],
          "suites": [
            {
              "uuid": "dde7075c-d17f-4d5d-bacb-0dea8b34064e",
              "title": "isSameDay()",
              "fullFile": "/home/runner/work/vestaboard2mqtt/vestaboard2mqtt/test/lib/calendar.ts",
              "file": "/test/lib/calendar.ts",
              "beforeHooks": [],
              "afterHooks": [],
              "tests": [
                {
                  "title": "should work (1)",
                  "fullTitle": "Calendar isSameDay() should work (1)",
                  "timedOut": false,
                  "duration": 0,
                  "state": "passed",
                  "speed": "fast",
                  "pass": true,
                  "fail": false,
                  "pending": false,
                  "context": null,
                  "code": "const a = new Date();\nconst b = new Date();\nassert.equal(CalendarPage.isSameDay(a, b), true);",
                  "err": {},
                  "uuid": "697ccc94-663f-42ad-a93a-3b4464e935ce",
                  "parentUUID": "dde7075c-d17f-4d5d-bacb-0dea8b34064e",
                  "isHook": false,
                  "skipped": false
                },
                {
                  "title": "should work (2)",
                  "fullTitle": "Calendar isSameDay() should work (2)",
                  "timedOut": false,
                  "duration": 0,
                  "state": "passed",
                  "speed": "fast",
                  "pass": true,
                  "fail": false,
                  "pending": false,
                  "context": null,
                  "code": "const a = new Date('2022-01-10T10:35:00.000Z');\nconst b = new Date('2022-02-10T10:35:00.000Z');\nassert.equal(CalendarPage.isSameDay(a, b), false);",
                  "err": {},
                  "uuid": "91f42133-e50e-4ee8-83a3-3e36eaccc055",
                  "parentUUID": "dde7075c-d17f-4d5d-bacb-0dea8b34064e",
                  "isHook": false,
                  "skipped": false
                }
              ],
              "suites": [],
              "passes": [
                "697ccc94-663f-42ad-a93a-3b4464e935ce",
                "91f42133-e50e-4ee8-83a3-3e36eaccc055"
              ],
              "failures": [],
              "pending": [],
              "skipped": [],
              "duration": 0,
              "root": false,
              "rootEmpty": false,
              "_timeout": 2000
            }
          ],
          "passes": [],
          "failures": [],
          "pending": [],
          "skipped": [],
          "duration": 0,
          "root": false,
          "rootEmpty": false,
          "_timeout": 2000
        },
        {
          "uuid": "370a0ed0-1912-4873-b307-f4b7f1d0d46c",
          "title": "Message",
          "fullFile": "/home/runner/work/vestaboard2mqtt/vestaboard2mqtt/test/lib/message.ts",
          "file": "/test/lib/message.ts",
          "beforeHooks": [],
          "afterHooks": [],
          "tests": [],
          "suites": [
            {
              "uuid": "02fbc747-811c-47af-974d-b84603676d4c",
              "title": "write()",
              "fullFile": "/home/runner/work/vestaboard2mqtt/vestaboard2mqtt/test/lib/message.ts",
              "file": "/test/lib/message.ts",
              "beforeHooks": [],
              "afterHooks": [],
              "tests": [
                {
                  "title": "should start writing from top/left",
                  "fullTitle": "Message write() should start writing from top/left",
                  "timedOut": false,
                  "duration": 4,
                  "state": "passed",
                  "speed": "fast",
                  "pass": true,
                  "fail": false,
                  "pending": false,
                  "context": null,
                  "code": "const msg = new Message();\nmsg.write('Hello World');\nassert.strictEqual(msg.toString(), '#==============================================#\\n' +\n    '# H E L L O   W O R L D                        #\\n' +\n    '#                                              #\\n' +\n    '#                                              #\\n' +\n    '#                                              #\\n' +\n    '#                                              #\\n' +\n    '#                                              #\\n' +\n    '#==============================================#\\n');",
                  "err": {},
                  "uuid": "eb7a4882-e297-48ea-a83f-b1168ead3f23",
                  "parentUUID": "02fbc747-811c-47af-974d-b84603676d4c",
                  "isHook": false,
                  "skipped": false
                },
                {
                  "title": "should accept line & row for positioning",
                  "fullTitle": "Message write() should accept line & row for positioning",
                  "timedOut": false,
                  "duration": 2,
                  "state": "passed",
                  "speed": "fast",
                  "pass": true,
                  "fail": false,
                  "pending": false,
                  "context": null,
                  "code": "const msg = new Message();\nmsg.write('Hello World', {\n    line: 2,\n    row: 5\n});\nassert.strictEqual(msg.toString(), '#==============================================#\\n' +\n    '#                                              #\\n' +\n    '#                                              #\\n' +\n    '#           H E L L O   W O R L D              #\\n' +\n    '#                                              #\\n' +\n    '#                                              #\\n' +\n    '#                                              #\\n' +\n    '#==============================================#\\n');",
                  "err": {},
                  "uuid": "40fe65ce-27eb-44d4-812e-89d16c72178e",
                  "parentUUID": "02fbc747-811c-47af-974d-b84603676d4c",
                  "isHook": false,
                  "skipped": false
                },
                {
                  "title": "should add another line if text is too long",
                  "fullTitle": "Message write() should add another line if text is too long",
                  "timedOut": false,
                  "duration": 4,
                  "state": "passed",
                  "speed": "fast",
                  "pass": true,
                  "fail": false,
                  "pending": false,
                  "context": null,
                  "code": "const msg = new Message();\nmsg.write('Lorem ipsum dolor sit amet, ' +\n    'consetetur sadipscing elitr, sed ' +\n    'diam nonumy eirmod tempor invidunt');\nassert.strictEqual(msg.toString(), '#==============================================#\\n' +\n    '# L O R E M   I P S U M   D O L O R   S I T    #\\n' +\n    '# A M E T ,   C O N S E T E T U R              #\\n' +\n    '# S A D I P S C I N G   E L I T R ,   S E D    #\\n' +\n    '# D I A M   N O N U M Y   E I R M O D          #\\n' +\n    '# T E M P O R   I N V I D U N T                #\\n' +\n    '#                                              #\\n' +\n    '#==============================================#\\n');",
                  "err": {},
                  "uuid": "325a26e7-37f3-4931-9c95-840a6e49e11a",
                  "parentUUID": "02fbc747-811c-47af-974d-b84603676d4c",
                  "isHook": false,
                  "skipped": false
                },
                {
                  "title": "should work with words > board length",
                  "fullTitle": "Message write() should work with words > board length",
                  "timedOut": false,
                  "duration": 1,
                  "state": "passed",
                  "speed": "fast",
                  "pass": true,
                  "fail": false,
                  "pending": false,
                  "context": null,
                  "code": "const msg = new Message();\nmsg.write('Lorem-ipsum-dolor-sit-amet');\nassert.strictEqual(msg.toString(), '#==============================================#\\n' +\n    '# L O R E M - I P S U M - D O L O R - S I T -  #\\n' +\n    '#                                              #\\n' +\n    '#                                              #\\n' +\n    '#                                              #\\n' +\n    '#                                              #\\n' +\n    '#                                              #\\n' +\n    '#==============================================#\\n');",
                  "err": {},
                  "uuid": "e588f466-b160-4fd0-84b8-c2294d84500f",
                  "parentUUID": "02fbc747-811c-47af-974d-b84603676d4c",
                  "isHook": false,
                  "skipped": false
                },
                {
                  "title": "should allow to use CURRENT and NEXT line flags",
                  "fullTitle": "Message write() should allow to use CURRENT and NEXT line flags",
                  "timedOut": false,
                  "duration": 1,
                  "state": "passed",
                  "speed": "fast",
                  "pass": true,
                  "fail": false,
                  "pending": false,
                  "context": null,
                  "code": "const msg = new Message();\nmsg.write('13:00', { line: MessageWriteOptionsLine.CURRENT });\nmsg.write('Daily', { line: MessageWriteOptionsLine.CURRENT, row: 6 });\nmsg.write('', { line: MessageWriteOptionsLine.NEXT });\nmsg.write('18:00', { line: MessageWriteOptionsLine.NEXT });\nmsg.write('Fischstäbchen, Spinat & Ei', { line: MessageWriteOptionsLine.CURRENT, row: 6 });\nmsg.write('', { line: MessageWriteOptionsLine.NEXT });\nmsg.write('20:00', { line: MessageWriteOptionsLine.NEXT });\nmsg.write('Sandmännchen', { line: MessageWriteOptionsLine.CURRENT, row: 6 });\nassert.strictEqual(msg.toString(), '#==============================================#\\n' +\n    '# 1 3 : 0 0   D A I L Y                        #\\n' +\n    '#                                              #\\n' +\n    '# 1 8 : 0 0   F I S C H S T A E B C H E N ,    #\\n' +\n    '#             S P I N A T   &   E I            #\\n' +\n    '#                                              #\\n' +\n    '# 2 0 : 0 0   S A N D M A E N N C H E N        #\\n' +\n    '#==============================================#\\n');",
                  "err": {},
                  "uuid": "860d17e0-bd98-4f1f-b927-d44aad2a99cb",
                  "parentUUID": "02fbc747-811c-47af-974d-b84603676d4c",
                  "isHook": false,
                  "skipped": false
                },
                {
                  "title": "should remove unsupported words",
                  "fullTitle": "Message write() should remove unsupported words",
                  "timedOut": false,
                  "duration": 1,
                  "state": "passed",
                  "speed": "fast",
                  "pass": true,
                  "fail": false,
                  "pending": false,
                  "context": null,
                  "code": "const msg = new Message();\nmsg.write('💪🏼 Gym');\nassert.strictEqual(msg.toString(), '#==============================================#\\n' +\n    '# G Y M                                        #\\n' +\n    '#                                              #\\n' +\n    '#                                              #\\n' +\n    '#                                              #\\n' +\n    '#                                              #\\n' +\n    '#                                              #\\n' +\n    '#==============================================#\\n');",
                  "err": {},
                  "uuid": "a9a06237-28e0-442a-a77b-e4afb889ee62",
                  "parentUUID": "02fbc747-811c-47af-974d-b84603676d4c",
                  "isHook": false,
                  "skipped": false
                }
              ],
              "suites": [],
              "passes": [
                "eb7a4882-e297-48ea-a83f-b1168ead3f23",
                "40fe65ce-27eb-44d4-812e-89d16c72178e",
                "325a26e7-37f3-4931-9c95-840a6e49e11a",
                "e588f466-b160-4fd0-84b8-c2294d84500f",
                "860d17e0-bd98-4f1f-b927-d44aad2a99cb",
                "a9a06237-28e0-442a-a77b-e4afb889ee62"
              ],
              "failures": [],
              "pending": [],
              "skipped": [],
              "duration": 13,
              "root": false,
              "rootEmpty": false,
              "_timeout": 2000
            },
            {
              "uuid": "13ee3669-ced2-46e0-8194-54d8523833b4",
              "title": "repeat()",
              "fullFile": "/home/runner/work/vestaboard2mqtt/vestaboard2mqtt/test/lib/message.ts",
              "file": "/test/lib/message.ts",
              "beforeHooks": [],
              "afterHooks": [],
              "tests": [
                {
                  "title": "should work",
                  "fullTitle": "Message repeat() should work",
                  "timedOut": false,
                  "duration": 1,
                  "state": "passed",
                  "speed": "fast",
                  "pass": true,
                  "fail": false,
                  "pending": false,
                  "context": null,
                  "code": "const msg = new Message();\nmsg.repeat('🟧', { line: 2 });\nassert.strictEqual(msg.toString(), '#==============================================#\\n' +\n    '#                                              #\\n' +\n    '#                                              #\\n' +\n    '# 🟧🟧🟧🟧🟧🟧🟧🟧🟧🟧🟧🟧🟧🟧🟧🟧🟧🟧🟧🟧🟧🟧 #\\n' +\n    '#                                              #\\n' +\n    '#                                              #\\n' +\n    '#                                              #\\n' +\n    '#==============================================#\\n');",
                  "err": {},
                  "uuid": "bd36fc5a-9967-407f-afd9-b089223afdab",
                  "parentUUID": "13ee3669-ced2-46e0-8194-54d8523833b4",
                  "isHook": false,
                  "skipped": false
                }
              ],
              "suites": [],
              "passes": [
                "bd36fc5a-9967-407f-afd9-b089223afdab"
              ],
              "failures": [],
              "pending": [],
              "skipped": [],
              "duration": 1,
              "root": false,
              "rootEmpty": false,
              "_timeout": 2000
            },
            {
              "uuid": "eaa59e33-ea24-4823-8918-947051e41ea8",
              "title": "word2char()",
              "fullFile": "/home/runner/work/vestaboard2mqtt/vestaboard2mqtt/test/lib/message.ts",
              "file": "/test/lib/message.ts",
              "beforeHooks": [],
              "afterHooks": [],
              "tests": [
                {
                  "title": "should work",
                  "fullTitle": "Message word2char() should work",
                  "timedOut": false,
                  "duration": 0,
                  "state": "passed",
                  "speed": "fast",
                  "pass": true,
                  "fail": false,
                  "pending": false,
                  "context": null,
                  "code": "assert.deepStrictEqual(Message.word2chars('Hello'), [8, 5, 12, 12, 15]);",
                  "err": {},
                  "uuid": "939cb409-e9dd-47f8-9990-73090c3e57dc",
                  "parentUUID": "eaa59e33-ea24-4823-8918-947051e41ea8",
                  "isHook": false,
                  "skipped": false
                },
                {
                  "title": "should handle german Umlaute",
                  "fullTitle": "Message word2char() should handle german Umlaute",
                  "timedOut": false,
                  "duration": 1,
                  "state": "passed",
                  "speed": "fast",
                  "pass": true,
                  "fail": false,
                  "pending": false,
                  "context": null,
                  "code": "assert.deepStrictEqual(Message.word2chars('Käse'), [11, 1, 5, 19, 5]);",
                  "err": {},
                  "uuid": "7d89ae26-61aa-41ea-ba18-d0cf9b3b9d87",
                  "parentUUID": "eaa59e33-ea24-4823-8918-947051e41ea8",
                  "isHook": false,
                  "skipped": false
                },
                {
                  "title": "should handle color emojis",
                  "fullTitle": "Message word2char() should handle color emojis",
                  "timedOut": false,
                  "duration": 0,
                  "state": "passed",
                  "speed": "fast",
                  "pass": true,
                  "fail": false,
                  "pending": false,
                  "context": null,
                  "code": "assert.deepStrictEqual(Message.word2chars('🟥🟧🟨🟩🟦🟪⬜⬛'), [63, 64, 65, 66, 67, 68, 69, 0]);",
                  "err": {},
                  "uuid": "20224eec-25c2-4961-90bc-f2928b467960",
                  "parentUUID": "eaa59e33-ea24-4823-8918-947051e41ea8",
                  "isHook": false,
                  "skipped": false
                },
                {
                  "title": "should remove special chars",
                  "fullTitle": "Message word2char() should remove special chars",
                  "timedOut": false,
                  "duration": 0,
                  "state": "passed",
                  "speed": "fast",
                  "pass": true,
                  "fail": false,
                  "pending": false,
                  "context": null,
                  "code": "assert.deepStrictEqual(Message.word2chars('Héllo'), [8, 60, 12, 12, 15]);",
                  "err": {},
                  "uuid": "f446f3fc-3fdd-4097-81bd-26487e02a793",
                  "parentUUID": "eaa59e33-ea24-4823-8918-947051e41ea8",
                  "isHook": false,
                  "skipped": false
                }
              ],
              "suites": [],
              "passes": [
                "939cb409-e9dd-47f8-9990-73090c3e57dc",
                "7d89ae26-61aa-41ea-ba18-d0cf9b3b9d87",
                "20224eec-25c2-4961-90bc-f2928b467960",
                "f446f3fc-3fdd-4097-81bd-26487e02a793"
              ],
              "failures": [],
              "pending": [],
              "skipped": [],
              "duration": 1,
              "root": false,
              "rootEmpty": false,
              "_timeout": 2000
            },
            {
              "uuid": "2d9aaf77-0183-4f06-879c-ed43f12ea0d8",
              "title": "centerLines()",
              "fullFile": "/home/runner/work/vestaboard2mqtt/vestaboard2mqtt/test/lib/message.ts",
              "file": "/test/lib/message.ts",
              "beforeHooks": [],
              "afterHooks": [],
              "tests": [
                {
                  "title": "should work",
                  "fullTitle": "Message centerLines() should work",
                  "timedOut": false,
                  "duration": 2,
                  "state": "passed",
                  "speed": "fast",
                  "pass": true,
                  "fail": false,
                  "pending": false,
                  "context": null,
                  "code": "const msg = new Message();\nmsg.write('Hello World');\nmsg.write('This is a test.', { line: MessageWriteOptionsLine.NEXT });\nmsg.centerLines();\nassert.strictEqual(msg.toString(), '#==============================================#\\n' +\n    '#           H E L L O   W O R L D              #\\n' +\n    '#       T H I S   I S   A   T E S T .          #\\n' +\n    '#                                              #\\n' +\n    '#                                              #\\n' +\n    '#                                              #\\n' +\n    '#                                              #\\n' +\n    '#==============================================#\\n');",
                  "err": {},
                  "uuid": "1278a393-7a41-4fad-968a-3779df3f9a44",
                  "parentUUID": "2d9aaf77-0183-4f06-879c-ed43f12ea0d8",
                  "isHook": false,
                  "skipped": false
                }
              ],
              "suites": [],
              "passes": [
                "1278a393-7a41-4fad-968a-3779df3f9a44"
              ],
              "failures": [],
              "pending": [],
              "skipped": [],
              "duration": 2,
              "root": false,
              "rootEmpty": false,
              "_timeout": 2000
            },
            {
              "uuid": "44214d0f-cd14-4c48-8917-c65e79085d59",
              "title": "center()",
              "fullFile": "/home/runner/work/vestaboard2mqtt/vestaboard2mqtt/test/lib/message.ts",
              "file": "/test/lib/message.ts",
              "beforeHooks": [],
              "afterHooks": [],
              "tests": [
                {
                  "title": "should work",
                  "fullTitle": "Message center() should work",
                  "timedOut": false,
                  "duration": 1,
                  "state": "passed",
                  "speed": "fast",
                  "pass": true,
                  "fail": false,
                  "pending": false,
                  "context": null,
                  "code": "const msg = new Message();\nmsg.write('Hello World');\nmsg.write('This is a test.', { line: MessageWriteOptionsLine.NEXT });\nmsg.center();\nassert.strictEqual(msg.toString(), '#==============================================#\\n' +\n    '#                                              #\\n' +\n    '#                                              #\\n' +\n    '#       H E L L O   W O R L D                  #\\n' +\n    '#       T H I S   I S   A   T E S T .          #\\n' +\n    '#                                              #\\n' +\n    '#                                              #\\n' +\n    '#==============================================#\\n');",
                  "err": {},
                  "uuid": "eaf0ac37-d78c-4afd-83ac-c9754b837999",
                  "parentUUID": "44214d0f-cd14-4c48-8917-c65e79085d59",
                  "isHook": false,
                  "skipped": false
                }
              ],
              "suites": [],
              "passes": [
                "eaf0ac37-d78c-4afd-83ac-c9754b837999"
              ],
              "failures": [],
              "pending": [],
              "skipped": [],
              "duration": 1,
              "root": false,
              "rootEmpty": false,
              "_timeout": 2000
            },
            {
              "uuid": "68908716-78ae-4580-98ce-0f47b5277853",
              "title": "isEmpty()",
              "fullFile": "/home/runner/work/vestaboard2mqtt/vestaboard2mqtt/test/lib/message.ts",
              "file": "/test/lib/message.ts",
              "beforeHooks": [],
              "afterHooks": [],
              "tests": [
                {
                  "title": "should work",
                  "fullTitle": "Message isEmpty() should work",
                  "timedOut": false,
                  "duration": 0,
                  "state": "passed",
                  "speed": "fast",
                  "pass": true,
                  "fail": false,
                  "pending": false,
                  "context": null,
                  "code": "const msg = new Message();\nassert.strictEqual(msg.isEmpty(), true);\nmsg.write('Hi');\nassert.strictEqual(msg.isEmpty(), false);",
                  "err": {},
                  "uuid": "70809da7-be7e-459e-994c-0c25696df05b",
                  "parentUUID": "68908716-78ae-4580-98ce-0f47b5277853",
                  "isHook": false,
                  "skipped": false
                }
              ],
              "suites": [],
              "passes": [
                "70809da7-be7e-459e-994c-0c25696df05b"
              ],
              "failures": [],
              "pending": [],
              "skipped": [],
              "duration": 0,
              "root": false,
              "rootEmpty": false,
              "_timeout": 2000
            },
            {
              "uuid": "93c4d48c-74f4-4342-a7d0-68d4009b7184",
              "title": "toString()",
              "fullFile": "/home/runner/work/vestaboard2mqtt/vestaboard2mqtt/test/lib/message.ts",
              "file": "/test/lib/message.ts",
              "beforeHooks": [],
              "afterHooks": [],
              "tests": [
                {
                  "title": "should work with empty board",
                  "fullTitle": "Message toString() should work with empty board",
                  "timedOut": false,
                  "duration": 2,
                  "state": "passed",
                  "speed": "fast",
                  "pass": true,
                  "fail": false,
                  "pending": false,
                  "context": null,
                  "code": "const result = new Message().toString();\nconst expected = `#==============================================#\n#                                              #\n#                                              #\n#                                              #\n#                                              #\n#                                              #\n#                                              #\n#==============================================#\n`;\nassert.strictEqual(result, expected);",
                  "err": {},
                  "uuid": "d3eb30b8-7fc4-4b90-8d54-894814aec5b7",
                  "parentUUID": "93c4d48c-74f4-4342-a7d0-68d4009b7184",
                  "isHook": false,
                  "skipped": false
                },
                {
                  "title": "should work with any supported char",
                  "fullTitle": "Message toString() should work with any supported char",
                  "timedOut": false,
                  "duration": 1,
                  "state": "passed",
                  "speed": "fast",
                  "pass": true,
                  "fail": false,
                  "pending": false,
                  "context": null,
                  "code": "const board = [\n    [\n        0,\n        1,\n        2,\n        3,\n        4,\n        5,\n        6,\n        7,\n        8,\n        9,\n        10,\n        11,\n        12,\n        13,\n        14,\n        15,\n        16,\n        17,\n        18,\n        19,\n        20,\n        21\n    ],\n    [\n        22,\n        23,\n        24,\n        25,\n        26,\n        27,\n        28,\n        29,\n        30,\n        31,\n        32,\n        33,\n        34,\n        35,\n        36,\n        37,\n        38,\n        39,\n        40,\n        41,\n        42,\n        44\n    ],\n    [\n        46,\n        47,\n        48,\n        49,\n        50,\n        52,\n        53,\n        54,\n        55,\n        56,\n        59,\n        60,\n        62,\n        63,\n        64,\n        65,\n        66,\n        67,\n        68,\n        69,\n        70,\n        0\n    ],\n    [\n        0,\n        0,\n        0,\n        0,\n        0,\n        0,\n        0,\n        0,\n        0,\n        0,\n        0,\n        0,\n        0,\n        0,\n        0,\n        0,\n        0,\n        0,\n        0,\n        0,\n        0,\n        0\n    ],\n    [\n        0,\n        0,\n        0,\n        0,\n        0,\n        0,\n        0,\n        0,\n        0,\n        0,\n        0,\n        0,\n        0,\n        0,\n        0,\n        0,\n        0,\n        0,\n        0,\n        0,\n        0,\n        0\n    ],\n    [\n        0,\n        0,\n        0,\n        0,\n        0,\n        0,\n        0,\n        0,\n        0,\n        0,\n        0,\n        0,\n        0,\n        0,\n        0,\n        0,\n        0,\n        0,\n        0,\n        0,\n        0,\n        0\n    ]\n];\nconst result = new Message(board).toString();\nconst expected = `#==============================================#\n#   A B C D E F G H I J K L M N O P Q R S T U  #\n# V W X Y Z 1 2 3 4 5 6 7 8 9 0 ! @ # $ ( ) -  #\n# + & = ; : ' \" % , . / ? ° 🟥🟧🟨🟩🟦🟪⬜️     #\n#                                              #\n#                                              #\n#                                              #\n#==============================================#\n`;\nassert.strictEqual(result, expected);",
                  "err": {},
                  "uuid": "a73e131d-ab0a-44c8-b087-e5adf9ce263e",
                  "parentUUID": "93c4d48c-74f4-4342-a7d0-68d4009b7184",
                  "isHook": false,
                  "skipped": false
                }
              ],
              "suites": [],
              "passes": [
                "d3eb30b8-7fc4-4b90-8d54-894814aec5b7",
                "a73e131d-ab0a-44c8-b087-e5adf9ce263e"
              ],
              "failures": [],
              "pending": [],
              "skipped": [],
              "duration": 3,
              "root": false,
              "rootEmpty": false,
              "_timeout": 2000
            }
          ],
          "passes": [],
          "failures": [],
          "pending": [],
          "skipped": [],
          "duration": 0,
          "root": false,
          "rootEmpty": false,
          "_timeout": 2000
        }
      ],
      "passes": [],
      "failures": [],
      "pending": [],
      "skipped": [],
      "duration": 0,
      "root": true,
      "rootEmpty": true,
      "_timeout": 2000
    }
  ],
  "meta": {
    "mocha": {
      "version": "10.2.0"
    },
    "mochawesome": {
      "options": {
        "quiet": false,
        "reportFilename": "mochawesome",
        "saveHtml": true,
        "saveJson": true,
        "consoleReporter": "spec",
        "useInlineDiffs": false,
        "code": true
      },
      "version": "7.1.3"
    },
    "marge": {
      "options": null,
      "version": "6.2.0"
    }
  }
}