<?xml version="1.0" ?>
<!DOCTYPE coverage SYSTEM "http://cobertura.sourceforge.net/xml/coverage-04.dtd">
<coverage lines-valid="153" lines-covered="135" line-rate="0.8824" branches-valid="114" branches-covered="94" branch-rate="0.8245999999999999" timestamp="1633868605016" complexity="0" version="0.1">
  <sources>
    <source>/home/runner/work/vestaboard2mqtt/vestaboard2mqtt</source>
  </sources>
  <packages>
    <package name="bin" line-rate="0" branch-rate="1">
      <classes>
        <class name="start.ts" filename="src/bin/start.ts" line-rate="0" branch-rate="1">
          <methods>
            <method name="(anonymous_0)" hits="0" signature="()V">
              <lines>
                <line number="6" hits="0"/>
              </lines>
            </method>
          </methods>
          <lines>
            <line number="6" hits="0" branch="false"/>
            <line number="7" hits="0" branch="false"/>
            <line number="8" hits="0" branch="false"/>
          </lines>
        </class>
      </classes>
    </package>
    <package name="lib" line-rate="0.9" branch-rate="0.8245999999999999">
      <classes>
        <class name="cache.ts" filename="src/lib/cache.ts" line-rate="0.8043" branch-rate="0.7143">
          <methods>
            <method name="(anonymous_7)" hits="1" signature="()V">
              <lines>
                <line number="20" hits="1"/>
              </lines>
            </method>
            <method name="(anonymous_8)" hits="3" signature="()V">
              <lines>
                <line number="24" hits="3"/>
              </lines>
            </method>
            <method name="(anonymous_10)" hits="1" signature="()V">
              <lines>
                <line number="34" hits="1"/>
              </lines>
            </method>
            <method name="(anonymous_12)" hits="2" signature="()V">
              <lines>
                <line number="48" hits="2"/>
              </lines>
            </method>
            <method name="(anonymous_13)" hits="2" signature="()V">
              <lines>
                <line number="55" hits="2"/>
              </lines>
            </method>
            <method name="(anonymous_15)" hits="1" signature="()V">
              <lines>
                <line number="81" hits="1"/>
              </lines>
            </method>
            <method name="(anonymous_17)" hits="0" signature="()V">
              <lines>
                <line number="94" hits="0"/>
              </lines>
            </method>
            <method name="(anonymous_18)" hits="1" signature="()V">
              <lines>
                <line number="99" hits="1"/>
              </lines>
            </method>
            <method name="(anonymous_20)" hits="0" signature="()V">
              <lines>
                <line number="113" hits="0"/>
              </lines>
            </method>
            <method name="(anonymous_21)" hits="2" signature="()V">
              <lines>
                <line number="118" hits="2"/>
              </lines>
            </method>
          </methods>
          <lines>
            <line number="1" hits="1" branch="false"/>
            <line number="2" hits="1" branch="false"/>
            <line number="3" hits="1" branch="false"/>
            <line number="12" hits="1" branch="false"/>
            <line number="14" hits="1" branch="false"/>
            <line number="15" hits="1" branch="true" condition-coverage="50% (1/2)"/>
            <line number="18" hits="1" branch="false"/>
            <line number="21" hits="1" branch="false"/>
            <line number="25" hits="3" branch="true" condition-coverage="100% (2/2)"/>
            <line number="26" hits="2" branch="false"/>
            <line number="29" hits="1" branch="false"/>
            <line number="30" hits="1" branch="false"/>
            <line number="31" hits="1" branch="false"/>
            <line number="35" hits="1" branch="true" condition-coverage="50% (1/2)"/>
            <line number="36" hits="0" branch="false"/>
            <line number="39" hits="1" branch="false"/>
            <line number="40" hits="1" branch="false"/>
            <line number="41" hits="1" branch="false"/>
            <line number="44" hits="0" branch="false"/>
            <line number="52" hits="2" branch="true" condition-coverage="100% (3/3)"/>
            <line number="56" hits="2" branch="false"/>
            <line number="58" hits="2" branch="true" condition-coverage="100% (2/2)"/>
            <line number="63" hits="1" branch="false"/>
            <line number="66" hits="1" branch="false"/>
            <line number="67" hits="1" branch="true" condition-coverage="50% (2/4)"/>
            <line number="68" hits="0" branch="false"/>
            <line number="70" hits="1" branch="true" condition-coverage="50% (1/2)"/>
            <line number="71" hits="0" branch="false"/>
            <line number="74" hits="1" branch="true" condition-coverage="50% (2/4)"/>
            <line number="75" hits="0" branch="false"/>
            <line number="78" hits="1" branch="false"/>
            <line number="82" hits="1" branch="false"/>
            <line number="84" hits="1" branch="true" condition-coverage="50% (1/2)"/>
            <line number="85" hits="0" branch="false"/>
            <line number="88" hits="1" branch="true" condition-coverage="100% (2/2)"/>
            <line number="89" hits="1" branch="false"/>
            <line number="94" hits="1" branch="false"/>
            <line number="95" hits="0" branch="false"/>
            <line number="100" hits="1" branch="true" condition-coverage="50% (1/2)"/>
            <line number="104" hits="0" branch="false"/>
            <line number="107" hits="1" branch="false"/>
            <line number="109" hits="1" branch="true" condition-coverage="50% (1/2)"/>
            <line number="110" hits="1" branch="false"/>
            <line number="113" hits="1" branch="false"/>
            <line number="114" hits="0" branch="false"/>
            <line number="119" hits="2" branch="false"/>
          </lines>
        </class>
        <class name="message.ts" filename="src/lib/message.ts" line-rate="0.9423" branch-rate="0.8734000000000001">
          <methods>
            <method name="(anonymous_0)" hits="1" signature="()V">
              <lines>
                <line number="3" hits="1"/>
              </lines>
            </method>
            <method name="(anonymous_1)" hits="12" signature="()V">
              <lines>
                <line number="44" hits="12"/>
              </lines>
            </method>
            <method name="(anonymous_2)" hits="11" signature="()V">
              <lines>
                <line number="48" hits="11"/>
              </lines>
            </method>
            <method name="(anonymous_3)" hits="18" signature="()V">
              <lines>
                <line number="52" hits="18"/>
              </lines>
            </method>
            <method name="(anonymous_4)" hits="45" signature="()V">
              <lines>
                <line number="91" hits="45"/>
              </lines>
            </method>
            <method name="(anonymous_5)" hits="236" signature="()V">
              <lines>
                <line number="111" hits="236"/>
              </lines>
            </method>
            <method name="(anonymous_6)" hits="49" signature="()V">
              <lines>
                <line number="140" hits="49"/>
              </lines>
            </method>
            <method name="(anonymous_7)" hits="257" signature="()V">
              <lines>
                <line number="149" hits="257"/>
              </lines>
            </method>
            <method name="(anonymous_8)" hits="8574" signature="()V">
              <lines>
                <line number="151" hits="8574"/>
              </lines>
            </method>
            <method name="(anonymous_9)" hits="158" signature="()V">
              <lines>
                <line number="157" hits="158"/>
              </lines>
            </method>
            <method name="(anonymous_10)" hits="1" signature="()V">
              <lines>
                <line number="165" hits="1"/>
              </lines>
            </method>
            <method name="(anonymous_11)" hits="1" signature="()V">
              <lines>
                <line number="170" hits="1"/>
              </lines>
            </method>
            <method name="(anonymous_12)" hits="6" signature="()V">
              <lines>
                <line number="171" hits="6"/>
              </lines>
            </method>
            <method name="(anonymous_13)" hits="90" signature="()V">
              <lines>
                <line number="172" hits="90"/>
              </lines>
            </method>
            <method name="(anonymous_14)" hits="108" signature="()V">
              <lines>
                <line number="172" hits="108"/>
              </lines>
            </method>
            <method name="(anonymous_15)" hits="1" signature="()V">
              <lines>
                <line number="188" hits="1"/>
              </lines>
            </method>
            <method name="(anonymous_16)" hits="1" signature="()V">
              <lines>
                <line number="190" hits="1"/>
              </lines>
            </method>
            <method name="(anonymous_17)" hits="1" signature="()V">
              <lines>
                <line number="190" hits="1"/>
              </lines>
            </method>
            <method name="(anonymous_18)" hits="6" signature="()V">
              <lines>
                <line number="191" hits="6"/>
              </lines>
            </method>
            <method name="(anonymous_19)" hits="90" signature="()V">
              <lines>
                <line number="191" hits="90"/>
              </lines>
            </method>
            <method name="(anonymous_20)" hits="20" signature="()V">
              <lines>
                <line number="191" hits="20"/>
              </lines>
            </method>
            <method name="(anonymous_21)" hits="5" signature="()V">
              <lines>
                <line number="192" hits="5"/>
              </lines>
            </method>
            <method name="(anonymous_22)" hits="89" signature="()V">
              <lines>
                <line number="192" hits="89"/>
              </lines>
            </method>
            <method name="(anonymous_23)" hits="6" signature="()V">
              <lines>
                <line number="193" hits="6"/>
              </lines>
            </method>
            <method name="(anonymous_24)" hits="90" signature="()V">
              <lines>
                <line number="193" hits="90"/>
              </lines>
            </method>
            <method name="(anonymous_25)" hits="2" signature="()V">
              <lines>
                <line number="193" hits="2"/>
              </lines>
            </method>
            <method name="(anonymous_26)" hits="6" signature="()V">
              <lines>
                <line number="213" hits="6"/>
              </lines>
            </method>
            <method name="(anonymous_27)" hits="2" signature="()V">
              <lines>
                <line number="221" hits="2"/>
              </lines>
            </method>
            <method name="(anonymous_28)" hits="7" signature="()V">
              <lines>
                <line number="222" hits="7"/>
              </lines>
            </method>
            <method name="(anonymous_29)" hits="133" signature="()V">
              <lines>
                <line number="223" hits="133"/>
              </lines>
            </method>
            <method name="(anonymous_30)" hits="11" signature="()V">
              <lines>
                <line number="227" hits="11"/>
              </lines>
            </method>
            <method name="(anonymous_31)" hits="66" signature="()V">
              <lines>
                <line number="230" hits="66"/>
              </lines>
            </method>
            <method name="(anonymous_32)" hits="1452" signature="()V">
              <lines>
                <line number="230" hits="1452"/>
              </lines>
            </method>
            <method name="(anonymous_33)" hits="1452" signature="()V">
              <lines>
                <line number="235" hits="1452"/>
              </lines>
            </method>
            <method name="(anonymous_34)" hits="133584" signature="()V">
              <lines>
                <line number="237" hits="133584"/>
              </lines>
            </method>
            <method name="(anonymous_35)" hits="23539" signature="()V">
              <lines>
                <line number="238" hits="23539"/>
              </lines>
            </method>
            <method name="(anonymous_36)" hits="0" signature="()V">
              <lines>
                <line number="264" hits="0"/>
              </lines>
            </method>
          </methods>
          <lines>
            <line number="1" hits="1" branch="false"/>
            <line number="3" hits="1" branch="true" condition-coverage="100% (2/2)"/>
            <line number="4" hits="1" branch="false"/>
            <line number="5" hits="1" branch="false"/>
            <line number="18" hits="1" branch="false"/>
            <line number="39" hits="1" branch="false"/>
            <line number="41" hits="12" branch="false"/>
            <line number="42" hits="12" branch="false"/>
            <line number="45" hits="12" branch="false"/>
            <line number="49" hits="11" branch="false"/>
            <line number="53" hits="18" branch="false"/>
            <line number="54" hits="18" branch="true" condition-coverage="50% (1/2)"/>
            <line number="55" hits="0" branch="false"/>
            <line number="58" hits="18" branch="true" condition-coverage="100% (2/2)"/>
            <line number="59" hits="4" branch="true" condition-coverage="100% (2/2)"/>
            <line number="61" hits="14" branch="true" condition-coverage="75% (3/4)"/>
            <line number="62" hits="0" branch="false"/>
            <line number="63" hits="0" branch="false"/>
            <line number="65" hits="14" branch="true" condition-coverage="100% (2/2)"/>
            <line number="71" hits="6" branch="false"/>
            <line number="72" hits="6" branch="false"/>
            <line number="74" hits="8" branch="true" condition-coverage="50% (1/2)"/>
            <line number="75" hits="0" branch="false"/>
            <line number="76" hits="0" branch="false"/>
            <line number="78" hits="8" branch="true" condition-coverage="100% (2/2)"/>
            <line number="79" hits="1" branch="false"/>
            <line number="82" hits="18" branch="false"/>
            <line number="88" hits="18" branch="false"/>
            <line number="90" hits="18" branch="false"/>
            <line number="91" hits="18" branch="false"/>
            <line number="94" hits="45" branch="true" condition-coverage="100% (4/4)"/>
            <line number="95" hits="26" branch="false"/>
            <line number="96" hits="26" branch="false"/>
            <line number="99" hits="45" branch="false"/>
            <line number="100" hits="45" branch="false"/>
            <line number="111" hits="236" branch="true" condition-coverage="100% (4/4)"/>
            <line number="112" hits="1" branch="false"/>
            <line number="116" hits="44" branch="true" condition-coverage="100% (2/2)"/>
            <line number="121" hits="5" branch="false"/>
            <line number="122" hits="5" branch="false"/>
            <line number="123" hits="5" branch="false"/>
            <line number="128" hits="44" branch="true" condition-coverage="100% (2/2)"/>
            <line number="129" hits="43" branch="false"/>
            <line number="130" hits="43" branch="false"/>
            <line number="132" hits="1" branch="true" condition-coverage="75% (3/4)"/>
            <line number="133" hits="1" branch="false"/>
            <line number="134" hits="1" branch="false"/>
            <line number="137" hits="18" branch="false"/>
            <line number="141" hits="49" branch="false"/>
            <line number="142" hits="49" branch="false"/>
            <line number="143" hits="256" branch="false"/>
            <line number="146" hits="49" branch="false"/>
            <line number="150" hits="257" branch="false"/>
            <line number="151" hits="8574" branch="false"/>
            <line number="152" hits="257" branch="true" condition-coverage="100% (2/2)"/>
            <line number="153" hits="242" branch="false"/>
            <line number="156" hits="15" branch="false"/>
            <line number="157" hits="158" branch="false"/>
            <line number="158" hits="15" branch="true" condition-coverage="100% (4/4)"/>
            <line number="159" hits="12" branch="false"/>
            <line number="162" hits="3" branch="false"/>
            <line number="166" hits="1" branch="true" condition-coverage="50% (1/2)"/>
            <line number="167" hits="1" branch="false"/>
            <line number="171" hits="1" branch="false"/>
            <line number="172" hits="108" branch="false"/>
            <line number="175" hits="6" branch="true" condition-coverage="100% (4/4)"/>
            <line number="176" hits="4" branch="false"/>
            <line number="179" hits="2" branch="false"/>
            <line number="180" hits="2" branch="false"/>
            <line number="182" hits="2" branch="false"/>
            <line number="183" hits="2" branch="false"/>
            <line number="184" hits="2" branch="false"/>
            <line number="189" hits="1" branch="false"/>
            <line number="190" hits="1" branch="false"/>
            <line number="191" hits="90" branch="true" condition-coverage="100% (2/2)"/>
            <line number="192" hits="89" branch="false"/>
            <line number="193" hits="90" branch="true" condition-coverage="100% (2/2)"/>
            <line number="196" hits="1" branch="false"/>
            <line number="202" hits="1" branch="true" condition-coverage="50% (1/2)"/>
            <line number="203" hits="1" branch="false"/>
            <line number="204" hits="1" branch="true" condition-coverage="50% (1/2)"/>
            <line number="210" hits="1" branch="true" condition-coverage="50% (1/2)"/>
            <line number="211" hits="1" branch="false"/>
            <line number="213" hits="1" branch="false"/>
            <line number="214" hits="6" branch="true" condition-coverage="50% (1/2)"/>
            <line number="222" hits="2" branch="false"/>
            <line number="223" hits="133" branch="false"/>
            <line number="228" hits="11" branch="false"/>
            <line number="230" hits="1452" branch="false"/>
            <line number="236" hits="1452" branch="false"/>
            <line number="237" hits="133584" branch="false"/>
            <line number="238" hits="23539" branch="false"/>
            <line number="240" hits="1452" branch="true" condition-coverage="100% (2/2)"/>
            <line number="241" hits="1422" branch="false"/>
            <line number="244" hits="30" branch="false"/>
            <line number="246" hits="1" branch="false"/>
            <line number="248" hits="23" branch="false"/>
            <line number="250" hits="1" branch="false"/>
            <line number="252" hits="1" branch="false"/>
            <line number="254" hits="1" branch="false"/>
            <line number="256" hits="1" branch="false"/>
            <line number="258" hits="1" branch="false"/>
            <line number="260" hits="1" branch="false"/>
            <line number="265" hits="0" branch="false"/>
          </lines>
        </class>
      </classes>
    </package>
  </packages>
</coverage>
